2024-09-18 22:03:06,962 - INFO - Using device: cuda
2024-09-18 22:03:06,962 - INFO - Stage 1: Loading data...
2024-09-18 22:03:51,973 - INFO - Number of classes: 5
2024-09-18 22:03:51,973 - INFO - Stage 2: Initializing models...
2024-09-18 22:03:52,201 - INFO - Stage 3: Training Barlow Twins...
2024-09-18 22:03:52,671 - WARNING - NaN values detected in input data
2024-09-18 22:03:52,701 - WARNING - NaN values detected in input data
2024-09-18 22:03:52,733 - WARNING - NaN values detected in input data
2024-09-18 22:03:52,763 - WARNING - NaN values detected in input data
2024-09-18 22:03:52,774 - WARNING - NaN values detected in input data
2024-09-18 22:03:52,784 - WARNING - NaN values detected in input data
2024-09-18 22:03:52,795 - WARNING - NaN values detected in input data
2024-09-18 22:03:52,843 - WARNING - NaN values detected in input data
2024-09-18 22:03:52,876 - WARNING - NaN values detected in input data
2024-09-18 22:03:52,910 - WARNING - NaN values detected in input data
2024-09-18 22:03:52,921 - WARNING - NaN values detected in input data
2024-09-18 22:03:52,955 - WARNING - NaN values detected in input data
2024-09-18 22:03:52,965 - WARNING - NaN values detected in input data
2024-09-18 22:03:52,976 - WARNING - NaN values detected in input data
2024-09-18 22:03:53,002 - WARNING - NaN values detected in input data
2024-09-18 22:03:53,013 - WARNING - NaN values detected in input data
2024-09-18 22:03:53,023 - WARNING - NaN values detected in input data
2024-09-18 22:03:53,034 - WARNING - NaN values detected in input data
2024-09-18 22:03:53,044 - WARNING - NaN values detected in input data
2024-09-18 22:03:53,055 - WARNING - NaN values detected in input data
2024-09-18 22:03:53,065 - WARNING - NaN values detected in input data
2024-09-18 22:03:53,076 - WARNING - NaN values detected in input data
2024-09-18 22:03:53,087 - WARNING - NaN values detected in input data
2024-09-18 22:03:53,097 - WARNING - NaN values detected in input data
2024-09-18 22:03:53,152 - WARNING - NaN values detected in input data
2024-09-18 22:03:53,163 - WARNING - NaN values detected in input data
2024-09-18 22:03:53,173 - WARNING - NaN values detected in input data
2024-09-18 22:03:53,208 - WARNING - NaN values detected in input data
2024-09-18 22:03:53,218 - WARNING - NaN values detected in input data
2024-09-18 22:03:53,229 - WARNING - NaN values detected in input data
2024-09-18 22:03:53,239 - WARNING - NaN values detected in input data
2024-09-18 22:03:53,250 - WARNING - NaN values detected in input data
2024-09-18 22:03:53,260 - WARNING - NaN values detected in input data
2024-09-18 22:03:53,271 - WARNING - NaN values detected in input data
2024-09-18 22:03:53,276 - WARNING - NaN values detected in input data
2024-09-18 22:03:53,381 - WARNING - NaN values detected in input data
2024-09-18 22:03:53,415 - WARNING - NaN values detected in input data
2024-09-18 22:03:53,426 - WARNING - NaN values detected in input data
2024-09-18 22:03:53,436 - WARNING - NaN values detected in input data
2024-09-18 22:03:53,447 - WARNING - NaN values detected in input data
2024-09-18 22:03:53,457 - WARNING - NaN values detected in input data
2024-09-18 22:03:53,517 - WARNING - NaN values detected in input data
2024-09-18 22:03:53,528 - WARNING - NaN values detected in input data
2024-09-18 22:03:53,562 - WARNING - NaN values detected in input data
2024-09-18 22:03:53,619 - WARNING - NaN values detected in input data
2024-09-18 22:03:53,629 - WARNING - NaN values detected in input data
2024-09-18 22:03:53,640 - WARNING - NaN values detected in input data
2024-09-18 22:03:53,650 - WARNING - NaN values detected in input data
2024-09-18 22:03:53,679 - WARNING - NaN values detected in input data
2024-09-18 22:03:53,690 - WARNING - NaN values detected in input data
2024-09-18 22:03:53,700 - WARNING - NaN values detected in input data
2024-09-18 22:03:53,710 - WARNING - NaN values detected in input data
2024-09-18 22:03:53,744 - WARNING - NaN values detected in input data
2024-09-18 22:03:53,754 - WARNING - NaN values detected in input data
2024-09-18 22:03:53,764 - WARNING - NaN values detected in input data
2024-09-18 22:03:53,775 - WARNING - NaN values detected in input data
2024-09-18 22:03:53,809 - WARNING - NaN values detected in input data
2024-09-18 22:03:53,837 - WARNING - NaN values detected in input data
2024-09-18 22:03:53,848 - WARNING - NaN values detected in input data
2024-09-18 22:03:53,858 - WARNING - NaN values detected in input data
2024-09-18 22:03:53,869 - WARNING - NaN values detected in input data
2024-09-18 22:03:53,899 - WARNING - NaN values detected in input data
2024-09-18 22:03:53,910 - WARNING - NaN values detected in input data
2024-09-18 22:03:53,968 - WARNING - NaN values detected in input data
2024-09-18 22:03:53,978 - WARNING - NaN values detected in input data
2024-09-18 22:03:54,031 - WARNING - NaN values detected in input data
2024-09-18 22:03:54,041 - WARNING - NaN values detected in input data
2024-09-18 22:03:54,052 - WARNING - NaN values detected in input data
2024-09-18 22:03:54,062 - WARNING - NaN values detected in input data
2024-09-18 22:03:54,072 - WARNING - NaN values detected in input data
2024-09-18 22:03:54,083 - WARNING - NaN values detected in input data
2024-09-18 22:03:54,093 - WARNING - NaN values detected in input data
2024-09-18 22:03:54,195 - WARNING - NaN values detected in input data
2024-09-18 22:03:54,206 - WARNING - NaN values detected in input data
2024-09-18 22:03:54,217 - WARNING - NaN values detected in input data
2024-09-18 22:03:54,248 - WARNING - NaN values detected in input data
2024-09-18 22:03:54,258 - WARNING - NaN values detected in input data
2024-09-18 22:03:54,294 - WARNING - NaN values detected in input data
2024-09-18 22:03:54,306 - WARNING - NaN values detected in input data
2024-09-18 22:03:54,316 - WARNING - NaN values detected in input data
2024-09-18 22:03:54,373 - WARNING - NaN values detected in input data
2024-09-18 22:03:54,383 - WARNING - NaN values detected in input data
2024-09-18 22:03:54,394 - WARNING - NaN values detected in input data
2024-09-18 22:03:54,428 - WARNING - NaN values detected in input data
2024-09-18 22:03:54,439 - WARNING - NaN values detected in input data
2024-09-18 22:03:54,449 - WARNING - NaN values detected in input data
2024-09-18 22:03:54,508 - WARNING - NaN values detected in input data
2024-09-18 22:03:54,519 - WARNING - NaN values detected in input data
2024-09-18 22:03:54,549 - WARNING - NaN values detected in input data
2024-09-18 22:03:54,560 - WARNING - NaN values detected in input data
2024-09-18 22:03:54,595 - WARNING - NaN values detected in input data
2024-09-18 22:03:54,629 - WARNING - NaN values detected in input data
2024-09-18 22:03:54,640 - WARNING - NaN values detected in input data
2024-09-18 22:03:54,651 - WARNING - NaN values detected in input data
2024-09-18 22:03:54,661 - WARNING - NaN values detected in input data
2024-09-18 22:03:54,672 - WARNING - NaN values detected in input data
2024-09-18 22:03:54,773 - WARNING - NaN values detected in input data
2024-09-18 22:03:54,853 - WARNING - NaN values detected in input data
2024-09-18 22:03:54,864 - WARNING - NaN values detected in input data
2024-09-18 22:03:54,875 - WARNING - NaN values detected in input data
2024-09-18 22:03:54,885 - WARNING - NaN values detected in input data
2024-09-18 22:03:54,896 - WARNING - NaN values detected in input data
2024-09-18 22:03:54,925 - WARNING - NaN values detected in input data
2024-09-18 22:03:54,936 - WARNING - NaN values detected in input data
2024-09-18 22:03:55,039 - WARNING - NaN values detected in input data
2024-09-18 22:03:55,072 - WARNING - NaN values detected in input data
2024-09-18 22:03:55,127 - WARNING - NaN values detected in input data
2024-09-18 22:03:55,184 - WARNING - NaN values detected in input data
2024-09-18 22:03:55,195 - WARNING - NaN values detected in input data
2024-09-18 22:03:55,206 - WARNING - NaN values detected in input data
2024-09-18 22:03:55,216 - WARNING - NaN values detected in input data
2024-09-18 22:03:55,227 - WARNING - NaN values detected in input data
2024-09-18 22:03:55,237 - WARNING - NaN values detected in input data
2024-09-18 22:03:55,271 - WARNING - NaN values detected in input data
2024-09-18 22:03:55,326 - WARNING - NaN values detected in input data
2024-09-18 22:03:55,360 - WARNING - NaN values detected in input data
2024-09-18 22:03:55,394 - WARNING - NaN values detected in input data
2024-09-18 22:03:55,405 - WARNING - NaN values detected in input data
2024-09-18 22:03:55,439 - WARNING - NaN values detected in input data
2024-09-18 22:03:55,449 - WARNING - NaN values detected in input data
2024-09-18 22:03:55,460 - WARNING - NaN values detected in input data
2024-09-18 22:03:55,471 - WARNING - NaN values detected in input data
2024-09-18 22:03:55,525 - WARNING - NaN values detected in input data
2024-09-18 22:03:55,537 - WARNING - NaN values detected in input data
2024-09-18 22:03:55,569 - WARNING - NaN values detected in input data
2024-09-18 22:03:55,579 - WARNING - NaN values detected in input data
2024-09-18 22:03:55,615 - WARNING - NaN values detected in input data
2024-09-18 22:03:55,626 - WARNING - NaN values detected in input data
2024-09-18 22:03:55,661 - WARNING - NaN values detected in input data
2024-09-18 22:03:55,690 - WARNING - NaN values detected in input data
2024-09-18 22:03:55,724 - WARNING - NaN values detected in input data
2024-09-18 22:03:55,734 - WARNING - NaN values detected in input data
2024-09-18 22:03:55,769 - WARNING - NaN values detected in input data
2024-09-18 22:03:55,800 - WARNING - NaN values detected in input data
2024-09-18 22:03:55,834 - WARNING - NaN values detected in input data
2024-09-18 22:03:55,845 - WARNING - NaN values detected in input data
2024-09-18 22:03:55,875 - WARNING - NaN values detected in input data
2024-09-18 22:03:55,886 - WARNING - NaN values detected in input data
2024-09-18 22:03:55,921 - WARNING - NaN values detected in input data
2024-09-18 22:03:55,952 - WARNING - NaN values detected in input data
2024-09-18 22:03:55,987 - WARNING - NaN values detected in input data
2024-09-18 22:03:56,022 - WARNING - NaN values detected in input data
2024-09-18 22:03:56,033 - WARNING - NaN values detected in input data
2024-09-18 22:03:56,038 - WARNING - NaN values detected in input data
2024-09-18 22:03:56,050 - WARNING - NaN values detected in input data
2024-09-18 22:03:56,060 - WARNING - NaN values detected in input data
2024-09-18 22:03:56,071 - WARNING - NaN values detected in input data
2024-09-18 22:03:56,082 - WARNING - NaN values detected in input data
2024-09-18 22:03:56,093 - WARNING - NaN values detected in input data
2024-09-18 22:03:56,127 - WARNING - NaN values detected in input data
2024-09-18 22:03:56,138 - WARNING - NaN values detected in input data
2024-09-18 22:03:56,172 - WARNING - NaN values detected in input data
2024-09-18 22:03:56,183 - WARNING - NaN values detected in input data
2024-09-18 22:03:56,236 - WARNING - NaN values detected in input data
2024-09-18 22:03:56,293 - WARNING - NaN values detected in input data
2024-09-18 22:03:56,304 - WARNING - NaN values detected in input data
2024-09-18 22:03:56,314 - WARNING - NaN values detected in input data
2024-09-18 22:03:56,325 - WARNING - NaN values detected in input data
2024-09-18 22:03:56,383 - WARNING - NaN values detected in input data
2024-09-18 22:03:56,412 - WARNING - NaN values detected in input data
2024-09-18 22:03:56,422 - WARNING - NaN values detected in input data
2024-09-18 22:03:56,457 - WARNING - NaN values detected in input data
2024-09-18 22:03:56,467 - WARNING - NaN values detected in input data
2024-09-18 22:03:56,478 - WARNING - NaN values detected in input data
2024-09-18 22:03:56,488 - WARNING - NaN values detected in input data
2024-09-18 22:03:56,518 - WARNING - NaN values detected in input data
2024-09-18 22:03:56,529 - WARNING - NaN values detected in input data
2024-09-18 22:03:56,540 - WARNING - NaN values detected in input data
2024-09-18 22:03:56,566 - WARNING - NaN values detected in input data
2024-09-18 22:03:56,576 - WARNING - NaN values detected in input data
2024-09-18 22:03:56,587 - WARNING - NaN values detected in input data
2024-09-18 22:03:56,598 - WARNING - NaN values detected in input data
2024-09-18 22:03:56,632 - WARNING - NaN values detected in input data
2024-09-18 22:03:56,685 - WARNING - NaN values detected in input data
2024-09-18 22:03:56,719 - WARNING - NaN values detected in input data
2024-09-18 22:03:56,748 - WARNING - NaN values detected in input data
2024-09-18 22:03:56,758 - WARNING - NaN values detected in input data
2024-09-18 22:03:56,815 - WARNING - NaN values detected in input data
2024-09-18 22:03:56,826 - WARNING - NaN values detected in input data
2024-09-18 22:03:56,837 - WARNING - NaN values detected in input data
2024-09-18 22:03:56,847 - WARNING - NaN values detected in input data
2024-09-18 22:03:56,858 - WARNING - NaN values detected in input data
2024-09-18 22:03:56,868 - WARNING - NaN values detected in input data
2024-09-18 22:03:56,879 - WARNING - NaN values detected in input data
2024-09-18 22:03:56,908 - WARNING - NaN values detected in input data
2024-09-18 22:03:56,988 - WARNING - NaN values detected in input data
2024-09-18 22:03:56,999 - WARNING - NaN values detected in input data
2024-09-18 22:03:57,033 - WARNING - NaN values detected in input data
2024-09-18 22:03:57,044 - WARNING - NaN values detected in input data
2024-09-18 22:03:57,054 - WARNING - NaN values detected in input data
2024-09-18 22:03:57,065 - WARNING - NaN values detected in input data
2024-09-18 22:03:57,094 - WARNING - NaN values detected in input data
2024-09-18 22:03:57,128 - WARNING - NaN values detected in input data
2024-09-18 22:03:57,139 - WARNING - NaN values detected in input data
2024-09-18 22:03:57,149 - WARNING - NaN values detected in input data
2024-09-18 22:03:57,160 - WARNING - NaN values detected in input data
2024-09-18 22:03:57,240 - WARNING - NaN values detected in input data
2024-09-18 22:03:57,250 - WARNING - NaN values detected in input data
2024-09-18 22:03:57,279 - WARNING - NaN values detected in input data
2024-09-18 22:03:57,290 - WARNING - NaN values detected in input data
2024-09-18 22:03:57,347 - WARNING - NaN values detected in input data
2024-09-18 22:03:57,358 - WARNING - NaN values detected in input data
2024-09-18 22:03:57,388 - WARNING - NaN values detected in input data
2024-09-18 22:03:57,399 - WARNING - NaN values detected in input data
2024-09-18 22:03:57,410 - WARNING - NaN values detected in input data
2024-09-18 22:03:57,421 - WARNING - NaN values detected in input data
2024-09-18 22:03:57,466 - WARNING - NaN values detected in input data
2024-09-18 22:03:57,476 - WARNING - NaN values detected in input data
2024-09-18 22:03:57,487 - WARNING - NaN values detected in input data
2024-09-18 22:03:57,498 - WARNING - NaN values detected in input data
2024-09-18 22:03:57,509 - WARNING - NaN values detected in input data
2024-09-18 22:03:57,544 - WARNING - NaN values detected in input data
2024-09-18 22:03:57,578 - WARNING - NaN values detected in input data
2024-09-18 22:03:57,589 - WARNING - NaN values detected in input data
2024-09-18 22:03:57,595 - WARNING - NaN values detected in input data
2024-09-18 22:03:57,625 - WARNING - NaN values detected in input data
2024-09-18 22:03:57,637 - WARNING - NaN values detected in input data
2024-09-18 22:03:57,670 - WARNING - NaN values detected in input data
2024-09-18 22:03:57,681 - WARNING - NaN values detected in input data
2024-09-18 22:03:57,691 - WARNING - NaN values detected in input data
2024-09-18 22:03:57,702 - WARNING - NaN values detected in input data
2024-09-18 22:03:57,734 - WARNING - NaN values detected in input data
2024-09-18 22:03:57,767 - WARNING - NaN values detected in input data
2024-09-18 22:03:57,778 - WARNING - NaN values detected in input data
2024-09-18 22:03:57,813 - WARNING - NaN values detected in input data
2024-09-18 22:03:57,824 - WARNING - NaN values detected in input data
2024-09-18 22:03:57,834 - WARNING - NaN values detected in input data
2024-09-18 22:03:57,869 - WARNING - NaN values detected in input data
2024-09-18 22:03:57,880 - WARNING - NaN values detected in input data
2024-09-18 22:03:57,890 - WARNING - NaN values detected in input data
2024-09-18 22:03:57,901 - WARNING - NaN values detected in input data
2024-09-18 22:03:57,977 - WARNING - NaN values detected in input data
2024-09-18 22:03:57,989 - WARNING - NaN values detected in input data
2024-09-18 22:03:58,000 - WARNING - NaN values detected in input data
2024-09-18 22:03:58,035 - WARNING - NaN values detected in input data
2024-09-18 22:03:58,046 - WARNING - NaN values detected in input data
2024-09-18 22:03:58,057 - WARNING - NaN values detected in input data
2024-09-18 22:03:58,115 - WARNING - NaN values detected in input data
2024-09-18 22:03:58,144 - WARNING - NaN values detected in input data
2024-09-18 22:03:58,154 - WARNING - NaN values detected in input data
2024-09-18 22:03:58,188 - WARNING - NaN values detected in input data
2024-09-18 22:03:58,199 - WARNING - NaN values detected in input data
2024-09-18 22:03:58,210 - WARNING - NaN values detected in input data
2024-09-18 22:03:58,220 - WARNING - NaN values detected in input data
2024-09-18 22:03:58,231 - WARNING - NaN values detected in input data
2024-09-18 22:03:58,242 - WARNING - NaN values detected in input data
2024-09-18 22:03:58,253 - WARNING - NaN values detected in input data
2024-09-18 22:03:58,263 - WARNING - NaN values detected in input data
2024-09-18 22:03:58,292 - WARNING - NaN values detected in input data
2024-09-18 22:03:58,303 - WARNING - NaN values detected in input data
2024-09-18 22:03:58,338 - WARNING - NaN values detected in input data
2024-09-18 22:03:58,349 - WARNING - NaN values detected in input data
2024-09-18 22:03:58,383 - WARNING - NaN values detected in input data
2024-09-18 22:03:58,393 - WARNING - NaN values detected in input data
2024-09-18 22:03:58,427 - WARNING - NaN values detected in input data
2024-09-18 22:03:58,438 - WARNING - NaN values detected in input data
2024-09-18 22:03:58,443 - WARNING - NaN values detected in input data
2024-09-18 22:03:58,454 - WARNING - NaN values detected in input data
2024-09-18 22:03:58,465 - WARNING - NaN values detected in input data
2024-09-18 22:03:58,475 - WARNING - NaN values detected in input data
2024-09-18 22:03:58,486 - WARNING - NaN values detected in input data
2024-09-18 22:03:58,517 - WARNING - NaN values detected in input data
2024-09-18 22:03:58,553 - WARNING - NaN values detected in input data
2024-09-18 22:03:58,564 - WARNING - NaN values detected in input data
2024-09-18 22:03:58,575 - WARNING - NaN values detected in input data
2024-09-18 22:03:58,586 - WARNING - NaN values detected in input data
2024-09-18 22:03:58,615 - WARNING - NaN values detected in input data
2024-09-18 22:03:58,649 - WARNING - NaN values detected in input data
2024-09-18 22:03:58,684 - WARNING - NaN values detected in input data
2024-09-18 22:03:58,718 - WARNING - NaN values detected in input data
2024-09-18 22:03:58,728 - WARNING - NaN values detected in input data
2024-09-18 22:03:58,739 - WARNING - NaN values detected in input data
2024-09-18 22:03:58,773 - WARNING - NaN values detected in input data
2024-09-18 22:03:58,802 - WARNING - NaN values detected in input data
2024-09-18 22:03:58,813 - WARNING - NaN values detected in input data
2024-09-18 22:03:58,847 - WARNING - NaN values detected in input data
2024-09-18 22:03:58,858 - WARNING - NaN values detected in input data
2024-09-18 22:03:58,939 - WARNING - NaN values detected in input data
2024-09-18 22:03:58,950 - WARNING - NaN values detected in input data
2024-09-18 22:03:58,960 - WARNING - NaN values detected in input data
2024-09-18 22:03:58,965 - WARNING - NaN values detected in input data
2024-09-18 22:03:59,000 - WARNING - NaN values detected in input data
2024-09-18 22:03:59,011 - WARNING - NaN values detected in input data
2024-09-18 22:03:59,022 - WARNING - NaN values detected in input data
2024-09-18 22:03:59,032 - WARNING - NaN values detected in input data
2024-09-18 22:03:59,067 - WARNING - NaN values detected in input data
2024-09-18 22:03:59,077 - WARNING - NaN values detected in input data
2024-09-18 22:03:59,088 - WARNING - NaN values detected in input data
2024-09-18 22:03:59,122 - WARNING - NaN values detected in input data
2024-09-18 22:03:59,127 - WARNING - NaN values detected in input data
2024-09-18 22:03:59,162 - WARNING - NaN values detected in input data
2024-09-18 22:03:59,172 - WARNING - NaN values detected in input data
2024-09-18 22:03:59,183 - WARNING - NaN values detected in input data
2024-09-18 22:03:59,193 - WARNING - NaN values detected in input data
2024-09-18 22:03:59,204 - WARNING - NaN values detected in input data
2024-09-18 22:03:59,214 - WARNING - NaN values detected in input data
2024-09-18 22:03:59,225 - WARNING - NaN values detected in input data
2024-09-18 22:03:59,282 - WARNING - NaN values detected in input data
2024-09-18 22:03:59,311 - WARNING - NaN values detected in input data
2024-09-18 22:03:59,322 - WARNING - NaN values detected in input data
2024-09-18 22:03:59,356 - WARNING - NaN values detected in input data
2024-09-18 22:03:59,437 - WARNING - NaN values detected in input data
2024-09-18 22:03:59,471 - WARNING - NaN values detected in input data
2024-09-18 22:03:59,482 - WARNING - NaN values detected in input data
2024-09-18 22:03:59,487 - WARNING - NaN values detected in input data
2024-09-18 22:03:59,498 - WARNING - NaN values detected in input data
2024-09-18 22:03:59,533 - WARNING - NaN values detected in input data
2024-09-18 22:03:59,544 - WARNING - NaN values detected in input data
2024-09-18 22:03:59,555 - WARNING - NaN values detected in input data
2024-09-18 22:03:59,566 - WARNING - NaN values detected in input data
2024-09-18 22:03:59,624 - WARNING - NaN values detected in input data
2024-09-18 22:03:59,634 - WARNING - NaN values detected in input data
2024-09-18 22:03:59,645 - WARNING - NaN values detected in input data
2024-09-18 22:03:59,674 - WARNING - NaN values detected in input data
2024-09-18 22:03:59,684 - WARNING - NaN values detected in input data
2024-09-18 22:03:59,695 - WARNING - NaN values detected in input data
2024-09-18 22:03:59,729 - WARNING - NaN values detected in input data
2024-09-18 22:03:59,740 - WARNING - NaN values detected in input data
2024-09-18 22:03:59,750 - WARNING - NaN values detected in input data
2024-09-18 22:03:59,761 - WARNING - NaN values detected in input data
2024-09-18 22:03:59,771 - WARNING - NaN values detected in input data
2024-09-18 22:03:59,806 - WARNING - NaN values detected in input data
2024-09-18 22:03:59,858 - WARNING - NaN values detected in input data
2024-09-18 22:03:59,869 - WARNING - NaN values detected in input data
2024-09-18 22:03:59,903 - WARNING - NaN values detected in input data
2024-09-18 22:03:59,914 - WARNING - NaN values detected in input data
2024-09-18 22:03:59,925 - WARNING - NaN values detected in input data
2024-09-18 22:03:59,935 - WARNING - NaN values detected in input data
2024-09-18 22:03:59,946 - WARNING - NaN values detected in input data
2024-09-18 22:03:59,956 - WARNING - NaN values detected in input data
2024-09-18 22:03:59,966 - WARNING - NaN values detected in input data
2024-09-18 22:03:59,996 - WARNING - NaN values detected in input data
2024-09-18 22:04:00,077 - WARNING - NaN values detected in input data
2024-09-18 22:04:00,087 - WARNING - NaN values detected in input data
2024-09-18 22:04:00,098 - WARNING - NaN values detected in input data
2024-09-18 22:04:00,109 - WARNING - NaN values detected in input data
2024-09-18 22:04:00,119 - WARNING - NaN values detected in input data
2024-09-18 22:04:00,130 - WARNING - NaN values detected in input data
2024-09-18 22:04:00,185 - WARNING - NaN values detected in input data
2024-09-18 22:04:00,195 - WARNING - NaN values detected in input data
2024-09-18 22:04:00,206 - WARNING - NaN values detected in input data
2024-09-18 22:04:00,216 - WARNING - NaN values detected in input data
2024-09-18 22:04:00,227 - WARNING - NaN values detected in input data
2024-09-18 22:04:00,285 - WARNING - NaN values detected in input data
2024-09-18 22:04:00,295 - WARNING - NaN values detected in input data
2024-09-18 22:04:00,373 - WARNING - NaN values detected in input data
2024-09-18 22:04:00,384 - WARNING - NaN values detected in input data
2024-09-18 22:04:00,395 - WARNING - NaN values detected in input data
2024-09-18 22:04:00,405 - WARNING - NaN values detected in input data
2024-09-18 22:04:00,463 - WARNING - NaN values detected in input data
2024-09-18 22:04:00,497 - WARNING - NaN values detected in input data
2024-09-18 22:04:00,508 - WARNING - NaN values detected in input data
2024-09-18 22:04:00,519 - WARNING - NaN values detected in input data
2024-09-18 22:04:00,549 - WARNING - NaN values detected in input data
2024-09-18 22:04:00,583 - WARNING - NaN values detected in input data
2024-09-18 22:04:00,594 - WARNING - NaN values detected in input data
2024-09-18 22:04:00,605 - WARNING - NaN values detected in input data
2024-09-18 22:04:00,616 - WARNING - NaN values detected in input data
2024-09-18 22:04:00,650 - WARNING - NaN values detected in input data
2024-09-18 22:04:00,660 - WARNING - NaN values detected in input data
2024-09-18 22:04:00,671 - WARNING - NaN values detected in input data
2024-09-18 22:04:00,682 - WARNING - NaN values detected in input data
2024-09-18 22:04:00,758 - WARNING - NaN values detected in input data
2024-09-18 22:04:00,789 - WARNING - NaN values detected in input data
2024-09-18 22:04:00,821 - WARNING - NaN values detected in input data
2024-09-18 22:04:00,832 - WARNING - NaN values detected in input data
2024-09-18 22:04:00,843 - WARNING - NaN values detected in input data
2024-09-18 22:04:00,853 - WARNING - NaN values detected in input data
2024-09-18 22:04:00,864 - WARNING - NaN values detected in input data
2024-09-18 22:04:00,893 - WARNING - NaN values detected in input data
2024-09-18 22:04:00,946 - WARNING - NaN values detected in input data
2024-09-18 22:04:00,957 - WARNING - NaN values detected in input data
2024-09-18 22:04:01,014 - WARNING - NaN values detected in input data
2024-09-18 22:04:01,025 - WARNING - NaN values detected in input data
2024-09-18 22:04:01,059 - WARNING - NaN values detected in input data
2024-09-18 22:04:01,109 - WARNING - NaN values detected in input data
2024-09-18 22:04:01,120 - WARNING - NaN values detected in input data
2024-09-18 22:04:01,131 - WARNING - NaN values detected in input data
2024-09-18 22:04:01,142 - WARNING - NaN values detected in input data
2024-09-18 22:04:01,153 - WARNING - NaN values detected in input data
2024-09-18 22:04:01,163 - WARNING - NaN values detected in input data
2024-09-18 22:04:01,199 - WARNING - NaN values detected in input data
2024-09-18 22:04:01,210 - WARNING - NaN values detected in input data
2024-09-18 22:04:01,237 - WARNING - NaN values detected in input data
2024-09-18 22:04:01,272 - WARNING - NaN values detected in input data
2024-09-18 22:04:01,306 - WARNING - NaN values detected in input data
2024-09-18 22:04:01,316 - WARNING - NaN values detected in input data
2024-09-18 22:04:01,351 - WARNING - NaN values detected in input data
2024-09-18 22:04:01,361 - WARNING - NaN values detected in input data
2024-09-18 22:04:01,390 - WARNING - NaN values detected in input data
2024-09-18 22:04:01,401 - WARNING - NaN values detected in input data
2024-09-18 22:04:01,450 - WARNING - NaN values detected in input data
2024-09-18 22:04:01,461 - WARNING - NaN values detected in input data
2024-09-18 22:04:01,471 - WARNING - NaN values detected in input data
2024-09-18 22:04:01,482 - WARNING - NaN values detected in input data
2024-09-18 22:04:01,492 - WARNING - NaN values detected in input data
2024-09-18 22:04:01,503 - WARNING - NaN values detected in input data
2024-09-18 22:04:01,514 - WARNING - NaN values detected in input data
2024-09-18 22:04:01,525 - WARNING - NaN values detected in input data
2024-09-18 22:04:01,596 - WARNING - NaN values detected in input data
2024-09-18 22:04:01,626 - WARNING - NaN values detected in input data
2024-09-18 22:04:01,637 - WARNING - NaN values detected in input data
2024-09-18 22:04:01,666 - WARNING - NaN values detected in input data
2024-09-18 22:04:01,676 - WARNING - NaN values detected in input data
2024-09-18 22:04:01,705 - WARNING - NaN values detected in input data
2024-09-18 22:04:01,716 - WARNING - NaN values detected in input data
2024-09-18 22:04:01,727 - WARNING - NaN values detected in input data
2024-09-18 22:04:01,732 - WARNING - NaN values detected in input data
2024-09-18 22:04:01,761 - WARNING - NaN values detected in input data
2024-09-18 22:04:01,772 - WARNING - NaN values detected in input data
2024-09-18 22:04:01,782 - WARNING - NaN values detected in input data
2024-09-18 22:04:01,793 - WARNING - NaN values detected in input data
2024-09-18 22:04:01,804 - WARNING - NaN values detected in input data
2024-09-18 22:04:01,833 - WARNING - NaN values detected in input data
2024-09-18 22:04:01,862 - WARNING - NaN values detected in input data
2024-09-18 22:04:01,923 - WARNING - NaN values detected in input data
2024-09-18 22:04:01,934 - WARNING - NaN values detected in input data
2024-09-18 22:04:01,945 - WARNING - NaN values detected in input data
2024-09-18 22:04:01,955 - WARNING - NaN values detected in input data
2024-09-18 22:04:01,984 - WARNING - NaN values detected in input data
2024-09-18 22:04:01,995 - WARNING - NaN values detected in input data
2024-09-18 22:04:02,005 - WARNING - NaN values detected in input data
2024-09-18 22:04:02,068 - WARNING - NaN values detected in input data
2024-09-18 22:04:02,079 - WARNING - NaN values detected in input data
2024-09-18 22:04:02,089 - WARNING - NaN values detected in input data
2024-09-18 22:04:02,100 - WARNING - NaN values detected in input data
2024-09-18 22:04:02,146 - WARNING - NaN values detected in input data
2024-09-18 22:04:02,175 - WARNING - NaN values detected in input data
2024-09-18 22:04:02,186 - WARNING - NaN values detected in input data
2024-09-18 22:04:02,196 - WARNING - NaN values detected in input data
2024-09-18 22:04:02,220 - WARNING - NaN values detected in input data
2024-09-18 22:04:02,231 - WARNING - NaN values detected in input data
2024-09-18 22:04:02,241 - WARNING - NaN values detected in input data
2024-09-18 22:04:02,252 - WARNING - NaN values detected in input data
2024-09-18 22:04:02,262 - WARNING - NaN values detected in input data
2024-09-18 22:04:02,273 - WARNING - NaN values detected in input data
2024-09-18 22:04:02,320 - WARNING - NaN values detected in input data
2024-09-18 22:04:02,331 - WARNING - NaN values detected in input data
2024-09-18 22:04:02,357 - WARNING - NaN values detected in input data
2024-09-18 22:04:02,386 - WARNING - NaN values detected in input data
2024-09-18 22:04:02,397 - WARNING - NaN values detected in input data
2024-09-18 22:04:02,407 - WARNING - NaN values detected in input data
2024-09-18 22:04:02,418 - WARNING - NaN values detected in input data
2024-09-18 22:04:02,465 - WARNING - NaN values detected in input data
2024-09-18 22:04:02,475 - WARNING - NaN values detected in input data
2024-09-18 22:04:02,486 - WARNING - NaN values detected in input data
2024-09-18 22:04:02,496 - WARNING - NaN values detected in input data
2024-09-18 22:04:02,502 - WARNING - NaN values detected in input data
2024-09-18 22:04:02,550 - WARNING - NaN values detected in input data
2024-09-18 22:04:02,561 - WARNING - NaN values detected in input data
2024-09-18 22:04:02,572 - WARNING - NaN values detected in input data
2024-09-18 22:04:02,583 - WARNING - NaN values detected in input data
2024-09-18 22:04:02,612 - WARNING - NaN values detected in input data
2024-09-18 22:04:02,623 - WARNING - NaN values detected in input data
2024-09-18 22:04:02,633 - WARNING - NaN values detected in input data
2024-09-18 22:04:02,659 - WARNING - NaN values detected in input data
2024-09-18 22:04:02,670 - WARNING - NaN values detected in input data
2024-09-18 22:04:02,681 - WARNING - NaN values detected in input data
2024-09-18 22:04:02,710 - WARNING - NaN values detected in input data
2024-09-18 22:04:02,739 - WARNING - NaN values detected in input data
2024-09-18 22:04:02,749 - WARNING - NaN values detected in input data
2024-09-18 22:04:02,760 - WARNING - NaN values detected in input data
2024-09-18 22:04:02,770 - WARNING - NaN values detected in input data
2024-09-18 22:04:02,781 - WARNING - NaN values detected in input data
2024-09-18 22:04:02,807 - WARNING - NaN values detected in input data
2024-09-18 22:04:02,818 - WARNING - NaN values detected in input data
2024-09-18 22:04:02,848 - WARNING - NaN values detected in input data
2024-09-18 22:04:02,858 - WARNING - NaN values detected in input data
2024-09-18 22:04:02,869 - WARNING - NaN values detected in input data
2024-09-18 22:04:02,915 - WARNING - NaN values detected in input data
2024-09-18 22:04:02,926 - WARNING - NaN values detected in input data
2024-09-18 22:04:02,970 - WARNING - NaN values detected in input data
2024-09-18 22:04:02,981 - WARNING - NaN values detected in input data
2024-09-18 22:04:02,992 - WARNING - NaN values detected in input data
2024-09-18 22:04:03,002 - WARNING - NaN values detected in input data
2024-09-18 22:04:03,013 - WARNING - NaN values detected in input data
2024-09-18 22:04:03,060 - WARNING - NaN values detected in input data
2024-09-18 22:04:03,070 - WARNING - NaN values detected in input data
2024-09-18 22:04:03,099 - WARNING - NaN values detected in input data
2024-09-18 22:04:03,110 - WARNING - NaN values detected in input data
2024-09-18 22:04:03,151 - WARNING - NaN values detected in input data
2024-09-18 22:04:03,180 - WARNING - NaN values detected in input data
2024-09-18 22:04:03,208 - WARNING - NaN values detected in input data
2024-09-18 22:04:03,237 - WARNING - NaN values detected in input data
2024-09-18 22:04:03,248 - WARNING - NaN values detected in input data
2024-09-18 22:04:03,258 - WARNING - NaN values detected in input data
2024-09-18 22:04:03,320 - WARNING - NaN values detected in input data
2024-09-18 22:04:03,349 - WARNING - NaN values detected in input data
2024-09-18 22:04:03,378 - WARNING - NaN values detected in input data
2024-09-18 22:04:03,388 - WARNING - NaN values detected in input data
2024-09-18 22:04:03,399 - WARNING - NaN values detected in input data
2024-09-18 22:04:03,410 - WARNING - NaN values detected in input data
2024-09-18 22:04:03,420 - WARNING - NaN values detected in input data
2024-09-18 22:04:03,431 - WARNING - NaN values detected in input data
2024-09-18 22:04:03,472 - WARNING - NaN values detected in input data
2024-09-18 22:04:03,501 - WARNING - NaN values detected in input data
2024-09-18 22:04:03,512 - WARNING - NaN values detected in input data
2024-09-18 22:04:03,542 - WARNING - NaN values detected in input data
2024-09-18 22:04:03,553 - WARNING - NaN values detected in input data
2024-09-18 22:04:03,582 - WARNING - NaN values detected in input data
2024-09-18 22:04:03,593 - WARNING - NaN values detected in input data
2024-09-18 22:04:03,672 - WARNING - NaN values detected in input data
2024-09-18 22:04:03,683 - WARNING - NaN values detected in input data
2024-09-18 22:04:03,712 - WARNING - NaN values detected in input data
2024-09-18 22:04:03,723 - WARNING - NaN values detected in input data
2024-09-18 22:04:03,752 - WARNING - NaN values detected in input data
2024-09-18 22:04:03,763 - WARNING - NaN values detected in input data
2024-09-18 22:04:03,768 - WARNING - NaN values detected in input data
2024-09-18 22:04:03,779 - WARNING - NaN values detected in input data
2024-09-18 22:04:03,790 - WARNING - NaN values detected in input data
2024-09-18 22:04:03,855 - WARNING - NaN values detected in input data
2024-09-18 22:04:03,901 - WARNING - NaN values detected in input data
2024-09-18 22:04:03,930 - WARNING - NaN values detected in input data
2024-09-18 22:04:03,935 - WARNING - NaN values detected in input data
2024-09-18 22:04:03,946 - WARNING - NaN values detected in input data
2024-09-18 22:04:03,957 - WARNING - NaN values detected in input data
2024-09-18 22:04:03,986 - WARNING - NaN values detected in input data
2024-09-18 22:04:03,996 - WARNING - NaN values detected in input data
2024-09-18 22:04:04,007 - WARNING - NaN values detected in input data
2024-09-18 22:04:04,072 - WARNING - NaN values detected in input data
2024-09-18 22:04:04,082 - WARNING - NaN values detected in input data
2024-09-18 22:04:04,124 - WARNING - NaN values detected in input data
2024-09-18 22:04:04,153 - WARNING - NaN values detected in input data
2024-09-18 22:04:04,164 - WARNING - NaN values detected in input data
2024-09-18 22:04:04,174 - WARNING - NaN values detected in input data
2024-09-18 22:04:04,185 - WARNING - NaN values detected in input data
2024-09-18 22:04:04,195 - WARNING - NaN values detected in input data
2024-09-18 22:04:04,224 - WARNING - NaN values detected in input data
2024-09-18 22:04:04,235 - WARNING - NaN values detected in input data
2024-09-18 22:04:04,276 - WARNING - NaN values detected in input data
2024-09-18 22:04:04,305 - WARNING - NaN values detected in input data
2024-09-18 22:04:04,315 - WARNING - NaN values detected in input data
2024-09-18 22:04:04,344 - WARNING - NaN values detected in input data
2024-09-18 22:04:04,355 - WARNING - NaN values detected in input data
2024-09-18 22:04:04,366 - WARNING - NaN values detected in input data
2024-09-18 22:04:04,410 - WARNING - NaN values detected in input data
2024-09-18 22:04:04,421 - WARNING - NaN values detected in input data
2024-09-18 22:04:04,432 - WARNING - NaN values detected in input data
2024-09-18 22:04:04,442 - WARNING - NaN values detected in input data
2024-09-18 22:04:04,489 - WARNING - NaN values detected in input data
2024-09-18 22:04:04,500 - WARNING - NaN values detected in input data
2024-09-18 22:04:04,511 - WARNING - NaN values detected in input data
2024-09-18 22:04:04,522 - WARNING - NaN values detected in input data
2024-09-18 22:04:04,551 - WARNING - NaN values detected in input data
2024-09-18 22:04:04,556 - WARNING - NaN values detected in input data
2024-09-18 22:04:04,586 - WARNING - NaN values detected in input data
2024-09-18 22:04:04,634 - WARNING - NaN values detected in input data
2024-09-18 22:04:04,662 - WARNING - NaN values detected in input data
2024-09-18 22:04:04,673 - WARNING - NaN values detected in input data
2024-09-18 22:04:04,683 - WARNING - NaN values detected in input data
2024-09-18 22:04:04,694 - WARNING - NaN values detected in input data
2024-09-18 22:04:04,705 - WARNING - NaN values detected in input data
2024-09-18 22:04:04,710 - WARNING - NaN values detected in input data
2024-09-18 22:04:04,739 - WARNING - NaN values detected in input data
2024-09-18 22:04:04,750 - WARNING - NaN values detected in input data
2024-09-18 22:04:04,778 - WARNING - NaN values detected in input data
2024-09-18 22:04:04,825 - WARNING - NaN values detected in input data
2024-09-18 22:04:04,835 - WARNING - NaN values detected in input data
2024-09-18 22:04:04,864 - WARNING - NaN values detected in input data
2024-09-18 22:04:04,869 - WARNING - NaN values detected in input data
2024-09-18 22:04:04,880 - WARNING - NaN values detected in input data
2024-09-18 22:04:04,891 - WARNING - NaN values detected in input data
2024-09-18 22:04:04,901 - WARNING - NaN values detected in input data
2024-09-18 22:04:04,912 - WARNING - NaN values detected in input data
2024-09-18 22:04:04,922 - WARNING - NaN values detected in input data
2024-09-18 22:04:04,933 - WARNING - NaN values detected in input data
2024-09-18 22:04:04,943 - WARNING - NaN values detected in input data
2024-09-18 22:04:04,990 - WARNING - NaN values detected in input data
2024-09-18 22:04:05,052 - WARNING - NaN values detected in input data
2024-09-18 22:04:05,062 - WARNING - NaN values detected in input data
2024-09-18 22:04:05,073 - WARNING - NaN values detected in input data
2024-09-18 22:04:05,102 - WARNING - NaN values detected in input data
2024-09-18 22:04:05,130 - WARNING - NaN values detected in input data
2024-09-18 22:04:05,141 - WARNING - NaN values detected in input data
2024-09-18 22:04:05,151 - WARNING - NaN values detected in input data
2024-09-18 22:04:05,162 - WARNING - NaN values detected in input data
2024-09-18 22:04:05,203 - WARNING - NaN values detected in input data
2024-09-18 22:04:05,214 - WARNING - NaN values detected in input data
2024-09-18 22:04:05,296 - WARNING - NaN values detected in input data
2024-09-18 22:04:05,306 - WARNING - NaN values detected in input data
2024-09-18 22:04:05,317 - WARNING - NaN values detected in input data
2024-09-18 22:04:05,327 - WARNING - NaN values detected in input data
2024-09-18 22:04:05,351 - WARNING - NaN values detected in input data
2024-09-18 22:04:05,380 - WARNING - NaN values detected in input data
2024-09-18 22:04:05,390 - WARNING - NaN values detected in input data
2024-09-18 22:04:05,419 - WARNING - NaN values detected in input data
2024-09-18 22:04:05,430 - WARNING - NaN values detected in input data
2024-09-18 22:04:05,440 - WARNING - NaN values detected in input data
2024-09-18 22:04:05,469 - WARNING - NaN values detected in input data
2024-09-18 22:04:05,480 - WARNING - NaN values detected in input data
2024-09-18 22:04:05,485 - WARNING - NaN values detected in input data
2024-09-18 22:04:05,496 - WARNING - NaN values detected in input data
2024-09-18 22:04:05,507 - WARNING - NaN values detected in input data
2024-09-18 22:04:05,536 - WARNING - NaN values detected in input data
2024-09-18 22:04:05,566 - WARNING - NaN values detected in input data
2024-09-18 22:04:05,577 - WARNING - NaN values detected in input data
2024-09-18 22:04:05,587 - WARNING - NaN values detected in input data
2024-09-18 22:04:05,598 - WARNING - NaN values detected in input data
2024-09-18 22:04:05,660 - WARNING - NaN values detected in input data
2024-09-18 22:04:05,671 - WARNING - NaN values detected in input data
2024-09-18 22:04:05,681 - WARNING - NaN values detected in input data
2024-09-18 22:04:05,692 - WARNING - NaN values detected in input data
2024-09-18 22:04:05,721 - WARNING - NaN values detected in input data
2024-09-18 22:04:05,731 - WARNING - NaN values detected in input data
2024-09-18 22:04:05,778 - WARNING - NaN values detected in input data
2024-09-18 22:04:05,788 - WARNING - NaN values detected in input data
2024-09-18 22:04:05,812 - WARNING - NaN values detected in input data
2024-09-18 22:04:05,823 - WARNING - NaN values detected in input data
2024-09-18 22:04:05,853 - WARNING - NaN values detected in input data
2024-09-18 22:04:05,882 - WARNING - NaN values detected in input data
2024-09-18 22:04:05,892 - WARNING - NaN values detected in input data
2024-09-18 22:04:05,903 - WARNING - NaN values detected in input data
2024-09-18 22:04:05,932 - WARNING - NaN values detected in input data
2024-09-18 22:04:05,943 - WARNING - NaN values detected in input data
2024-09-18 22:04:05,966 - WARNING - NaN values detected in input data
2024-09-18 22:04:06,013 - WARNING - NaN values detected in input data
2024-09-18 22:04:06,041 - WARNING - NaN values detected in input data
2024-09-18 22:04:06,052 - WARNING - NaN values detected in input data
2024-09-18 22:04:06,080 - WARNING - NaN values detected in input data
2024-09-18 22:04:06,091 - WARNING - NaN values detected in input data
2024-09-18 22:04:06,102 - WARNING - NaN values detected in input data
2024-09-18 22:04:06,107 - WARNING - NaN values detected in input data
2024-09-18 22:04:06,118 - WARNING - NaN values detected in input data
2024-09-18 22:04:06,146 - WARNING - NaN values detected in input data
2024-09-18 22:04:06,157 - WARNING - NaN values detected in input data
2024-09-18 22:04:06,186 - WARNING - NaN values detected in input data
2024-09-18 22:04:06,196 - WARNING - NaN values detected in input data
2024-09-18 22:04:06,207 - WARNING - NaN values detected in input data
2024-09-18 22:04:06,217 - WARNING - NaN values detected in input data
2024-09-18 22:04:06,246 - WARNING - NaN values detected in input data
2024-09-18 22:04:06,251 - WARNING - NaN values detected in input data
2024-09-18 22:04:06,280 - WARNING - NaN values detected in input data
2024-09-18 22:04:06,291 - WARNING - NaN values detected in input data
2024-09-18 22:04:06,319 - WARNING - NaN values detected in input data
2024-09-18 22:04:06,330 - WARNING - NaN values detected in input data
2024-09-18 22:04:06,341 - WARNING - NaN values detected in input data
2024-09-18 22:04:06,351 - WARNING - NaN values detected in input data
2024-09-18 22:04:06,362 - WARNING - NaN values detected in input data
2024-09-18 22:04:06,390 - WARNING - NaN values detected in input data
2024-09-18 22:04:06,414 - WARNING - NaN values detected in input data
2024-09-18 22:04:06,442 - WARNING - NaN values detected in input data
2024-09-18 22:04:06,453 - WARNING - NaN values detected in input data
2024-09-18 22:04:06,463 - WARNING - NaN values detected in input data
2024-09-18 22:04:06,474 - WARNING - NaN values detected in input data
2024-09-18 22:04:06,484 - WARNING - NaN values detected in input data
2024-09-18 22:04:06,495 - WARNING - NaN values detected in input data
2024-09-18 22:04:06,543 - WARNING - NaN values detected in input data
2024-09-18 22:04:06,548 - WARNING - NaN values detected in input data
2024-09-18 22:04:06,578 - WARNING - NaN values detected in input data
2024-09-18 22:04:06,607 - WARNING - NaN values detected in input data
2024-09-18 22:04:06,654 - WARNING - NaN values detected in input data
2024-09-18 22:04:06,664 - WARNING - NaN values detected in input data
2024-09-18 22:04:06,675 - WARNING - NaN values detected in input data
2024-09-18 22:04:06,720 - WARNING - NaN values detected in input data
2024-09-18 22:04:06,766 - WARNING - NaN values detected in input data
2024-09-18 22:04:06,777 - WARNING - NaN values detected in input data
2024-09-18 22:04:06,788 - WARNING - NaN values detected in input data
2024-09-18 22:04:06,798 - WARNING - NaN values detected in input data
2024-09-18 22:04:06,809 - WARNING - NaN values detected in input data
2024-09-18 22:04:06,819 - WARNING - NaN values detected in input data
2024-09-18 22:04:06,830 - WARNING - NaN values detected in input data
2024-09-18 22:04:06,840 - WARNING - NaN values detected in input data
2024-09-18 22:04:06,851 - WARNING - NaN values detected in input data
2024-09-18 22:04:06,856 - WARNING - NaN values detected in input data
2024-09-18 22:04:06,867 - WARNING - NaN values detected in input data
2024-09-18 22:04:06,878 - WARNING - NaN values detected in input data
2024-09-18 22:04:06,888 - WARNING - NaN values detected in input data
