2024-09-20 12:19:32,938 - INFO - Using device: cuda
2024-09-20 12:19:32,938 - INFO - Stage 1: Loading data...
2024-09-20 12:20:05,472 - INFO - Number of classes: 5
2024-09-20 12:20:05,472 - INFO - Stage 2: Initializing models...
2024-09-20 12:20:05,702 - INFO - Stage 3: Training Barlow Twins...
2024-09-20 12:21:07,836 - INFO - Epoch 100 completed. Loss: 3.8576
2024-09-20 12:22:13,195 - INFO - Epoch 200 completed. Loss: 2.7897
2024-09-20 12:23:18,910 - INFO - Epoch 300 completed. Loss: 2.3908
2024-09-20 12:24:24,024 - INFO - Epoch 400 completed. Loss: 2.0622
2024-09-20 12:25:28,315 - INFO - Epoch 500 completed. Loss: 1.8822
2024-09-20 12:26:34,152 - INFO - Epoch 600 completed. Loss: 1.7151
2024-09-20 12:27:37,334 - INFO - Epoch 700 completed. Loss: 1.5681
2024-09-20 12:28:42,820 - INFO - Epoch 800 completed. Loss: 1.5092
2024-09-20 12:29:47,222 - INFO - Epoch 900 completed. Loss: 1.3554
2024-09-20 12:30:53,013 - INFO - Epoch 1000 completed. Loss: 1.3218
2024-09-20 12:31:56,696 - INFO - Epoch 1100 completed. Loss: 1.1791
2024-09-20 12:33:03,034 - INFO - Epoch 1200 completed. Loss: 1.1695
2024-09-20 12:34:07,034 - INFO - Epoch 1300 completed. Loss: 1.0885
2024-09-20 12:35:12,628 - INFO - Epoch 1400 completed. Loss: 1.0655
2024-09-20 12:36:15,625 - INFO - Epoch 1500 completed. Loss: 1.0579
2024-09-20 12:37:15,927 - INFO - Epoch 1600 completed. Loss: 1.0603
2024-09-20 12:38:20,385 - INFO - Epoch 1700 completed. Loss: 1.0421
2024-09-20 12:39:26,363 - INFO - Epoch 1800 completed. Loss: 1.0020
2024-09-20 12:40:31,654 - INFO - Epoch 1900 completed. Loss: 0.9637
2024-09-20 12:41:36,759 - INFO - Epoch 2000 completed. Loss: 0.9373
2024-09-20 12:42:41,295 - INFO - Epoch 2100 completed. Loss: 0.9282
2024-09-20 12:43:43,633 - INFO - Epoch 2200 completed. Loss: 1.0924
2024-09-20 12:44:49,626 - INFO - Epoch 2300 completed. Loss: 0.9967
2024-09-20 12:45:54,961 - INFO - Epoch 2400 completed. Loss: 0.9642
2024-09-20 12:46:59,517 - INFO - Epoch 2500 completed. Loss: 0.9884
2024-09-20 12:48:01,302 - INFO - Epoch 2600 completed. Loss: 0.9266
2024-09-20 12:49:01,699 - INFO - Epoch 2700 completed. Loss: 0.8881
2024-09-20 12:50:03,645 - INFO - Epoch 2800 completed. Loss: 0.9137
2024-09-20 12:51:08,895 - INFO - Epoch 2900 completed. Loss: 0.8350
2024-09-20 12:52:10,541 - INFO - Epoch 3000 completed. Loss: 0.9075
2024-09-20 12:53:14,434 - INFO - Epoch 3100 completed. Loss: 0.8703
2024-09-20 12:54:19,392 - INFO - Epoch 3200 completed. Loss: 0.9021
2024-09-20 12:55:24,008 - INFO - Epoch 3300 completed. Loss: 0.8621
2024-09-20 12:56:28,009 - INFO - Epoch 3400 completed. Loss: 0.8981
2024-09-20 12:57:29,444 - INFO - Epoch 3500 completed. Loss: 0.8959
2024-09-20 12:58:29,943 - INFO - Epoch 3600 completed. Loss: 0.8684
2024-09-20 12:59:30,738 - INFO - Epoch 3700 completed. Loss: 0.9347
2024-09-20 13:00:35,941 - INFO - Epoch 3800 completed. Loss: 0.8826
2024-09-20 13:01:41,204 - INFO - Epoch 3900 completed. Loss: 0.9186
2024-09-20 13:02:45,514 - INFO - Epoch 4000 completed. Loss: 0.8501
2024-09-20 13:03:48,362 - INFO - Epoch 4100 completed. Loss: 0.9025
2024-09-20 13:04:50,744 - INFO - Epoch 4200 completed. Loss: 0.8465
2024-09-20 13:05:51,313 - INFO - Epoch 4300 completed. Loss: 0.8696
2024-09-20 13:06:53,205 - INFO - Epoch 4400 completed. Loss: 0.8801
2024-09-20 13:07:53,658 - INFO - Epoch 4500 completed. Loss: 0.8339
2024-09-20 13:08:53,764 - INFO - Epoch 4600 completed. Loss: 0.8285
2024-09-20 13:09:56,231 - INFO - Epoch 4700 completed. Loss: 0.8485
2024-09-20 13:11:01,088 - INFO - Epoch 4800 completed. Loss: 0.8249
2024-09-20 13:12:07,172 - INFO - Epoch 4900 completed. Loss: 0.8210
2024-09-20 13:13:12,996 - INFO - Epoch 5000 completed. Loss: 0.8458
2024-09-20 13:22:37,568 - INFO - Stage 4: Preparing data for classification...
2024-09-20 13:22:37,616 - INFO - Stage 5: Generating Barlow Twins embeddings...
2024-09-20 13:22:37,624 - INFO - Embeddings saved to embedding/embedding_20240920_121932.pt
2024-09-20 13:22:37,625 - INFO - Stage 6: Preparing MLP classifier...
2024-09-20 13:22:38,031 - INFO - Stage 7: Training and evaluating MLP on original bulk data...
2024-09-20 13:22:38,032 - INFO - Training MLP on original bulk data:
2024-09-20 13:22:38,467 - INFO - Epoch [10/100], Average Loss: 0.0631
2024-09-20 13:22:39,224 - INFO - Epoch [20/100], Average Loss: 0.0083
2024-09-20 13:22:40,364 - INFO - Epoch [30/100], Average Loss: 0.0029
2024-09-20 13:22:41,233 - INFO - Epoch [40/100], Average Loss: 0.0014
2024-09-20 13:22:42,351 - INFO - Epoch [50/100], Average Loss: 0.0008
2024-09-20 13:22:43,682 - INFO - Epoch [60/100], Average Loss: 0.0005
2024-09-20 13:22:44,932 - INFO - Epoch [70/100], Average Loss: 0.0003
2024-09-20 13:22:46,235 - INFO - Epoch [80/100], Average Loss: 0.0002
2024-09-20 13:22:47,471 - INFO - Epoch [90/100], Average Loss: 0.0002
2024-09-20 13:22:48,748 - INFO - Epoch [100/100], Average Loss: 0.0001
2024-09-20 13:22:48,749 - INFO - Evaluating MLP on original bulk data:
2024-09-20 13:22:48,760 - INFO - Stage 8: Training and evaluating MLP on Barlow Twins embeddings...
2024-09-20 13:22:49,788 - INFO - Epoch [10/100], Average Loss: 1.0056
2024-09-20 13:22:50,793 - INFO - Epoch [20/100], Average Loss: 0.9276
2024-09-20 13:22:51,958 - INFO - Epoch [30/100], Average Loss: 0.9071
2024-09-20 13:22:53,208 - INFO - Epoch [40/100], Average Loss: 0.8946
2024-09-20 13:22:54,520 - INFO - Epoch [50/100], Average Loss: 0.8853
2024-09-20 13:22:55,769 - INFO - Epoch [60/100], Average Loss: 0.8774
2024-09-20 13:22:56,956 - INFO - Epoch [70/100], Average Loss: 0.8704
2024-09-20 13:22:58,050 - INFO - Epoch [80/100], Average Loss: 0.8642
2024-09-20 13:22:59,277 - INFO - Epoch [90/100], Average Loss: 0.8585
2024-09-20 13:23:00,530 - INFO - Epoch [100/100], Average Loss: 0.8534
2024-09-20 13:23:00,533 - INFO - Evaluating MLP on Barlow Twins embeddings:
2024-09-20 13:23:00,543 - INFO - All stages completed.
