2024-09-19 17:38:28,137 - INFO - Using device: cuda
2024-09-19 17:38:28,137 - INFO - Stage 1: Loading data...
2024-09-19 17:39:00,680 - INFO - Number of classes: 5
2024-09-19 17:39:00,680 - INFO - Stage 2: Initializing models...
2024-09-19 17:39:00,916 - INFO - Stage 3: Training Barlow Twins...
2024-09-19 17:39:06,090 - INFO - Stage 4: Preparing data for classification...
2024-09-19 17:39:06,125 - INFO - Stage 5: Generating Barlow Twins embeddings...
2024-09-19 17:39:06,134 - INFO - Embeddings saved to embedding/embedding_20240919_173828.pt
2024-09-19 17:39:06,134 - INFO - Stage 6: Preparing MLP classifier...
2024-09-19 17:39:06,544 - INFO - Stage 7: Training and evaluating MLP on original bulk data...
2024-09-19 17:39:06,544 - INFO - Training MLP on original bulk data:
2024-09-19 17:39:06,547 - INFO - Sample outputs: tensor([[-0.0636,  0.0936,  0.0089,  0.1482, -0.2242],
        [-0.1371,  0.2164, -0.1556,  0.1759, -0.3061],
        [-0.0939,  0.1460, -0.0140,  0.0596, -0.1308],
        [ 0.0147,  0.0704, -0.0334,  0.2319, -0.2697],
        [-0.0644,  0.0822, -0.0952,  0.0094, -0.1613]], device='cuda:0',
       grad_fn=<SliceBackward0>)
2024-09-19 17:39:06,547 - INFO - Sample labels: tensor([1, 2, 3, 2, 2], device='cuda:0')
2024-09-19 17:39:07,628 - INFO - Epoch [10/100], Average Loss: 0.0657
2024-09-19 17:39:09,019 - INFO - Epoch [20/100], Average Loss: 0.0083
2024-09-19 17:39:10,385 - INFO - Epoch [30/100], Average Loss: 0.0029
2024-09-19 17:39:11,742 - INFO - Epoch [40/100], Average Loss: 0.0014
2024-09-19 17:39:13,133 - INFO - Epoch [50/100], Average Loss: 0.0008
2024-09-19 17:39:14,589 - INFO - Epoch [60/100], Average Loss: 0.0005
2024-09-19 17:39:16,052 - INFO - Epoch [70/100], Average Loss: 0.0003
2024-09-19 17:39:17,417 - INFO - Epoch [80/100], Average Loss: 0.0002
2024-09-19 17:39:18,825 - INFO - Epoch [90/100], Average Loss: 0.0002
2024-09-19 17:39:20,141 - INFO - Epoch [100/100], Average Loss: 0.0001
2024-09-19 17:39:20,144 - INFO - Evaluating MLP on original bulk data:
2024-09-19 17:39:20,154 - INFO - Stage 8: Training and evaluating MLP on Barlow Twins embeddings...
2024-09-19 17:39:20,157 - INFO - Sample outputs: tensor([[-0.0674,  0.0243, -0.0319, -0.1667, -0.1290],
        [-0.0488, -0.0551, -0.0884, -0.1761, -0.1676],
        [-0.0211,  0.0115,  0.0691, -0.1573, -0.1623],
        [ 0.0125, -0.0615, -0.0399, -0.1496, -0.1364],
        [-0.0067, -0.0174,  0.0390, -0.1385, -0.1573]], device='cuda:0',
       grad_fn=<SliceBackward0>)
2024-09-19 17:39:20,158 - INFO - Sample labels: tensor([1, 2, 3, 2, 2], device='cuda:0')
2024-09-19 17:39:21,419 - INFO - Epoch [10/100], Average Loss: 0.9896
2024-09-19 17:39:22,743 - INFO - Epoch [20/100], Average Loss: 0.9274
2024-09-19 17:39:24,135 - INFO - Epoch [30/100], Average Loss: 0.9070
2024-09-19 17:39:25,243 - INFO - Epoch [40/100], Average Loss: 0.8935
2024-09-19 17:39:26,429 - INFO - Epoch [50/100], Average Loss: 0.8835
2024-09-19 17:39:27,827 - INFO - Epoch [60/100], Average Loss: 0.8758
2024-09-19 17:39:29,121 - INFO - Epoch [70/100], Average Loss: 0.8689
2024-09-19 17:39:30,412 - INFO - Epoch [80/100], Average Loss: 0.8623
2024-09-19 17:39:31,661 - INFO - Epoch [90/100], Average Loss: 0.8563
2024-09-19 17:39:32,946 - INFO - Epoch [100/100], Average Loss: 0.8503
2024-09-19 17:39:32,949 - INFO - Evaluating MLP on Barlow Twins embeddings:
2024-09-19 17:39:32,958 - INFO - All stages completed.
