2024-09-19 18:16:02,809 - INFO - Using device: cuda
2024-09-19 18:16:02,810 - INFO - Stage 1: Loading data...
2024-09-19 18:16:35,390 - INFO - Number of classes: 5
2024-09-19 18:16:35,390 - INFO - Stage 2: Initializing models...
2024-09-19 18:16:35,619 - INFO - Stage 3: Training Barlow Twins...
2024-09-19 18:16:40,538 - INFO - Stage 4: Preparing data for classification...
2024-09-19 18:16:40,573 - INFO - Stage 5: Generating Barlow Twins embeddings...
2024-09-19 18:16:40,584 - INFO - Embeddings saved to embedding/embedding_20240919_181602.pt
2024-09-19 18:16:40,584 - INFO - Stage 6: Preparing MLP classifier...
2024-09-19 18:16:40,990 - INFO - Stage 7: Training and evaluating MLP on original bulk data...
2024-09-19 18:16:40,990 - INFO - Training MLP on original bulk data:
2024-09-19 18:16:41,886 - INFO - Epoch [10/100], Average Loss: 0.0657
2024-09-19 18:16:43,094 - INFO - Epoch [20/100], Average Loss: 0.0083
2024-09-19 18:16:44,222 - INFO - Epoch [30/100], Average Loss: 0.0029
2024-09-19 18:16:45,519 - INFO - Epoch [40/100], Average Loss: 0.0014
2024-09-19 18:16:46,874 - INFO - Epoch [50/100], Average Loss: 0.0008
2024-09-19 18:16:48,212 - INFO - Epoch [60/100], Average Loss: 0.0005
2024-09-19 18:16:49,534 - INFO - Epoch [70/100], Average Loss: 0.0003
2024-09-19 18:16:50,806 - INFO - Epoch [80/100], Average Loss: 0.0002
2024-09-19 18:16:52,141 - INFO - Epoch [90/100], Average Loss: 0.0002
2024-09-19 18:16:53,397 - INFO - Epoch [100/100], Average Loss: 0.0001
2024-09-19 18:16:53,400 - INFO - Evaluating MLP on original bulk data:
2024-09-19 18:16:53,410 - INFO - Stage 8: Training and evaluating MLP on Barlow Twins embeddings...
2024-09-19 18:16:54,591 - INFO - Epoch [10/100], Average Loss: 0.9896
2024-09-19 18:16:55,778 - INFO - Epoch [20/100], Average Loss: 0.9274
2024-09-19 18:16:57,001 - INFO - Epoch [30/100], Average Loss: 0.9070
2024-09-19 18:16:58,153 - INFO - Epoch [40/100], Average Loss: 0.8935
2024-09-19 18:16:59,383 - INFO - Epoch [50/100], Average Loss: 0.8835
2024-09-19 18:17:00,536 - INFO - Epoch [60/100], Average Loss: 0.8758
2024-09-19 18:17:01,715 - INFO - Epoch [70/100], Average Loss: 0.8689
2024-09-19 18:17:02,964 - INFO - Epoch [80/100], Average Loss: 0.8623
2024-09-19 18:17:04,276 - INFO - Epoch [90/100], Average Loss: 0.8563
2024-09-19 18:17:05,607 - INFO - Epoch [100/100], Average Loss: 0.8503
2024-09-19 18:17:05,610 - INFO - Evaluating MLP on Barlow Twins embeddings:
2024-09-19 18:17:05,619 - INFO - All stages completed.
