2024-09-17 11:38:46,053 - INFO - Using device: cuda
2024-09-17 11:38:46,054 - INFO - Stage 1: Loading data...
2024-09-17 11:39:16,969 - INFO - Number of classes: 5
2024-09-17 11:39:16,970 - INFO - Stage 2: Initializing models...
2024-09-17 11:39:17,084 - INFO - Stage 3: Training Barlow Twins...
2024-09-17 11:40:13,426 - INFO - Epoch 100 completed. Loss: 66.4572
2024-09-17 11:41:09,442 - INFO - Epoch 200 completed. Loss: 63.1195
2024-09-17 11:42:04,341 - INFO - Epoch 300 completed. Loss: 61.4536
2024-09-17 11:42:59,418 - INFO - Epoch 400 completed. Loss: 60.6790
2024-09-17 11:43:54,543 - INFO - Epoch 500 completed. Loss: 59.8212
2024-09-17 11:44:49,664 - INFO - Epoch 600 completed. Loss: 59.7620
2024-09-17 11:45:45,152 - INFO - Epoch 700 completed. Loss: 59.3412
2024-09-17 11:46:41,135 - INFO - Epoch 800 completed. Loss: 58.7916
2024-09-17 11:47:35,775 - INFO - Epoch 900 completed. Loss: 58.6435
2024-09-17 11:48:30,054 - INFO - Epoch 1000 completed. Loss: 58.2995
2024-09-17 11:49:25,344 - INFO - Epoch 1100 completed. Loss: 58.0685
2024-09-17 11:50:20,974 - INFO - Epoch 1200 completed. Loss: 58.0417
2024-09-17 11:51:17,201 - INFO - Epoch 1300 completed. Loss: 57.9064
2024-09-17 11:52:13,314 - INFO - Epoch 1400 completed. Loss: 57.5847
2024-09-17 11:53:08,807 - INFO - Epoch 1500 completed. Loss: 57.6700
2024-09-17 11:54:04,603 - INFO - Epoch 1600 completed. Loss: 57.5805
2024-09-17 11:54:59,990 - INFO - Epoch 1700 completed. Loss: 57.3262
2024-09-17 11:55:55,867 - INFO - Epoch 1800 completed. Loss: 57.1366
2024-09-17 11:56:51,270 - INFO - Epoch 1900 completed. Loss: 57.2410
2024-09-17 11:57:46,198 - INFO - Epoch 2000 completed. Loss: 57.0276
2024-09-17 11:57:50,098 - INFO - Stage 4: Preparing data for classification...
2024-09-17 11:57:50,118 - INFO - Stage 5: Generating Barlow Twins embeddings...
2024-09-17 11:57:50,123 - INFO - Embeddings saved to embedding/embedding_20240917_113846.pt
2024-09-17 11:57:50,123 - INFO - Stage 6: Preparing MLP classifier...
2024-09-17 11:57:50,377 - INFO - Stage 7: Training and evaluating MLP on original bulk data...
2024-09-17 11:57:50,377 - INFO - Training MLP on original bulk data:
2024-09-17 11:57:57,726 - INFO - Epoch [100/100], Average Loss: 0.0005
2024-09-17 11:57:57,727 - INFO - Evaluating MLP on original bulk data:
2024-09-17 11:57:57,734 - INFO - Stage 8: Training and evaluating MLP on Barlow Twins embeddings...
2024-09-17 11:58:04,751 - INFO - Epoch [100/100], Average Loss: 0.9459
2024-09-17 11:58:04,752 - INFO - Evaluating MLP on Barlow Twins embeddings:
2024-09-17 11:58:04,761 - INFO - All stages completed.
