2024-09-19 11:27:11,319 - INFO - Using device: cuda
2024-09-19 11:27:11,319 - INFO - Stage 1: Loading data...
2024-09-19 11:27:43,821 - INFO - Number of classes: 5
2024-09-19 11:27:43,821 - INFO - Stage 2: Initializing models...
2024-09-19 11:27:44,052 - INFO - Stage 3: Training Barlow Twins...
2024-09-19 11:28:48,287 - INFO - Epoch 100 completed. Loss: 3.8576
2024-09-19 11:29:53,590 - INFO - Epoch 200 completed. Loss: 2.7897
2024-09-19 11:30:55,995 - INFO - Epoch 300 completed. Loss: 2.3908
2024-09-19 11:31:56,224 - INFO - Epoch 400 completed. Loss: 2.0622
2024-09-19 11:32:56,306 - INFO - Epoch 500 completed. Loss: 1.8822
2024-09-19 11:33:57,026 - INFO - Epoch 600 completed. Loss: 1.7151
2024-09-19 11:34:58,422 - INFO - Epoch 700 completed. Loss: 1.5681
2024-09-19 11:36:01,016 - INFO - Epoch 800 completed. Loss: 1.5092
2024-09-19 11:37:06,200 - INFO - Epoch 900 completed. Loss: 1.3554
2024-09-19 11:38:10,300 - INFO - Epoch 1000 completed. Loss: 1.3218
2024-09-19 11:39:12,912 - INFO - Epoch 1100 completed. Loss: 1.1791
2024-09-19 11:40:17,286 - INFO - Epoch 1200 completed. Loss: 1.1695
2024-09-19 11:41:20,971 - INFO - Epoch 1300 completed. Loss: 1.0885
2024-09-19 11:42:21,067 - INFO - Epoch 1400 completed. Loss: 1.0655
2024-09-19 11:43:22,207 - INFO - Epoch 1500 completed. Loss: 1.0579
2024-09-19 11:44:25,328 - INFO - Epoch 1600 completed. Loss: 1.0603
2024-09-19 11:45:25,939 - INFO - Epoch 1700 completed. Loss: 1.0421
2024-09-19 11:46:26,085 - INFO - Epoch 1800 completed. Loss: 1.0020
2024-09-19 11:47:27,630 - INFO - Epoch 1900 completed. Loss: 0.9637
2024-09-19 11:48:31,577 - INFO - Epoch 2000 completed. Loss: 0.9373
2024-09-19 11:49:36,032 - INFO - Epoch 2100 completed. Loss: 0.9282
2024-09-19 11:50:37,561 - INFO - Epoch 2200 completed. Loss: 1.0924
2024-09-19 11:51:40,109 - INFO - Epoch 2300 completed. Loss: 0.9967
2024-09-19 11:52:43,709 - INFO - Epoch 2400 completed. Loss: 0.9642
2024-09-19 11:53:47,757 - INFO - Epoch 2500 completed. Loss: 0.9884
2024-09-19 11:54:52,653 - INFO - Epoch 2600 completed. Loss: 0.9266
2024-09-19 11:55:54,507 - INFO - Epoch 2700 completed. Loss: 0.8881
2024-09-19 11:56:57,537 - INFO - Epoch 2800 completed. Loss: 0.9137
2024-09-19 11:58:01,481 - INFO - Epoch 2900 completed. Loss: 0.8350
2024-09-19 11:59:07,248 - INFO - Epoch 3000 completed. Loss: 0.9075
2024-09-19 12:00:10,702 - INFO - Epoch 3100 completed. Loss: 0.8703
2024-09-19 12:01:15,734 - INFO - Epoch 3200 completed. Loss: 0.9021
2024-09-19 12:02:19,911 - INFO - Epoch 3300 completed. Loss: 0.8621
2024-09-19 12:03:25,217 - INFO - Epoch 3400 completed. Loss: 0.8981
2024-09-19 12:04:29,679 - INFO - Epoch 3500 completed. Loss: 0.8959
2024-09-19 12:05:33,513 - INFO - Epoch 3600 completed. Loss: 0.8684
2024-09-19 12:06:37,096 - INFO - Epoch 3700 completed. Loss: 0.9347
2024-09-19 12:07:37,465 - INFO - Epoch 3800 completed. Loss: 0.8826
2024-09-19 12:08:40,954 - INFO - Epoch 3900 completed. Loss: 0.9186
2024-09-19 12:09:44,209 - INFO - Epoch 4000 completed. Loss: 0.8501
2024-09-19 12:10:44,715 - INFO - Epoch 4100 completed. Loss: 0.9025
2024-09-19 12:11:45,148 - INFO - Epoch 4200 completed. Loss: 0.8465
2024-09-19 12:12:47,942 - INFO - Epoch 4300 completed. Loss: 0.8696
2024-09-19 12:13:51,333 - INFO - Epoch 4400 completed. Loss: 0.8801
2024-09-19 12:14:53,621 - INFO - Epoch 4500 completed. Loss: 0.8339
2024-09-19 12:15:58,320 - INFO - Epoch 4600 completed. Loss: 0.8285
2024-09-19 12:17:02,475 - INFO - Epoch 4700 completed. Loss: 0.8485
2024-09-19 12:18:07,634 - INFO - Epoch 4800 completed. Loss: 0.8249
2024-09-19 12:19:10,776 - INFO - Epoch 4900 completed. Loss: 0.8210
2024-09-19 12:20:12,943 - INFO - Epoch 5000 completed. Loss: 0.8458
2024-09-19 12:20:21,708 - INFO - Stage 4: Preparing data for classification...
2024-09-19 12:20:21,743 - INFO - Stage 5: Generating Barlow Twins embeddings...
2024-09-19 12:20:21,752 - INFO - Embeddings saved to embedding/embedding_20240919_112711.pt
2024-09-19 12:20:21,752 - INFO - Stage 6: Preparing MLP classifier...
2024-09-19 12:20:22,166 - INFO - Stage 7: Training and evaluating MLP on original bulk data...
2024-09-19 12:20:22,167 - INFO - Training MLP on original bulk data:
2024-09-19 12:20:34,308 - INFO - Epoch [100/100], Average Loss: 0.0001
2024-09-19 12:20:34,330 - INFO - Evaluating MLP on original bulk data:
2024-09-19 12:20:34,337 - INFO - Stage 8: Training and evaluating MLP on Barlow Twins embeddings...
2024-09-19 12:20:45,873 - INFO - Epoch [100/100], Average Loss: 0.8534
2024-09-19 12:20:45,873 - INFO - Evaluating MLP on Barlow Twins embeddings:
2024-09-19 12:20:45,882 - INFO - All stages completed.
