2024-09-19 17:47:56,931 - INFO - Using device: cuda
2024-09-19 17:47:56,932 - INFO - Stage 1: Loading data...
2024-09-19 17:48:29,341 - INFO - Number of classes: 5
2024-09-19 17:48:29,342 - INFO - Stage 2: Initializing models...
2024-09-19 17:48:29,571 - INFO - Stage 3: Training Barlow Twins...
2024-09-19 17:48:35,050 - INFO - Stage 4: Preparing data for classification...
2024-09-19 17:48:35,083 - INFO - Stage 5: Generating Barlow Twins embeddings...
2024-09-19 17:48:35,092 - INFO - Embeddings saved to embedding/embedding_20240919_174756.pt
2024-09-19 17:48:35,092 - INFO - Stage 6: Preparing MLP classifier...
2024-09-19 17:48:35,485 - INFO - Stage 7: Training and evaluating MLP on original bulk data...
2024-09-19 17:48:35,485 - INFO - Training MLP on original bulk data:
2024-09-19 17:48:36,467 - INFO - Epoch [10/100], Average Loss: 0.0657
2024-09-19 17:48:37,764 - INFO - Epoch [20/100], Average Loss: 0.0083
2024-09-19 17:48:39,090 - INFO - Epoch [30/100], Average Loss: 0.0029
2024-09-19 17:48:40,144 - INFO - Epoch [40/100], Average Loss: 0.0014
2024-09-19 17:48:41,392 - INFO - Epoch [50/100], Average Loss: 0.0008
2024-09-19 17:48:42,710 - INFO - Epoch [60/100], Average Loss: 0.0005
2024-09-19 17:48:43,807 - INFO - Epoch [70/100], Average Loss: 0.0003
2024-09-19 17:48:44,945 - INFO - Epoch [80/100], Average Loss: 0.0002
2024-09-19 17:48:46,085 - INFO - Epoch [90/100], Average Loss: 0.0002
2024-09-19 17:48:47,193 - INFO - Epoch [100/100], Average Loss: 0.0001
2024-09-19 17:48:47,194 - INFO - Evaluating MLP on original bulk data:
2024-09-19 17:48:47,203 - INFO - Stage 8: Training and evaluating MLP on Barlow Twins embeddings...
2024-09-19 17:48:48,232 - INFO - Epoch [10/100], Average Loss: 0.9896
2024-09-19 17:48:49,078 - INFO - Epoch [20/100], Average Loss: 0.9274
2024-09-19 17:48:50,099 - INFO - Epoch [30/100], Average Loss: 0.9070
2024-09-19 17:48:51,167 - INFO - Epoch [40/100], Average Loss: 0.8935
2024-09-19 17:48:52,331 - INFO - Epoch [50/100], Average Loss: 0.8835
2024-09-19 17:48:53,464 - INFO - Epoch [60/100], Average Loss: 0.8758
2024-09-19 17:48:54,594 - INFO - Epoch [70/100], Average Loss: 0.8689
2024-09-19 17:48:55,839 - INFO - Epoch [80/100], Average Loss: 0.8623
2024-09-19 17:48:56,918 - INFO - Epoch [90/100], Average Loss: 0.8563
2024-09-19 17:48:57,717 - INFO - Epoch [100/100], Average Loss: 0.8503
2024-09-19 17:48:57,718 - INFO - Evaluating MLP on Barlow Twins embeddings:
2024-09-19 17:48:57,726 - INFO - All stages completed.
