2024-09-19 18:19:55,935 - INFO - Using device: cuda
2024-09-19 18:19:55,936 - INFO - Stage 1: Loading data...
2024-09-19 18:20:28,438 - INFO - Number of classes: 5
2024-09-19 18:20:28,438 - INFO - Stage 2: Initializing models...
2024-09-19 18:20:28,665 - INFO - Stage 3: Training Barlow Twins...
2024-09-19 18:21:33,746 - INFO - Epoch 100 completed. Loss: 3.8576
2024-09-19 18:22:36,166 - INFO - Epoch 200 completed. Loss: 2.7897
2024-09-19 18:23:38,077 - INFO - Epoch 300 completed. Loss: 2.3908
2024-09-19 18:24:43,906 - INFO - Epoch 400 completed. Loss: 2.0622
2024-09-19 18:25:45,985 - INFO - Epoch 500 completed. Loss: 1.8822
2024-09-19 18:26:49,079 - INFO - Epoch 600 completed. Loss: 1.7151
2024-09-19 18:27:49,862 - INFO - Epoch 700 completed. Loss: 1.5681
2024-09-19 18:28:54,113 - INFO - Epoch 800 completed. Loss: 1.5092
2024-09-19 18:30:00,159 - INFO - Epoch 900 completed. Loss: 1.3554
2024-09-19 18:31:03,490 - INFO - Epoch 1000 completed. Loss: 1.3218
2024-09-19 18:32:04,824 - INFO - Epoch 1100 completed. Loss: 1.1791
2024-09-19 18:33:08,596 - INFO - Epoch 1200 completed. Loss: 1.1695
2024-09-19 18:34:12,090 - INFO - Epoch 1300 completed. Loss: 1.0885
2024-09-19 18:35:15,739 - INFO - Epoch 1400 completed. Loss: 1.0655
2024-09-19 18:36:22,131 - INFO - Epoch 1500 completed. Loss: 1.0579
2024-09-19 18:37:27,183 - INFO - Epoch 1600 completed. Loss: 1.0603
2024-09-19 18:38:31,696 - INFO - Epoch 1700 completed. Loss: 1.0421
2024-09-19 18:39:35,102 - INFO - Epoch 1800 completed. Loss: 1.0020
2024-09-19 18:40:40,998 - INFO - Epoch 1900 completed. Loss: 0.9637
2024-09-19 18:41:47,817 - INFO - Epoch 2000 completed. Loss: 0.9373
2024-09-19 18:42:53,193 - INFO - Epoch 2100 completed. Loss: 0.9282
2024-09-19 18:43:57,466 - INFO - Epoch 2200 completed. Loss: 1.0924
2024-09-19 18:45:02,774 - INFO - Epoch 2300 completed. Loss: 0.9967
2024-09-19 18:46:09,338 - INFO - Epoch 2400 completed. Loss: 0.9642
2024-09-19 18:47:13,780 - INFO - Epoch 2500 completed. Loss: 0.9884
2024-09-19 18:48:20,033 - INFO - Epoch 2600 completed. Loss: 0.9266
2024-09-19 18:49:23,552 - INFO - Epoch 2700 completed. Loss: 0.8881
2024-09-19 18:50:26,421 - INFO - Epoch 2800 completed. Loss: 0.9137
2024-09-19 18:51:31,929 - INFO - Epoch 2900 completed. Loss: 0.8350
2024-09-19 18:52:35,770 - INFO - Epoch 3000 completed. Loss: 0.9075
2024-09-19 18:53:36,690 - INFO - Epoch 3100 completed. Loss: 0.8703
2024-09-19 18:54:37,932 - INFO - Epoch 3200 completed. Loss: 0.9021
2024-09-19 18:55:43,092 - INFO - Epoch 3300 completed. Loss: 0.8621
2024-09-19 18:56:49,435 - INFO - Epoch 3400 completed. Loss: 0.8981
2024-09-19 18:57:52,164 - INFO - Epoch 3500 completed. Loss: 0.8959
2024-09-19 18:58:55,982 - INFO - Epoch 3600 completed. Loss: 0.8684
2024-09-19 18:59:58,717 - INFO - Epoch 3700 completed. Loss: 0.9347
2024-09-19 19:01:01,374 - INFO - Epoch 3800 completed. Loss: 0.8826
2024-09-19 19:02:05,421 - INFO - Epoch 3900 completed. Loss: 0.9186
2024-09-19 19:03:09,178 - INFO - Epoch 4000 completed. Loss: 0.8501
2024-09-19 19:04:10,135 - INFO - Epoch 4100 completed. Loss: 0.9025
2024-09-19 19:05:10,155 - INFO - Epoch 4200 completed. Loss: 0.8465
2024-09-19 19:06:10,132 - INFO - Epoch 4300 completed. Loss: 0.8696
2024-09-19 19:07:10,174 - INFO - Epoch 4400 completed. Loss: 0.8801
2024-09-19 19:08:14,622 - INFO - Epoch 4500 completed. Loss: 0.8339
2024-09-19 19:09:19,399 - INFO - Epoch 4600 completed. Loss: 0.8285
2024-09-19 19:10:22,171 - INFO - Epoch 4700 completed. Loss: 0.8485
2024-09-19 19:11:23,979 - INFO - Epoch 4800 completed. Loss: 0.8249
2024-09-19 19:12:28,875 - INFO - Epoch 4900 completed. Loss: 0.8210
2024-09-19 19:13:29,391 - INFO - Epoch 5000 completed. Loss: 0.8458
2024-09-20 12:12:39,164 - INFO - Stage 4: Preparing data for classification...
2024-09-20 12:12:39,205 - INFO - Stage 5: Generating Barlow Twins embeddings...
2024-09-20 12:12:39,214 - INFO - Embeddings saved to embedding/embedding_20240919_181955.pt
2024-09-20 12:12:39,214 - INFO - Stage 6: Preparing MLP classifier...
2024-09-20 12:12:39,600 - INFO - Stage 7: Training and evaluating MLP on original bulk data...
2024-09-20 12:12:39,600 - INFO - Training MLP on original bulk data:
2024-09-20 12:12:40,024 - INFO - Epoch [10/100], Average Loss: 0.0631
2024-09-20 12:12:40,808 - INFO - Epoch [20/100], Average Loss: 0.0083
2024-09-20 12:12:41,947 - INFO - Epoch [30/100], Average Loss: 0.0029
2024-09-20 12:12:43,087 - INFO - Epoch [40/100], Average Loss: 0.0014
2024-09-20 12:12:44,322 - INFO - Epoch [50/100], Average Loss: 0.0008
2024-09-20 12:12:45,566 - INFO - Epoch [60/100], Average Loss: 0.0005
2024-09-20 12:12:46,834 - INFO - Epoch [70/100], Average Loss: 0.0003
2024-09-20 12:12:47,887 - INFO - Epoch [80/100], Average Loss: 0.0002
2024-09-20 12:12:48,811 - INFO - Epoch [90/100], Average Loss: 0.0002
2024-09-20 12:12:50,106 - INFO - Epoch [100/100], Average Loss: 0.0001
2024-09-20 12:12:50,107 - INFO - Evaluating MLP on original bulk data:
2024-09-20 12:12:50,117 - INFO - Stage 8: Training and evaluating MLP on Barlow Twins embeddings...
2024-09-20 12:12:51,431 - INFO - Epoch [10/100], Average Loss: 1.0056
2024-09-20 12:12:52,638 - INFO - Epoch [20/100], Average Loss: 0.9276
2024-09-20 12:12:53,842 - INFO - Epoch [30/100], Average Loss: 0.9071
2024-09-20 12:12:54,934 - INFO - Epoch [40/100], Average Loss: 0.8946
2024-09-20 12:12:55,985 - INFO - Epoch [50/100], Average Loss: 0.8853
2024-09-20 12:12:57,076 - INFO - Epoch [60/100], Average Loss: 0.8774
2024-09-20 12:12:58,379 - INFO - Epoch [70/100], Average Loss: 0.8704
2024-09-20 12:12:59,642 - INFO - Epoch [80/100], Average Loss: 0.8642
2024-09-20 12:13:00,877 - INFO - Epoch [90/100], Average Loss: 0.8585
2024-09-20 12:13:02,080 - INFO - Epoch [100/100], Average Loss: 0.8534
2024-09-20 12:13:02,083 - INFO - Evaluating MLP on Barlow Twins embeddings:
2024-09-20 12:13:02,093 - INFO - All stages completed.
