2024-09-18 22:35:16,295 - INFO - Using device: cuda
2024-09-18 22:35:16,296 - INFO - Stage 1: Loading data...
2024-09-18 22:36:01,320 - INFO - Number of classes: 5
2024-09-18 22:36:01,320 - INFO - Stage 2: Initializing models...
2024-09-18 22:36:01,509 - INFO - Stage 3: Training Barlow Twins...
2024-09-18 22:37:03,078 - INFO - Epoch 100 completed. Loss: 3.3731
2024-09-18 22:38:03,518 - INFO - Epoch 200 completed. Loss: 2.4785
2024-09-18 22:39:05,961 - INFO - Epoch 300 completed. Loss: 2.1266
2024-09-18 22:40:08,571 - INFO - Epoch 400 completed. Loss: 1.8446
2024-09-18 22:41:11,256 - INFO - Epoch 500 completed. Loss: 1.6262
2024-09-18 22:42:10,798 - INFO - Epoch 600 completed. Loss: 1.4718
2024-09-18 22:43:10,340 - INFO - Epoch 700 completed. Loss: 1.3150
2024-09-18 22:44:10,056 - INFO - Epoch 800 completed. Loss: 1.2044
2024-09-18 22:45:09,609 - INFO - Epoch 900 completed. Loss: 1.1481
2024-09-18 22:46:10,527 - INFO - Epoch 1000 completed. Loss: 1.1151
2024-09-18 22:47:13,677 - INFO - Epoch 1100 completed. Loss: 1.0108
2024-09-18 22:48:13,291 - INFO - Epoch 1200 completed. Loss: 1.0072
2024-09-18 22:49:16,935 - INFO - Epoch 1300 completed. Loss: 0.9549
2024-09-18 22:50:21,575 - INFO - Epoch 1400 completed. Loss: 0.9780
2024-09-18 22:51:25,221 - INFO - Epoch 1500 completed. Loss: 0.9306
2024-09-18 22:52:27,878 - INFO - Epoch 1600 completed. Loss: 0.9477
2024-09-18 22:53:30,544 - INFO - Epoch 1700 completed. Loss: 0.9369
2024-09-18 22:54:32,790 - INFO - Epoch 1800 completed. Loss: 0.9085
2024-09-18 22:55:36,504 - INFO - Epoch 1900 completed. Loss: 0.9047
2024-09-18 22:56:39,637 - INFO - Epoch 2000 completed. Loss: 0.9303
2024-09-18 22:57:41,767 - INFO - Epoch 2100 completed. Loss: 0.8615
2024-09-18 22:58:45,803 - INFO - Epoch 2200 completed. Loss: 0.9311
2024-09-18 22:59:50,045 - INFO - Epoch 2300 completed. Loss: 0.9101
2024-09-18 23:00:52,530 - INFO - Epoch 2400 completed. Loss: 0.8825
2024-09-18 23:01:53,080 - INFO - Epoch 2500 completed. Loss: 0.8881
2024-09-18 23:02:54,283 - INFO - Epoch 2600 completed. Loss: 0.9108
2024-09-18 23:03:54,329 - INFO - Epoch 2700 completed. Loss: 0.8581
2024-09-18 23:04:53,910 - INFO - Epoch 2800 completed. Loss: 0.8461
2024-09-18 23:05:55,974 - INFO - Epoch 2900 completed. Loss: 0.8580
2024-09-18 23:06:59,275 - INFO - Epoch 3000 completed. Loss: 0.8537
2024-09-18 23:08:00,555 - INFO - Epoch 3100 completed. Loss: 0.8765
2024-09-18 23:09:00,048 - INFO - Epoch 3200 completed. Loss: 0.8341
2024-09-18 23:09:59,715 - INFO - Epoch 3300 completed. Loss: 0.8355
2024-09-18 23:11:01,207 - INFO - Epoch 3400 completed. Loss: 0.8115
2024-09-18 23:12:06,235 - INFO - Epoch 3500 completed. Loss: 0.8205
2024-09-18 23:13:10,916 - INFO - Epoch 3600 completed. Loss: 0.8814
2024-09-18 23:14:11,481 - INFO - Epoch 3700 completed. Loss: 0.7850
2024-09-18 23:15:11,857 - INFO - Epoch 3800 completed. Loss: 0.7874
2024-09-18 23:16:12,224 - INFO - Epoch 3900 completed. Loss: 0.7721
2024-09-18 23:17:15,020 - INFO - Epoch 4000 completed. Loss: 0.8050
2024-09-18 23:18:19,347 - INFO - Epoch 4100 completed. Loss: 0.8205
2024-09-18 23:19:23,726 - INFO - Epoch 4200 completed. Loss: 0.7807
2024-09-18 23:20:27,355 - INFO - Epoch 4300 completed. Loss: 0.8078
2024-09-18 23:21:26,857 - INFO - Epoch 4400 completed. Loss: 0.7871
2024-09-18 23:22:30,405 - INFO - Epoch 4500 completed. Loss: 0.8362
2024-09-18 23:23:35,032 - INFO - Epoch 4600 completed. Loss: 0.8152
2024-09-18 23:24:36,677 - INFO - Epoch 4700 completed. Loss: 0.7856
2024-09-18 23:25:36,241 - INFO - Epoch 4800 completed. Loss: 0.7737
2024-09-18 23:26:35,778 - INFO - Epoch 4900 completed. Loss: 0.7861
2024-09-18 23:27:37,383 - INFO - Epoch 5000 completed. Loss: 0.7972
2024-09-18 23:30:44,303 - INFO - Stage 4: Preparing data for classification...
2024-09-18 23:30:44,336 - INFO - Stage 5: Generating Barlow Twins embeddings...
2024-09-18 23:30:44,344 - INFO - Embeddings saved to embedding/embedding_20240918_223516.pt
2024-09-18 23:30:44,345 - INFO - Stage 6: Preparing MLP classifier...
2024-09-18 23:30:44,743 - INFO - Stage 7: Training and evaluating MLP on original bulk data...
2024-09-18 23:30:44,744 - INFO - Training MLP on original bulk data:
2024-09-18 23:30:55,307 - INFO - Epoch [100/100], Average Loss: 0.0001
2024-09-18 23:30:55,342 - INFO - Evaluating MLP on original bulk data:
2024-09-18 23:30:55,348 - INFO - Stage 8: Training and evaluating MLP on Barlow Twins embeddings...
2024-09-18 23:31:07,008 - INFO - Epoch [100/100], Average Loss: 0.8707
2024-09-18 23:31:07,023 - INFO - Evaluating MLP on Barlow Twins embeddings:
2024-09-18 23:31:07,031 - INFO - All stages completed.
