2024-09-18 11:12:02,815 - INFO - Using device: cuda
2024-09-18 11:12:02,815 - INFO - Stage 1: Loading data...
2024-09-18 11:12:46,096 - INFO - Number of classes: 5
2024-09-18 11:12:46,096 - INFO - Stage 2: Initializing models...
2024-09-18 11:12:46,318 - INFO - Stage 3: Training Barlow Twins...
2024-09-18 11:13:27,569 - INFO - Epoch 100 completed. Loss: 26.6376
2024-09-18 11:14:08,495 - INFO - Epoch 200 completed. Loss: 22.2444
2024-09-18 11:14:49,187 - INFO - Epoch 300 completed. Loss: 20.5459
2024-09-18 11:15:29,995 - INFO - Epoch 400 completed. Loss: 19.2445
2024-09-18 11:16:11,158 - INFO - Epoch 500 completed. Loss: 18.3994
2024-09-18 11:16:51,616 - INFO - Epoch 600 completed. Loss: 18.1359
2024-09-18 11:17:32,047 - INFO - Epoch 700 completed. Loss: 17.4544
2024-09-18 11:18:13,081 - INFO - Epoch 800 completed. Loss: 16.9494
2024-09-18 11:18:54,096 - INFO - Epoch 900 completed. Loss: 17.1187
2024-09-18 11:19:34,457 - INFO - Epoch 1000 completed. Loss: 16.5535
2024-09-18 11:20:15,303 - INFO - Epoch 1100 completed. Loss: 16.3122
2024-09-18 11:20:55,938 - INFO - Epoch 1200 completed. Loss: 16.0228
2024-09-18 11:21:37,166 - INFO - Epoch 1300 completed. Loss: 16.0872
2024-09-18 11:22:18,083 - INFO - Epoch 1400 completed. Loss: 15.8934
2024-09-18 11:22:58,926 - INFO - Epoch 1500 completed. Loss: 15.3541
2024-09-18 11:23:39,864 - INFO - Epoch 1600 completed. Loss: 15.2993
2024-09-18 11:24:20,850 - INFO - Epoch 1700 completed. Loss: 15.3078
2024-09-18 11:25:02,029 - INFO - Epoch 1800 completed. Loss: 15.0702
2024-09-18 11:25:43,181 - INFO - Epoch 1900 completed. Loss: 14.7309
2024-09-18 11:26:24,071 - INFO - Epoch 2000 completed. Loss: 14.9033
2024-09-18 17:29:27,673 - INFO - Stage 4: Preparing data for classification...
2024-09-18 17:29:27,705 - INFO - Stage 5: Generating Barlow Twins embeddings...
2024-09-18 17:29:27,710 - INFO - Embeddings saved to embedding/embedding_20240918_111202.pt
2024-09-18 17:29:27,710 - INFO - Stage 6: Preparing MLP classifier...
2024-09-18 17:29:27,955 - INFO - Stage 7: Training and evaluating MLP on original bulk data...
2024-09-18 17:29:27,955 - INFO - Training MLP on original bulk data:
2024-09-18 17:29:35,109 - INFO - Epoch [100/100], Average Loss: 0.0006
2024-09-18 17:29:35,110 - INFO - Evaluating MLP on original bulk data:
2024-09-18 17:29:35,120 - INFO - Stage 8: Training and evaluating MLP on Barlow Twins embeddings...
2024-09-18 17:29:41,274 - INFO - Epoch [100/100], Average Loss: 1.0336
2024-09-18 17:29:41,275 - INFO - Evaluating MLP on Barlow Twins embeddings:
2024-09-18 17:29:41,283 - INFO - All stages completed.
