2024-09-24 18:01:07,089 - INFO - Using device: cuda
2024-09-24 18:01:07,089 - INFO - Stage 1: Loading data...
2024-09-24 18:01:47,467 - INFO - Number of classes: 5
2024-09-24 18:01:47,468 - INFO - Stage 2: Initializing models...
2024-09-24 18:01:47,657 - INFO - Configuration Parameters:
2024-09-24 18:01:47,657 - INFO - seed: 42
2024-09-24 18:01:47,657 - INFO - batchsize: 128
2024-09-24 18:01:47,657 - INFO - sample_size: 1000
2024-09-24 18:01:47,657 - INFO - lambda_noise: 0.5
2024-09-24 18:01:47,657 - INFO - variance_threshold: 0.85
2024-09-24 18:01:47,657 - INFO - output_dim: 64
2024-09-24 18:01:47,657 - INFO - project_dim: 128
2024-09-24 18:01:47,657 - INFO - mlp_hidden_dim: 64
2024-09-24 18:01:47,657 - INFO - learning_rate: 0.0001
2024-09-24 18:01:47,657 - INFO - weight_decay: 0.001
2024-09-24 18:01:47,657 - INFO - num_epochs: 5000
2024-09-24 18:01:47,657 - INFO - loss_lambda_param: 0.005
2024-09-24 18:01:47,657 - INFO - scaling_method: minmax
2024-09-24 18:01:47,657 - INFO - model_save_path: ./model_checkpoints
2024-09-24 18:01:47,657 - INFO - fra_save_path: ./fra_pre
2024-09-24 18:01:47,657 - INFO - training_dataset_name: All
2024-09-24 18:01:47,657 - INFO - testing_dataset_name: Metabric
2024-09-24 18:01:47,657 - INFO - device: cuda
2024-09-24 18:01:47,657 - INFO - sc_path: ./cancer_single_cell_data/processed_data.h5ad
2024-09-24 18:01:47,657 - INFO - bulk_path: ./cancer_brca_metabric_bulk_data/data_mrna_illumina_microarray_zscores_ref_diploid_samples.txt
2024-09-24 18:01:47,658 - INFO - patient_path: ./cancer_brca_metabric_bulk_data/Tumor_Stage.txt
2024-09-24 18:01:47,658 - INFO - Model Architectures:
2024-09-24 18:01:47,658 - INFO - Encoder: Encoder(
  (layers): Sequential(
    (0): Linear(in_features=14490, out_features=2048, bias=True)
    (1): BatchNorm1d(2048, eps=1e-05, momentum=0.1, affine=True, track_running_stats=True)
    (2): ReLU()
    (3): Dropout(p=0.2, inplace=False)
    (4): Linear(in_features=2048, out_features=1024, bias=True)
    (5): BatchNorm1d(1024, eps=1e-05, momentum=0.1, affine=True, track_running_stats=True)
    (6): ReLU()
    (7): Dropout(p=0.2, inplace=False)
    (8): Linear(in_features=1024, out_features=512, bias=True)
    (9): BatchNorm1d(512, eps=1e-05, momentum=0.1, affine=True, track_running_stats=True)
    (10): ReLU()
    (11): Dropout(p=0.2, inplace=False)
    (12): Linear(in_features=512, out_features=256, bias=True)
    (13): BatchNorm1d(256, eps=1e-05, momentum=0.1, affine=True, track_running_stats=True)
    (14): ReLU()
    (15): Dropout(p=0.2, inplace=False)
    (16): Linear(in_features=256, out_features=64, bias=True)
  )
)
2024-09-24 18:01:47,658 - INFO - Projector: Projector(
  (layers): Sequential(
    (0): Linear(in_features=64, out_features=512, bias=True)
    (1): BatchNorm1d(512, eps=1e-05, momentum=0.1, affine=True, track_running_stats=True)
    (2): ReLU()
    (3): Linear(in_features=512, out_features=128, bias=True)
  )
)
2024-09-24 18:01:47,658 - INFO - MLP Bulk: MLPClassifier(
  (layers): Sequential(
    (0): Linear(in_features=14490, out_features=64, bias=True)
    (1): ReLU()
    (2): Linear(in_features=64, out_features=64, bias=True)
    (3): ReLU()
    (4): Linear(in_features=64, out_features=5, bias=True)
  )
)
2024-09-24 18:01:47,658 - INFO - MLP Embedded: MLPClassifier(
  (layers): Sequential(
    (0): Linear(in_features=64, out_features=64, bias=True)
    (1): ReLU()
    (2): Linear(in_features=64, out_features=64, bias=True)
    (3): ReLU()
    (4): Linear(in_features=64, out_features=5, bias=True)
  )
)
2024-09-24 18:01:47,658 - INFO - Stage 3: Training Barlow Twins...
2024-09-24 18:02:42,330 - INFO - Epoch 100 completed. Loss: 3.4414
2024-09-24 18:03:36,324 - INFO - Epoch 200 completed. Loss: 2.5576
