2024-09-26 17:49:09,964 - INFO - Using device: cuda
2024-09-26 17:49:09,964 - INFO - Stage 1: Loading data...
2024-09-26 17:49:24,442 - INFO - Number of classes: 5
2024-09-26 17:49:24,443 - INFO - Stage 2: Initializing models...
2024-09-26 17:49:24,492 - INFO - Configuration Parameters:
2024-09-26 17:49:24,492 - INFO - seed: 42
2024-09-26 17:49:24,492 - INFO - batchsize: 128
2024-09-26 17:49:24,492 - INFO - sample_size: 1000
2024-09-26 17:49:24,492 - INFO - lambda_noise: 0.5
2024-09-26 17:49:24,492 - INFO - variance_threshold: 0.85
2024-09-26 17:49:24,492 - INFO - output_dim: 64
2024-09-26 17:49:24,492 - INFO - project_dim: 128
2024-09-26 17:49:24,492 - INFO - mlp_hidden_dim: 64
2024-09-26 17:49:24,492 - INFO - learning_rate: 0.0001
2024-09-26 17:49:24,492 - INFO - weight_decay: 0.001
2024-09-26 17:49:24,492 - INFO - num_epochs: 5
2024-09-26 17:49:24,492 - INFO - loss_lambda_param: 0.005
2024-09-26 17:49:24,492 - INFO - scaling_method: minmax
2024-09-26 17:49:24,492 - INFO - model_save_path: ./model_checkpoints
2024-09-26 17:49:24,492 - INFO - fra_save_path: ./fra_pre
2024-09-26 17:49:24,492 - INFO - training_dataset_name: All
2024-09-26 17:49:24,492 - INFO - testing_dataset_name: Metabric
2024-09-26 17:49:24,492 - INFO - device: cuda
2024-09-26 17:49:24,492 - INFO - sc_path: ./cancer_single_cell_data/processed_data.h5ad
2024-09-26 17:49:24,492 - INFO - bulk_path: ./cancer_brca_metabric_bulk_data/data_mrna_illumina_microarray_zscores_ref_diploid_samples.txt
2024-09-26 17:49:24,492 - INFO - patient_path: ./cancer_brca_metabric_bulk_data/Tumor_Stage.txt
2024-09-26 17:49:24,492 - INFO - Model Architectures:
2024-09-26 17:49:24,493 - INFO - Encoder: Encoder(
  (layers): Sequential(
    (0): Linear(in_features=3053, out_features=2048, bias=True)
    (1): BatchNorm1d(2048, eps=1e-05, momentum=0.1, affine=True, track_running_stats=True)
    (2): ReLU()
    (3): Dropout(p=0.2, inplace=False)
    (4): Linear(in_features=2048, out_features=1024, bias=True)
    (5): BatchNorm1d(1024, eps=1e-05, momentum=0.1, affine=True, track_running_stats=True)
    (6): ReLU()
    (7): Dropout(p=0.2, inplace=False)
    (8): Linear(in_features=1024, out_features=512, bias=True)
    (9): BatchNorm1d(512, eps=1e-05, momentum=0.1, affine=True, track_running_stats=True)
    (10): ReLU()
    (11): Dropout(p=0.2, inplace=False)
    (12): Linear(in_features=512, out_features=256, bias=True)
    (13): BatchNorm1d(256, eps=1e-05, momentum=0.1, affine=True, track_running_stats=True)
    (14): ReLU()
    (15): Dropout(p=0.2, inplace=False)
    (16): Linear(in_features=256, out_features=64, bias=True)
  )
)
2024-09-26 17:49:24,493 - INFO - Projector: Projector(
  (layers): Sequential(
    (0): Linear(in_features=64, out_features=512, bias=True)
    (1): BatchNorm1d(512, eps=1e-05, momentum=0.1, affine=True, track_running_stats=True)
    (2): ReLU()
    (3): Linear(in_features=512, out_features=128, bias=True)
  )
)
2024-09-26 17:49:24,493 - INFO - MLP Bulk: MLPClassifier(
  (layers): Sequential(
    (0): Linear(in_features=3053, out_features=64, bias=True)
    (1): ReLU()
    (2): Linear(in_features=64, out_features=64, bias=True)
    (3): ReLU()
    (4): Linear(in_features=64, out_features=5, bias=True)
  )
)
2024-09-26 17:49:24,493 - INFO - MLP Embedded: MLPClassifier(
  (layers): Sequential(
    (0): Linear(in_features=64, out_features=64, bias=True)
    (1): ReLU()
    (2): Linear(in_features=64, out_features=64, bias=True)
    (3): ReLU()
    (4): Linear(in_features=64, out_features=5, bias=True)
  )
)
2024-09-26 17:49:24,493 - INFO - Stage 3: Training Barlow Twins...
2024-09-26 17:49:26,187 - INFO - Stage 4: Preparing data for classification...
2024-09-26 17:49:26,191 - INFO - Stage 5: Generating Barlow Twins embeddings...
2024-09-26 17:49:26,354 - INFO - Bulk tensor saved to result/Metabric_20240926_174909/bulk_tensor.pt
2024-09-26 17:49:26,354 - INFO - Embeddings saved to result/Metabric_20240926_174909/embedding.pt
2024-09-26 17:49:26,354 - INFO - Stage 6: Preparing MLP classifier...
2024-09-26 17:49:26,416 - INFO - Stage 7: Training and evaluating MLP on original bulk data...
2024-09-26 17:49:26,416 - INFO - Training MLP on original bulk data:
2024-09-26 17:49:27,360 - INFO - Epoch [10/100], Average Loss: 0.5878
2024-09-26 17:49:28,555 - INFO - Epoch [20/100], Average Loss: 0.1614
2024-09-26 17:49:29,783 - INFO - Epoch [30/100], Average Loss: 0.0340
2024-09-26 17:49:31,003 - INFO - Epoch [40/100], Average Loss: 0.0118
2024-09-26 17:49:32,222 - INFO - Epoch [50/100], Average Loss: 0.0056
2024-09-26 17:49:33,494 - INFO - Epoch [60/100], Average Loss: 0.0031
2024-09-26 17:49:34,829 - INFO - Epoch [70/100], Average Loss: 0.0019
2024-09-26 17:49:36,165 - INFO - Epoch [80/100], Average Loss: 0.0013
2024-09-26 17:49:37,493 - INFO - Epoch [90/100], Average Loss: 0.0009
2024-09-26 17:49:38,713 - INFO - Epoch [100/100], Average Loss: 0.0006
2024-09-26 17:49:38,713 - INFO - Evaluating MLP on original bulk data:
2024-09-26 17:49:38,717 - INFO - Confusion Matrix:
2024-09-26 17:49:38,718 - INFO - 
[[  0   1   1   0   0]
 [  0  48  58   4   0]
 [  0  30 118   2   0]
 [  0   3  23   3   0]
 [  0   0   3   0   0]]
2024-09-26 17:49:38,718 - INFO - 
Classification Report:
2024-09-26 17:49:38,718 - INFO - 
              precision    recall  f1-score   support

           0       0.00      0.00      0.00         2
           1       0.59      0.44      0.50       110
           2       0.58      0.79      0.67       150
           3       0.33      0.10      0.16        29
           4       0.00      0.00      0.00         3

    accuracy                           0.57       294
   macro avg       0.30      0.27      0.27       294
weighted avg       0.55      0.57      0.54       294

2024-09-26 17:49:38,718 - INFO - Stage 8: Training and evaluating MLP on Barlow Twins embeddings...
2024-09-26 17:49:39,769 - INFO - Epoch [10/100], Average Loss: 0.9908
2024-09-26 17:49:40,944 - INFO - Epoch [20/100], Average Loss: 0.9176
2024-09-26 17:49:42,236 - INFO - Epoch [30/100], Average Loss: 0.8972
2024-09-26 17:49:43,530 - INFO - Epoch [40/100], Average Loss: 0.8838
2024-09-26 17:49:44,822 - INFO - Epoch [50/100], Average Loss: 0.8722
2024-09-26 17:49:46,091 - INFO - Epoch [60/100], Average Loss: 0.8614
2024-09-26 17:49:47,337 - INFO - Epoch [70/100], Average Loss: 0.8512
2024-09-26 17:49:48,629 - INFO - Epoch [80/100], Average Loss: 0.8414
2024-09-26 17:49:49,925 - INFO - Epoch [90/100], Average Loss: 0.8317
2024-09-26 17:49:51,223 - INFO - Epoch [100/100], Average Loss: 0.8224
2024-09-26 17:49:51,223 - INFO - Evaluating MLP on Barlow Twins embeddings:
2024-09-26 17:49:51,233 - INFO - Confusion Matrix:
2024-09-26 17:49:51,233 - INFO - 
[[  0   1   1   0   0]
 [  0  30  80   0   0]
 [  0  23 127   0   0]
 [  0   6  23   0   0]
 [  0   0   3   0   0]]
2024-09-26 17:49:51,233 - INFO - 
Classification Report:
2024-09-26 17:49:51,233 - INFO - 
              precision    recall  f1-score   support

           0       0.00      0.00      0.00         2
           1       0.50      0.27      0.35       110
           2       0.54      0.85      0.66       150
           3       0.00      0.00      0.00        29
           4       0.00      0.00      0.00         3

    accuracy                           0.53       294
   macro avg       0.21      0.22      0.20       294
weighted avg       0.46      0.53      0.47       294

2024-09-26 17:49:51,233 - INFO - All stages completed.
