2024-10-03 11:54:35,647 - INFO - Using device: cuda
2024-10-03 11:54:35,647 - INFO - Stage 1: Loading data...
2024-10-03 11:56:36,277 - INFO - Number of classes: 5
2024-10-03 11:56:36,277 - INFO - Stage 2: Initializing models...
2024-10-03 11:56:36,486 - INFO - Configuration Parameters:
2024-10-03 11:56:36,486 - INFO - seed: 42
2024-10-03 11:56:36,486 - INFO - batchsize: 128
2024-10-03 11:56:36,486 - INFO - sample_size: 1000
2024-10-03 11:56:36,486 - INFO - lambda_noise: 0.1
2024-10-03 11:56:36,486 - INFO - variance_threshold: 0.95
2024-10-03 11:56:36,486 - INFO - output_dim: 64
2024-10-03 11:56:36,486 - INFO - hidden_dim: 256
2024-10-03 11:56:36,486 - INFO - project_dim: 256
2024-10-03 11:56:36,486 - INFO - mlp_hidden_dim: 64
2024-10-03 11:56:36,486 - INFO - learning_rate: 0.0001
2024-10-03 11:56:36,486 - INFO - weight_decay: 0.001
2024-10-03 11:56:36,487 - INFO - num_epochs: 5000
2024-10-03 11:56:36,487 - INFO - mlp_epochs: 5000
2024-10-03 11:56:36,487 - INFO - loss_lambda_param: 0.005
2024-10-03 11:56:36,487 - INFO - scaling_method: minmax
2024-10-03 11:56:36,487 - INFO - eval_metric: survival
2024-10-03 11:56:36,487 - INFO - model_save_path: ./model_checkpoints
2024-10-03 11:56:36,487 - INFO - fra_save_path: ./fra_pre
2024-10-03 11:56:36,487 - INFO - training_dataset_name: All
2024-10-03 11:56:36,487 - INFO - testing_dataset_name: Metabric
2024-10-03 11:56:36,487 - INFO - device: cuda
2024-10-03 11:56:36,487 - INFO - sc_path: ./cancer_single_cell_data/processed_data.h5ad
2024-10-03 11:56:36,487 - INFO - bulk_path: ./cancer_brca_metabric_bulk_data/data_mrna_illumina_microarray_zscores_ref_diploid_samples.txt
2024-10-03 11:56:36,487 - INFO - stage_path: ./cancer_brca_metabric_bulk_data/Tumor_Stage.txt
2024-10-03 11:56:36,487 - INFO - survival_path: ./Synapse_metabric/Clinical_Overall_Survival_Data_from_METABRIC.txt
2024-10-03 11:56:36,487 - INFO - Model Architectures:
2024-10-03 11:56:36,487 - INFO - Encoder: Encoder(
  (layers): Sequential(
    (0): Linear(in_features=16195, out_features=2048, bias=True)
    (1): BatchNorm1d(2048, eps=1e-05, momentum=0.1, affine=True, track_running_stats=True)
    (2): ReLU()
    (3): Dropout(p=0.2, inplace=False)
    (4): Linear(in_features=2048, out_features=1024, bias=True)
    (5): BatchNorm1d(1024, eps=1e-05, momentum=0.1, affine=True, track_running_stats=True)
    (6): ReLU()
    (7): Dropout(p=0.2, inplace=False)
    (8): Linear(in_features=1024, out_features=512, bias=True)
    (9): BatchNorm1d(512, eps=1e-05, momentum=0.1, affine=True, track_running_stats=True)
    (10): ReLU()
    (11): Dropout(p=0.2, inplace=False)
    (12): Linear(in_features=512, out_features=256, bias=True)
    (13): BatchNorm1d(256, eps=1e-05, momentum=0.1, affine=True, track_running_stats=True)
    (14): ReLU()
    (15): Dropout(p=0.2, inplace=False)
    (16): Linear(in_features=256, out_features=64, bias=True)
  )
)
2024-10-03 11:56:36,487 - INFO - Projector: Projector(
  (layers): Sequential(
    (0): Linear(in_features=64, out_features=256, bias=False)
    (1): BatchNorm1d(256, eps=1e-05, momentum=0.1, affine=True, track_running_stats=True)
    (2): ReLU(inplace=True)
    (3): Linear(in_features=256, out_features=256, bias=False)
    (4): BatchNorm1d(256, eps=1e-05, momentum=0.1, affine=True, track_running_stats=True)
    (5): ReLU(inplace=True)
    (6): Linear(in_features=256, out_features=256, bias=False)
    (7): BatchNorm1d(256, eps=1e-05, momentum=0.1, affine=False, track_running_stats=True)
  )
)
2024-10-03 11:56:36,487 - INFO - MLP Bulk: MLPClassifier(
  (layers): Sequential(
    (0): Linear(in_features=16195, out_features=64, bias=True)
    (1): ReLU()
    (2): Linear(in_features=64, out_features=64, bias=True)
    (3): ReLU()
    (4): Linear(in_features=64, out_features=5, bias=True)
  )
)
2024-10-03 11:56:36,487 - INFO - MLP Embedded: MLPClassifier(
  (layers): Sequential(
    (0): Linear(in_features=64, out_features=64, bias=True)
    (1): ReLU()
    (2): Linear(in_features=64, out_features=64, bias=True)
    (3): ReLU()
    (4): Linear(in_features=64, out_features=5, bias=True)
  )
)
2024-10-03 11:56:36,487 - INFO - Stage 3: Training Barlow Twins...
2024-10-03 11:58:04,700 - INFO - Epoch 100 completed. Loss: 9.4624
2024-10-03 11:59:32,629 - INFO - Epoch 200 completed. Loss: 7.2155
2024-10-03 12:01:00,586 - INFO - Epoch 300 completed. Loss: 6.0808
2024-10-03 12:02:28,405 - INFO - Epoch 400 completed. Loss: 5.6156
2024-10-03 12:03:56,216 - INFO - Epoch 500 completed. Loss: 5.1924
2024-10-03 12:05:24,111 - INFO - Epoch 600 completed. Loss: 4.8361
2024-10-03 12:06:52,061 - INFO - Epoch 700 completed. Loss: 4.6763
2024-10-03 12:08:19,766 - INFO - Epoch 800 completed. Loss: 4.5889
2024-10-03 12:09:47,648 - INFO - Epoch 900 completed. Loss: 4.4465
2024-10-03 12:11:15,827 - INFO - Epoch 1000 completed. Loss: 4.1690
2024-10-03 12:12:43,918 - INFO - Epoch 1100 completed. Loss: 4.1287
2024-10-03 12:14:11,904 - INFO - Epoch 1200 completed. Loss: 3.9895
2024-10-03 12:15:40,114 - INFO - Epoch 1300 completed. Loss: 3.9155
2024-10-03 12:17:08,284 - INFO - Epoch 1400 completed. Loss: 3.7530
2024-10-03 12:18:36,638 - INFO - Epoch 1500 completed. Loss: 3.8263
2024-10-03 12:20:04,628 - INFO - Epoch 1600 completed. Loss: 3.7021
2024-10-03 12:21:33,011 - INFO - Epoch 1700 completed. Loss: 3.6581
2024-10-03 12:23:01,321 - INFO - Epoch 1800 completed. Loss: 3.6074
2024-10-03 12:24:29,423 - INFO - Epoch 1900 completed. Loss: 3.5979
2024-10-03 12:25:57,810 - INFO - Epoch 2000 completed. Loss: 3.5274
2024-10-03 12:27:26,121 - INFO - Epoch 2100 completed. Loss: 3.4624
2024-10-03 12:28:53,985 - INFO - Epoch 2200 completed. Loss: 3.4062
2024-10-03 12:30:21,702 - INFO - Epoch 2300 completed. Loss: 3.3525
2024-10-03 12:31:49,271 - INFO - Epoch 2400 completed. Loss: 3.4282
2024-10-03 12:33:17,197 - INFO - Epoch 2500 completed. Loss: 3.3619
2024-10-03 12:34:45,353 - INFO - Epoch 2600 completed. Loss: 3.2535
2024-10-03 12:36:14,014 - INFO - Epoch 2700 completed. Loss: 3.4555
2024-10-03 12:37:42,252 - INFO - Epoch 2800 completed. Loss: 3.3498
2024-10-03 12:39:10,178 - INFO - Epoch 2900 completed. Loss: 3.2433
2024-10-03 12:40:38,345 - INFO - Epoch 3000 completed. Loss: 3.2337
2024-10-03 12:42:06,800 - INFO - Epoch 3100 completed. Loss: 3.2644
2024-10-03 12:43:34,671 - INFO - Epoch 3200 completed. Loss: 3.1921
2024-10-03 12:45:02,728 - INFO - Epoch 3300 completed. Loss: 3.1993
2024-10-03 12:46:31,330 - INFO - Epoch 3400 completed. Loss: 3.2045
2024-10-03 12:47:59,309 - INFO - Epoch 3500 completed. Loss: 3.1852
2024-10-03 12:49:27,791 - INFO - Epoch 3600 completed. Loss: 3.1004
2024-10-03 12:50:55,536 - INFO - Epoch 3700 completed. Loss: 3.1457
2024-10-03 12:52:23,818 - INFO - Epoch 3800 completed. Loss: 3.1473
2024-10-03 12:53:52,143 - INFO - Epoch 3900 completed. Loss: 3.1773
2024-10-03 12:55:20,108 - INFO - Epoch 4000 completed. Loss: 2.9763
2024-10-03 12:56:48,394 - INFO - Epoch 4100 completed. Loss: 3.0778
2024-10-03 12:58:16,800 - INFO - Epoch 4200 completed. Loss: 2.9747
2024-10-03 12:59:44,905 - INFO - Epoch 4300 completed. Loss: 2.9435
2024-10-03 13:01:13,031 - INFO - Epoch 4400 completed. Loss: 3.0553
2024-10-03 13:02:41,099 - INFO - Epoch 4500 completed. Loss: 3.0111
2024-10-03 13:04:09,256 - INFO - Epoch 4600 completed. Loss: 2.9130
2024-10-03 13:05:38,416 - INFO - Epoch 4700 completed. Loss: 2.9157
2024-10-03 13:07:06,599 - INFO - Epoch 4800 completed. Loss: 2.9628
2024-10-03 13:08:34,790 - INFO - Epoch 4900 completed. Loss: 2.9224
2024-10-03 13:10:03,065 - INFO - Epoch 5000 completed. Loss: 2.9730
2024-10-03 13:23:49,408 - INFO - Stage 4: Preparing data for classification...
2024-10-03 13:23:49,464 - INFO - Stage 5: Generating Barlow Twins embeddings...
2024-10-03 13:23:50,508 - INFO - Bulk tensor saved to result/Metabric_20241003_115435/bulk_tensor.pt
2024-10-03 13:23:50,508 - INFO - Embeddings saved to result/Metabric_20241003_115435/embedding.pt
2024-10-03 13:23:50,508 - INFO - Stage 6: Evaluate survival
2024-10-03 13:23:50,508 - INFO - Preparing Cox model
2024-10-03 13:23:50,508 - INFO - Training Cox model on bulk data...
