2024-09-27 17:19:33,477 - INFO - Using device: cuda
2024-09-27 17:19:33,477 - INFO - Stage 1: Loading data...
2024-09-27 17:19:55,001 - INFO - Number of classes: 5
2024-09-27 17:19:55,002 - INFO - Stage 2: Initializing models...
2024-09-27 17:19:55,051 - INFO - Configuration Parameters:
2024-09-27 17:19:55,051 - INFO - seed: 42
2024-09-27 17:19:55,051 - INFO - batchsize: 128
2024-09-27 17:19:55,051 - INFO - sample_size: 1000
2024-09-27 17:19:55,051 - INFO - lambda_noise: 0.5
2024-09-27 17:19:55,051 - INFO - variance_threshold: 0.85
2024-09-27 17:19:55,051 - INFO - output_dim: 64
2024-09-27 17:19:55,051 - INFO - project_dim: 128
2024-09-27 17:19:55,051 - INFO - mlp_hidden_dim: 64
2024-09-27 17:19:55,051 - INFO - learning_rate: 0.0001
2024-09-27 17:19:55,051 - INFO - weight_decay: 0.001
2024-09-27 17:19:55,051 - INFO - num_epochs: 5000
2024-09-27 17:19:55,051 - INFO - mlp_epochs: 5000
2024-09-27 17:19:55,051 - INFO - loss_lambda_param: 0.005
2024-09-27 17:19:55,051 - INFO - scaling_method: minmax
2024-09-27 17:19:55,051 - INFO - model_save_path: ./model_checkpoints
2024-09-27 17:19:55,051 - INFO - fra_save_path: ./fra_pre
2024-09-27 17:19:55,051 - INFO - training_dataset_name: All
2024-09-27 17:19:55,051 - INFO - testing_dataset_name: Metabric
2024-09-27 17:19:55,051 - INFO - device: cuda
2024-09-27 17:19:55,051 - INFO - sc_path: ./cancer_single_cell_data/processed_data.h5ad
2024-09-27 17:19:55,052 - INFO - bulk_path: ./cancer_brca_metabric_bulk_data/data_mrna_illumina_microarray_zscores_ref_diploid_samples.txt
2024-09-27 17:19:55,052 - INFO - patient_path: ./cancer_brca_metabric_bulk_data/Tumor_Stage.txt
2024-09-27 17:19:55,052 - INFO - Model Architectures:
2024-09-27 17:19:55,052 - INFO - Encoder: Encoder(
  (layers): Sequential(
    (0): Linear(in_features=3053, out_features=2048, bias=True)
    (1): BatchNorm1d(2048, eps=1e-05, momentum=0.1, affine=True, track_running_stats=True)
    (2): ReLU()
    (3): Dropout(p=0.2, inplace=False)
    (4): Linear(in_features=2048, out_features=1024, bias=True)
    (5): BatchNorm1d(1024, eps=1e-05, momentum=0.1, affine=True, track_running_stats=True)
    (6): ReLU()
    (7): Dropout(p=0.2, inplace=False)
    (8): Linear(in_features=1024, out_features=512, bias=True)
    (9): BatchNorm1d(512, eps=1e-05, momentum=0.1, affine=True, track_running_stats=True)
    (10): ReLU()
    (11): Dropout(p=0.2, inplace=False)
    (12): Linear(in_features=512, out_features=256, bias=True)
    (13): BatchNorm1d(256, eps=1e-05, momentum=0.1, affine=True, track_running_stats=True)
    (14): ReLU()
    (15): Dropout(p=0.2, inplace=False)
    (16): Linear(in_features=256, out_features=64, bias=True)
  )
)
2024-09-27 17:19:55,052 - INFO - Projector: Projector(
  (layers): Sequential(
    (0): Linear(in_features=64, out_features=512, bias=True)
    (1): BatchNorm1d(512, eps=1e-05, momentum=0.1, affine=True, track_running_stats=True)
    (2): ReLU()
    (3): Linear(in_features=512, out_features=128, bias=True)
  )
)
2024-09-27 17:19:55,052 - INFO - MLP Bulk: MLPClassifier(
  (layers): Sequential(
    (0): Linear(in_features=3053, out_features=64, bias=True)
    (1): ReLU()
    (2): Linear(in_features=64, out_features=64, bias=True)
    (3): ReLU()
    (4): Linear(in_features=64, out_features=5, bias=True)
  )
)
2024-09-27 17:19:55,052 - INFO - MLP Embedded: MLPClassifier(
  (layers): Sequential(
    (0): Linear(in_features=64, out_features=64, bias=True)
    (1): ReLU()
    (2): Linear(in_features=64, out_features=64, bias=True)
    (3): ReLU()
    (4): Linear(in_features=64, out_features=5, bias=True)
  )
)
2024-09-27 17:19:55,052 - INFO - Stage 3: Training Barlow Twins...
2024-09-27 17:20:18,202 - INFO - Epoch 100 completed. Loss: 3.7908
2024-09-27 17:20:33,804 - INFO - Epoch 200 completed. Loss: 2.7310
2024-09-27 17:20:49,423 - INFO - Epoch 300 completed. Loss: 2.2403
2024-09-27 17:21:17,343 - INFO - Epoch 400 completed. Loss: 1.9845
2024-09-27 17:21:45,055 - INFO - Epoch 500 completed. Loss: 1.7811
2024-09-27 17:22:11,208 - INFO - Epoch 600 completed. Loss: 1.6046
2024-09-27 17:22:35,157 - INFO - Epoch 700 completed. Loss: 1.3969
2024-09-27 17:23:03,359 - INFO - Epoch 800 completed. Loss: 1.2857
2024-09-27 17:23:22,809 - INFO - Epoch 900 completed. Loss: 1.2113
2024-09-27 17:23:47,988 - INFO - Epoch 1000 completed. Loss: 1.1362
2024-09-27 17:24:16,966 - INFO - Epoch 1100 completed. Loss: 1.1185
2024-09-27 17:24:36,156 - INFO - Epoch 1200 completed. Loss: 1.0262
2024-09-27 17:24:54,217 - INFO - Epoch 1300 completed. Loss: 1.0071
2024-09-27 17:25:16,198 - INFO - Epoch 1400 completed. Loss: 1.0095
2024-09-27 17:25:33,647 - INFO - Epoch 1500 completed. Loss: 0.9587
2024-09-27 17:25:57,120 - INFO - Epoch 1600 completed. Loss: 0.9130
2024-09-27 17:26:13,529 - INFO - Epoch 1700 completed. Loss: 0.9402
2024-09-27 17:26:29,164 - INFO - Epoch 1800 completed. Loss: 0.9801
2024-09-27 17:26:49,476 - INFO - Epoch 1900 completed. Loss: 0.9106
2024-09-27 17:27:16,096 - INFO - Epoch 2000 completed. Loss: 0.8955
2024-09-27 17:27:45,190 - INFO - Epoch 2100 completed. Loss: 0.9106
2024-09-27 17:28:09,718 - INFO - Epoch 2200 completed. Loss: 0.8960
2024-09-27 17:28:37,772 - INFO - Epoch 2300 completed. Loss: 0.8852
2024-09-27 17:29:05,802 - INFO - Epoch 2400 completed. Loss: 0.9004
2024-09-27 17:29:25,367 - INFO - Epoch 2500 completed. Loss: 0.9141
2024-09-27 17:29:44,331 - INFO - Epoch 2600 completed. Loss: 0.9035
2024-09-27 17:30:13,312 - INFO - Epoch 2700 completed. Loss: 0.8727
2024-09-27 17:30:37,836 - INFO - Epoch 2800 completed. Loss: 0.8558
2024-09-27 17:30:59,283 - INFO - Epoch 2900 completed. Loss: 0.9168
2024-09-27 17:31:14,863 - INFO - Epoch 3000 completed. Loss: 0.8731
2024-09-27 17:31:31,660 - INFO - Epoch 3100 completed. Loss: 0.8745
2024-09-27 17:31:48,329 - INFO - Epoch 3200 completed. Loss: 0.8578
2024-09-27 17:32:08,957 - INFO - Epoch 3300 completed. Loss: 0.8459
2024-09-27 17:32:31,073 - INFO - Epoch 3400 completed. Loss: 0.8519
2024-09-27 17:32:56,441 - INFO - Epoch 3500 completed. Loss: 0.8339
2024-09-27 17:33:25,318 - INFO - Epoch 3600 completed. Loss: 0.8740
2024-09-27 17:33:51,969 - INFO - Epoch 3700 completed. Loss: 0.8595
2024-09-27 17:34:08,494 - INFO - Epoch 3800 completed. Loss: 0.8350
2024-09-27 17:34:28,187 - INFO - Epoch 3900 completed. Loss: 0.8287
2024-09-27 17:34:54,521 - INFO - Epoch 4000 completed. Loss: 0.8507
2024-09-27 17:35:17,644 - INFO - Epoch 4100 completed. Loss: 0.7972
2024-09-27 17:35:46,245 - INFO - Epoch 4200 completed. Loss: 0.8317
2024-09-27 17:36:15,188 - INFO - Epoch 4300 completed. Loss: 0.8429
2024-09-27 17:36:38,309 - INFO - Epoch 4400 completed. Loss: 0.8041
2024-09-27 17:36:59,401 - INFO - Epoch 4500 completed. Loss: 0.8331
2024-09-27 17:37:24,378 - INFO - Epoch 4600 completed. Loss: 0.8393
2024-09-27 17:37:49,138 - INFO - Epoch 4700 completed. Loss: 0.8317
2024-09-27 17:38:10,831 - INFO - Epoch 4800 completed. Loss: 0.8574
2024-09-27 17:38:31,623 - INFO - Epoch 4900 completed. Loss: 0.8175
2024-09-27 17:38:53,905 - INFO - Epoch 5000 completed. Loss: 0.7948
2024-09-27 17:38:53,905 - INFO - Stage 4: Preparing data for classification...
2024-09-27 17:38:53,908 - INFO - Stage 5: Generating Barlow Twins embeddings...
2024-09-27 17:38:54,052 - INFO - Bulk tensor saved to result/Metabric_20240927_171933/bulk_tensor.pt
2024-09-27 17:38:54,052 - INFO - Embeddings saved to result/Metabric_20240927_171933/embedding.pt
2024-09-27 17:38:54,052 - INFO - Stage 6: Preparing MLP classifier...
2024-09-27 17:38:54,112 - INFO - Stage 7: Training and evaluating MLP on original bulk data...
2024-09-27 17:38:54,112 - INFO - Training MLP on original bulk data:
2024-09-27 17:38:54,564 - INFO - Epoch [10/5000], Average Loss: 0.5878
2024-09-27 17:38:55,287 - INFO - Epoch [20/5000], Average Loss: 0.1614
2024-09-27 17:38:56,433 - INFO - Epoch [30/5000], Average Loss: 0.0340
2024-09-27 17:38:57,773 - INFO - Epoch [40/5000], Average Loss: 0.0118
2024-09-27 17:38:59,113 - INFO - Epoch [50/5000], Average Loss: 0.0056
2024-09-27 17:39:00,450 - INFO - Epoch [60/5000], Average Loss: 0.0031
2024-09-27 17:39:01,786 - INFO - Epoch [70/5000], Average Loss: 0.0019
2024-09-27 17:39:03,102 - INFO - Epoch [80/5000], Average Loss: 0.0013
2024-09-27 17:39:04,324 - INFO - Epoch [90/5000], Average Loss: 0.0009
2024-09-27 17:39:05,550 - INFO - Epoch [100/5000], Average Loss: 0.0006
2024-09-27 17:39:06,862 - INFO - Epoch [110/5000], Average Loss: 0.0005
2024-09-27 17:39:08,210 - INFO - Epoch [120/5000], Average Loss: 0.0003
2024-09-27 17:39:09,537 - INFO - Epoch [130/5000], Average Loss: 0.0003
2024-09-27 17:39:10,761 - INFO - Epoch [140/5000], Average Loss: 0.0002
2024-09-27 17:39:12,080 - INFO - Epoch [150/5000], Average Loss: 0.0002
2024-09-27 17:39:13,419 - INFO - Epoch [160/5000], Average Loss: 0.0001
2024-09-27 17:39:14,754 - INFO - Epoch [170/5000], Average Loss: 0.0001
2024-09-27 17:39:16,036 - INFO - Epoch [180/5000], Average Loss: 0.0001
2024-09-27 17:39:17,258 - INFO - Epoch [190/5000], Average Loss: 0.0001
2024-09-27 17:39:18,482 - INFO - Epoch [200/5000], Average Loss: 0.0000
2024-09-27 17:39:19,824 - INFO - Epoch [210/5000], Average Loss: 0.0000
2024-09-27 17:39:21,054 - INFO - Epoch [220/5000], Average Loss: 0.0000
2024-09-27 17:39:22,275 - INFO - Epoch [230/5000], Average Loss: 0.0000
2024-09-27 17:39:23,497 - INFO - Epoch [240/5000], Average Loss: 0.0000
2024-09-27 17:39:24,675 - INFO - Epoch [250/5000], Average Loss: 0.0000
2024-09-27 17:39:25,953 - INFO - Epoch [260/5000], Average Loss: 0.0000
2024-09-27 17:39:27,177 - INFO - Epoch [270/5000], Average Loss: 0.0000
2024-09-27 17:39:28,398 - INFO - Epoch [280/5000], Average Loss: 0.0000
2024-09-27 17:39:29,681 - INFO - Epoch [290/5000], Average Loss: 0.0000
2024-09-27 17:39:31,023 - INFO - Epoch [300/5000], Average Loss: 0.0000
2024-09-27 17:39:32,320 - INFO - Epoch [310/5000], Average Loss: 0.0000
2024-09-27 17:39:33,662 - INFO - Epoch [320/5000], Average Loss: 0.0000
2024-09-27 17:39:35,007 - INFO - Epoch [330/5000], Average Loss: 0.0000
2024-09-27 17:39:36,349 - INFO - Epoch [340/5000], Average Loss: 0.0000
2024-09-27 17:39:37,689 - INFO - Epoch [350/5000], Average Loss: 0.0000
2024-09-27 17:39:39,023 - INFO - Epoch [360/5000], Average Loss: 0.0000
2024-09-27 17:39:40,368 - INFO - Epoch [370/5000], Average Loss: 0.0000
2024-09-27 17:39:41,711 - INFO - Epoch [380/5000], Average Loss: 0.0000
2024-09-27 17:39:42,986 - INFO - Epoch [390/5000], Average Loss: 0.0000
2024-09-27 17:39:44,291 - INFO - Epoch [400/5000], Average Loss: 0.0000
2024-09-27 17:39:45,633 - INFO - Epoch [410/5000], Average Loss: 0.0000
2024-09-27 17:39:46,972 - INFO - Epoch [420/5000], Average Loss: 0.0000
2024-09-27 17:39:48,104 - INFO - Epoch [430/5000], Average Loss: 0.0000
2024-09-27 17:39:49,221 - INFO - Epoch [440/5000], Average Loss: 0.0000
2024-09-27 17:39:50,039 - INFO - Epoch [450/5000], Average Loss: 0.0000
2024-09-27 17:39:50,935 - INFO - Epoch [460/5000], Average Loss: 0.0000
2024-09-27 17:39:51,746 - INFO - Epoch [470/5000], Average Loss: 0.0000
2024-09-27 17:39:52,608 - INFO - Epoch [480/5000], Average Loss: 0.0000
2024-09-27 17:39:53,402 - INFO - Epoch [490/5000], Average Loss: 0.0000
2024-09-27 17:39:54,224 - INFO - Epoch [500/5000], Average Loss: 0.0000
2024-09-27 17:39:54,917 - INFO - Epoch [510/5000], Average Loss: 0.0000
2024-09-27 17:39:55,714 - INFO - Epoch [520/5000], Average Loss: 0.0000
2024-09-27 17:39:56,596 - INFO - Epoch [530/5000], Average Loss: 0.0000
2024-09-27 17:39:57,549 - INFO - Epoch [540/5000], Average Loss: 0.0000
2024-09-27 17:39:58,666 - INFO - Epoch [550/5000], Average Loss: 0.0000
2024-09-27 17:39:59,877 - INFO - Epoch [560/5000], Average Loss: 0.0000
2024-09-27 17:40:01,102 - INFO - Epoch [570/5000], Average Loss: 0.0000
2024-09-27 17:40:02,319 - INFO - Epoch [580/5000], Average Loss: 0.0000
2024-09-27 17:40:03,533 - INFO - Epoch [590/5000], Average Loss: 0.0000
2024-09-27 17:40:04,767 - INFO - Epoch [600/5000], Average Loss: 0.0000
2024-09-27 17:40:06,107 - INFO - Epoch [610/5000], Average Loss: 0.0000
2024-09-27 17:40:07,444 - INFO - Epoch [620/5000], Average Loss: 0.0000
2024-09-27 17:40:08,788 - INFO - Epoch [630/5000], Average Loss: 0.0000
2024-09-27 17:40:10,132 - INFO - Epoch [640/5000], Average Loss: 0.0000
2024-09-27 17:40:11,380 - INFO - Epoch [650/5000], Average Loss: 0.0000
2024-09-27 17:40:12,698 - INFO - Epoch [660/5000], Average Loss: 0.0000
2024-09-27 17:40:14,035 - INFO - Epoch [670/5000], Average Loss: 0.0000
2024-09-27 17:40:15,374 - INFO - Epoch [680/5000], Average Loss: 0.0000
2024-09-27 17:40:16,655 - INFO - Epoch [690/5000], Average Loss: 0.0000
2024-09-27 17:40:17,890 - INFO - Epoch [700/5000], Average Loss: 0.0000
2024-09-27 17:40:19,120 - INFO - Epoch [710/5000], Average Loss: 0.0000
2024-09-27 17:40:20,359 - INFO - Epoch [720/5000], Average Loss: 0.0000
2024-09-27 17:40:21,659 - INFO - Epoch [730/5000], Average Loss: 0.0000
2024-09-27 17:40:22,951 - INFO - Epoch [740/5000], Average Loss: 0.0000
2024-09-27 17:40:24,300 - INFO - Epoch [750/5000], Average Loss: 0.0000
2024-09-27 17:40:25,641 - INFO - Epoch [760/5000], Average Loss: 0.0000
2024-09-27 17:40:26,953 - INFO - Epoch [770/5000], Average Loss: 0.0000
2024-09-27 17:40:28,262 - INFO - Epoch [780/5000], Average Loss: 0.0000
2024-09-27 17:40:29,601 - INFO - Epoch [790/5000], Average Loss: 0.0000
2024-09-27 17:40:30,937 - INFO - Epoch [800/5000], Average Loss: 0.0000
2024-09-27 17:40:32,257 - INFO - Epoch [810/5000], Average Loss: 0.0006
2024-09-27 17:40:33,518 - INFO - Epoch [820/5000], Average Loss: 0.0000
2024-09-27 17:40:34,864 - INFO - Epoch [830/5000], Average Loss: 0.0000
2024-09-27 17:40:36,209 - INFO - Epoch [840/5000], Average Loss: 0.0000
2024-09-27 17:40:37,555 - INFO - Epoch [850/5000], Average Loss: 0.0000
2024-09-27 17:40:38,900 - INFO - Epoch [860/5000], Average Loss: 0.0000
2024-09-27 17:40:40,181 - INFO - Epoch [870/5000], Average Loss: 0.0000
2024-09-27 17:40:41,525 - INFO - Epoch [880/5000], Average Loss: 0.0000
2024-09-27 17:40:42,871 - INFO - Epoch [890/5000], Average Loss: 0.0000
2024-09-27 17:40:44,087 - INFO - Epoch [900/5000], Average Loss: 0.0000
2024-09-27 17:40:45,315 - INFO - Epoch [910/5000], Average Loss: 0.0000
2024-09-27 17:40:46,566 - INFO - Epoch [920/5000], Average Loss: 0.0000
2024-09-27 17:40:47,697 - INFO - Epoch [930/5000], Average Loss: 0.0000
2024-09-27 17:40:48,824 - INFO - Epoch [940/5000], Average Loss: 0.0000
2024-09-27 17:40:50,025 - INFO - Epoch [950/5000], Average Loss: 0.0000
2024-09-27 17:40:51,252 - INFO - Epoch [960/5000], Average Loss: 0.0000
2024-09-27 17:40:52,496 - INFO - Epoch [970/5000], Average Loss: 0.0000
2024-09-27 17:40:53,793 - INFO - Epoch [980/5000], Average Loss: 0.0000
2024-09-27 17:40:55,019 - INFO - Epoch [990/5000], Average Loss: 0.0000
2024-09-27 17:40:56,151 - INFO - Epoch [1000/5000], Average Loss: 0.0000
2024-09-27 17:40:57,302 - INFO - Epoch [1010/5000], Average Loss: 0.0000
2024-09-27 17:40:58,585 - INFO - Epoch [1020/5000], Average Loss: 0.0000
2024-09-27 17:40:59,832 - INFO - Epoch [1030/5000], Average Loss: 0.0000
2024-09-27 17:41:00,962 - INFO - Epoch [1040/5000], Average Loss: 0.0000
2024-09-27 17:41:02,134 - INFO - Epoch [1050/5000], Average Loss: 0.0000
2024-09-27 17:41:03,364 - INFO - Epoch [1060/5000], Average Loss: 0.0000
2024-09-27 17:41:04,588 - INFO - Epoch [1070/5000], Average Loss: 0.0000
2024-09-27 17:41:05,780 - INFO - Epoch [1080/5000], Average Loss: 0.0000
2024-09-27 17:41:07,101 - INFO - Epoch [1090/5000], Average Loss: 0.0000
2024-09-27 17:41:08,416 - INFO - Epoch [1100/5000], Average Loss: 0.0000
2024-09-27 17:41:09,756 - INFO - Epoch [1110/5000], Average Loss: 0.0000
2024-09-27 17:41:11,045 - INFO - Epoch [1120/5000], Average Loss: 0.0000
2024-09-27 17:41:12,307 - INFO - Epoch [1130/5000], Average Loss: 0.0000
2024-09-27 17:41:13,528 - INFO - Epoch [1140/5000], Average Loss: 0.0000
2024-09-27 17:41:14,802 - INFO - Epoch [1150/5000], Average Loss: 0.0000
2024-09-27 17:41:16,119 - INFO - Epoch [1160/5000], Average Loss: 0.0000
2024-09-27 17:41:17,339 - INFO - Epoch [1170/5000], Average Loss: 0.0000
2024-09-27 17:41:18,575 - INFO - Epoch [1180/5000], Average Loss: 0.0000
2024-09-27 17:41:19,794 - INFO - Epoch [1190/5000], Average Loss: 0.0000
2024-09-27 17:41:21,013 - INFO - Epoch [1200/5000], Average Loss: 0.0000
2024-09-27 17:41:22,235 - INFO - Epoch [1210/5000], Average Loss: 0.0000
2024-09-27 17:41:23,454 - INFO - Epoch [1220/5000], Average Loss: 0.0000
2024-09-27 17:41:24,676 - INFO - Epoch [1230/5000], Average Loss: 0.0000
2024-09-27 17:41:25,902 - INFO - Epoch [1240/5000], Average Loss: 0.0000
2024-09-27 17:41:27,121 - INFO - Epoch [1250/5000], Average Loss: 0.0000
2024-09-27 17:41:28,346 - INFO - Epoch [1260/5000], Average Loss: 0.0000
2024-09-27 17:41:29,565 - INFO - Epoch [1270/5000], Average Loss: 0.0000
2024-09-27 17:41:30,785 - INFO - Epoch [1280/5000], Average Loss: 0.0000
2024-09-27 17:41:32,003 - INFO - Epoch [1290/5000], Average Loss: 0.0000
2024-09-27 17:41:33,224 - INFO - Epoch [1300/5000], Average Loss: 0.0000
2024-09-27 17:41:34,445 - INFO - Epoch [1310/5000], Average Loss: 0.0000
2024-09-27 17:41:35,669 - INFO - Epoch [1320/5000], Average Loss: 0.0000
2024-09-27 17:41:36,890 - INFO - Epoch [1330/5000], Average Loss: 0.0000
2024-09-27 17:41:38,106 - INFO - Epoch [1340/5000], Average Loss: 0.0000
2024-09-27 17:41:39,342 - INFO - Epoch [1350/5000], Average Loss: 0.0000
2024-09-27 17:41:40,562 - INFO - Epoch [1360/5000], Average Loss: 0.0000
2024-09-27 17:41:41,785 - INFO - Epoch [1370/5000], Average Loss: 0.0000
2024-09-27 17:41:42,979 - INFO - Epoch [1380/5000], Average Loss: 0.0000
2024-09-27 17:41:44,093 - INFO - Epoch [1390/5000], Average Loss: 0.0000
2024-09-27 17:41:45,227 - INFO - Epoch [1400/5000], Average Loss: 0.0000
2024-09-27 17:41:46,357 - INFO - Epoch [1410/5000], Average Loss: 0.0000
2024-09-27 17:41:47,642 - INFO - Epoch [1420/5000], Average Loss: 0.0000
2024-09-27 17:41:48,604 - INFO - Epoch [1430/5000], Average Loss: 0.0000
2024-09-27 17:41:49,527 - INFO - Epoch [1440/5000], Average Loss: 0.0000
2024-09-27 17:41:50,450 - INFO - Epoch [1450/5000], Average Loss: 0.0000
2024-09-27 17:41:51,371 - INFO - Epoch [1460/5000], Average Loss: 0.0000
2024-09-27 17:41:52,387 - INFO - Epoch [1470/5000], Average Loss: 0.0000
2024-09-27 17:41:53,728 - INFO - Epoch [1480/5000], Average Loss: 0.0000
2024-09-27 17:41:54,953 - INFO - Epoch [1490/5000], Average Loss: 0.0000
2024-09-27 17:41:56,175 - INFO - Epoch [1500/5000], Average Loss: 0.0000
2024-09-27 17:41:57,395 - INFO - Epoch [1510/5000], Average Loss: 0.0000
2024-09-27 17:41:58,616 - INFO - Epoch [1520/5000], Average Loss: 0.0000
2024-09-27 17:41:59,837 - INFO - Epoch [1530/5000], Average Loss: 0.0000
2024-09-27 17:42:01,089 - INFO - Epoch [1540/5000], Average Loss: 0.0000
2024-09-27 17:42:02,428 - INFO - Epoch [1550/5000], Average Loss: 0.0000
2024-09-27 17:42:03,766 - INFO - Epoch [1560/5000], Average Loss: 0.0000
2024-09-27 17:42:05,108 - INFO - Epoch [1570/5000], Average Loss: 0.0000
2024-09-27 17:42:06,450 - INFO - Epoch [1580/5000], Average Loss: 0.0000
2024-09-27 17:42:07,793 - INFO - Epoch [1590/5000], Average Loss: 0.0000
2024-09-27 17:42:09,130 - INFO - Epoch [1600/5000], Average Loss: 0.0000
2024-09-27 17:42:10,472 - INFO - Epoch [1610/5000], Average Loss: 0.0000
2024-09-27 17:42:11,813 - INFO - Epoch [1620/5000], Average Loss: 0.0000
2024-09-27 17:42:13,158 - INFO - Epoch [1630/5000], Average Loss: 0.0000
2024-09-27 17:42:14,461 - INFO - Epoch [1640/5000], Average Loss: 0.0000
2024-09-27 17:42:15,689 - INFO - Epoch [1650/5000], Average Loss: 0.0000
2024-09-27 17:42:16,914 - INFO - Epoch [1660/5000], Average Loss: 0.0000
2024-09-27 17:42:18,181 - INFO - Epoch [1670/5000], Average Loss: 0.0000
2024-09-27 17:42:19,521 - INFO - Epoch [1680/5000], Average Loss: 0.0000
2024-09-27 17:42:20,863 - INFO - Epoch [1690/5000], Average Loss: 0.0000
2024-09-27 17:42:22,200 - INFO - Epoch [1700/5000], Average Loss: 0.0000
2024-09-27 17:42:23,381 - INFO - Epoch [1710/5000], Average Loss: 0.0000
2024-09-27 17:42:24,303 - INFO - Epoch [1720/5000], Average Loss: 0.0000
2024-09-27 17:42:25,230 - INFO - Epoch [1730/5000], Average Loss: 0.0000
2024-09-27 17:42:26,187 - INFO - Epoch [1740/5000], Average Loss: 0.0000
2024-09-27 17:42:27,186 - INFO - Epoch [1750/5000], Average Loss: 0.0000
2024-09-27 17:42:28,331 - INFO - Epoch [1760/5000], Average Loss: 0.0000
2024-09-27 17:42:29,667 - INFO - Epoch [1770/5000], Average Loss: 0.0000
2024-09-27 17:42:31,013 - INFO - Epoch [1780/5000], Average Loss: 0.0000
2024-09-27 17:42:32,353 - INFO - Epoch [1790/5000], Average Loss: 0.0000
2024-09-27 17:42:33,691 - INFO - Epoch [1800/5000], Average Loss: 0.0000
2024-09-27 17:42:35,032 - INFO - Epoch [1810/5000], Average Loss: 0.0000
2024-09-27 17:42:36,375 - INFO - Epoch [1820/5000], Average Loss: 0.0000
2024-09-27 17:42:37,715 - INFO - Epoch [1830/5000], Average Loss: 0.0000
2024-09-27 17:42:39,054 - INFO - Epoch [1840/5000], Average Loss: 0.0000
2024-09-27 17:42:40,398 - INFO - Epoch [1850/5000], Average Loss: 0.0000
2024-09-27 17:42:41,734 - INFO - Epoch [1860/5000], Average Loss: 0.0000
2024-09-27 17:42:42,979 - INFO - Epoch [1870/5000], Average Loss: 0.0000
2024-09-27 17:42:44,185 - INFO - Epoch [1880/5000], Average Loss: 0.0000
2024-09-27 17:42:45,423 - INFO - Epoch [1890/5000], Average Loss: 0.0000
2024-09-27 17:42:46,758 - INFO - Epoch [1900/5000], Average Loss: 0.0000
2024-09-27 17:42:48,068 - INFO - Epoch [1910/5000], Average Loss: 0.0000
2024-09-27 17:42:49,406 - INFO - Epoch [1920/5000], Average Loss: 0.0000
2024-09-27 17:42:50,736 - INFO - Epoch [1930/5000], Average Loss: 0.0000
2024-09-27 17:42:52,058 - INFO - Epoch [1940/5000], Average Loss: 0.0000
2024-09-27 17:42:53,278 - INFO - Epoch [1950/5000], Average Loss: 0.0000
2024-09-27 17:42:54,573 - INFO - Epoch [1960/5000], Average Loss: 0.0000
2024-09-27 17:42:55,879 - INFO - Epoch [1970/5000], Average Loss: 0.0000
2024-09-27 17:42:57,099 - INFO - Epoch [1980/5000], Average Loss: 0.0000
2024-09-27 17:42:58,371 - INFO - Epoch [1990/5000], Average Loss: 0.0000
2024-09-27 17:42:59,681 - INFO - Epoch [2000/5000], Average Loss: 0.0000
2024-09-27 17:43:00,903 - INFO - Epoch [2010/5000], Average Loss: 0.0000
2024-09-27 17:43:02,145 - INFO - Epoch [2020/5000], Average Loss: 0.0000
2024-09-27 17:43:03,365 - INFO - Epoch [2030/5000], Average Loss: 0.0000
2024-09-27 17:43:04,584 - INFO - Epoch [2040/5000], Average Loss: 0.0000
2024-09-27 17:43:05,804 - INFO - Epoch [2050/5000], Average Loss: 0.0000
2024-09-27 17:43:07,063 - INFO - Epoch [2060/5000], Average Loss: 0.0000
2024-09-27 17:43:08,282 - INFO - Epoch [2070/5000], Average Loss: 0.0000
2024-09-27 17:43:09,504 - INFO - Epoch [2080/5000], Average Loss: 0.0000
2024-09-27 17:43:10,804 - INFO - Epoch [2090/5000], Average Loss: 0.0000
2024-09-27 17:43:12,147 - INFO - Epoch [2100/5000], Average Loss: 0.0000
2024-09-27 17:43:13,488 - INFO - Epoch [2110/5000], Average Loss: 0.0000
2024-09-27 17:43:14,829 - INFO - Epoch [2120/5000], Average Loss: 0.0000
2024-09-27 17:43:16,130 - INFO - Epoch [2130/5000], Average Loss: 0.0000
2024-09-27 17:43:17,464 - INFO - Epoch [2140/5000], Average Loss: 0.0000
2024-09-27 17:43:18,798 - INFO - Epoch [2150/5000], Average Loss: 0.0000
2024-09-27 17:43:20,139 - INFO - Epoch [2160/5000], Average Loss: 0.0000
2024-09-27 17:43:21,475 - INFO - Epoch [2170/5000], Average Loss: 0.0000
2024-09-27 17:43:22,816 - INFO - Epoch [2180/5000], Average Loss: 0.0000
2024-09-27 17:43:24,155 - INFO - Epoch [2190/5000], Average Loss: 0.0000
2024-09-27 17:43:25,493 - INFO - Epoch [2200/5000], Average Loss: 0.0000
2024-09-27 17:43:26,834 - INFO - Epoch [2210/5000], Average Loss: 0.0000
2024-09-27 17:43:28,173 - INFO - Epoch [2220/5000], Average Loss: 0.0000
2024-09-27 17:43:29,497 - INFO - Epoch [2230/5000], Average Loss: 0.0000
2024-09-27 17:43:30,825 - INFO - Epoch [2240/5000], Average Loss: 0.0000
2024-09-27 17:43:32,150 - INFO - Epoch [2250/5000], Average Loss: 0.0000
2024-09-27 17:43:33,378 - INFO - Epoch [2260/5000], Average Loss: 0.0000
2024-09-27 17:43:34,606 - INFO - Epoch [2270/5000], Average Loss: 0.0000
2024-09-27 17:43:35,851 - INFO - Epoch [2280/5000], Average Loss: 0.0000
2024-09-27 17:43:37,001 - INFO - Epoch [2290/5000], Average Loss: 0.0000
2024-09-27 17:43:38,248 - INFO - Epoch [2300/5000], Average Loss: 0.0000
2024-09-27 17:43:39,566 - INFO - Epoch [2310/5000], Average Loss: 0.0000
2024-09-27 17:43:40,901 - INFO - Epoch [2320/5000], Average Loss: 0.0000
2024-09-27 17:43:42,239 - INFO - Epoch [2330/5000], Average Loss: 0.0000
2024-09-27 17:43:43,491 - INFO - Epoch [2340/5000], Average Loss: 0.0000
2024-09-27 17:43:44,825 - INFO - Epoch [2350/5000], Average Loss: 0.0000
2024-09-27 17:43:46,072 - INFO - Epoch [2360/5000], Average Loss: 0.0000
2024-09-27 17:43:47,415 - INFO - Epoch [2370/5000], Average Loss: 0.0000
2024-09-27 17:43:48,754 - INFO - Epoch [2380/5000], Average Loss: 0.0000
2024-09-27 17:43:50,098 - INFO - Epoch [2390/5000], Average Loss: 0.0000
2024-09-27 17:43:51,438 - INFO - Epoch [2400/5000], Average Loss: 0.0000
2024-09-27 17:43:52,784 - INFO - Epoch [2410/5000], Average Loss: 0.0000
2024-09-27 17:43:54,121 - INFO - Epoch [2420/5000], Average Loss: 0.0000
2024-09-27 17:43:55,474 - INFO - Epoch [2430/5000], Average Loss: 0.0000
2024-09-27 17:43:56,823 - INFO - Epoch [2440/5000], Average Loss: 0.0000
2024-09-27 17:43:58,118 - INFO - Epoch [2450/5000], Average Loss: 0.0000
2024-09-27 17:43:59,458 - INFO - Epoch [2460/5000], Average Loss: 0.0000
2024-09-27 17:44:00,777 - INFO - Epoch [2470/5000], Average Loss: 0.0000
2024-09-27 17:44:02,005 - INFO - Epoch [2480/5000], Average Loss: 0.0000
2024-09-27 17:44:03,232 - INFO - Epoch [2490/5000], Average Loss: 0.0000
2024-09-27 17:44:04,556 - INFO - Epoch [2500/5000], Average Loss: 0.0000
2024-09-27 17:44:05,834 - INFO - Epoch [2510/5000], Average Loss: 0.0000
2024-09-27 17:44:07,082 - INFO - Epoch [2520/5000], Average Loss: 0.0000
2024-09-27 17:44:08,424 - INFO - Epoch [2530/5000], Average Loss: 0.0000
2024-09-27 17:44:09,666 - INFO - Epoch [2540/5000], Average Loss: 0.0000
2024-09-27 17:44:10,940 - INFO - Epoch [2550/5000], Average Loss: 0.0000
2024-09-27 17:44:12,255 - INFO - Epoch [2560/5000], Average Loss: 0.0000
2024-09-27 17:44:13,405 - INFO - Epoch [2570/5000], Average Loss: 0.0000
2024-09-27 17:44:14,557 - INFO - Epoch [2580/5000], Average Loss: 0.0000
2024-09-27 17:44:15,690 - INFO - Epoch [2590/5000], Average Loss: 0.0000
2024-09-27 17:44:16,798 - INFO - Epoch [2600/5000], Average Loss: 0.0000
2024-09-27 17:44:17,945 - INFO - Epoch [2610/5000], Average Loss: 0.0000
2024-09-27 17:44:19,088 - INFO - Epoch [2620/5000], Average Loss: 0.0000
2024-09-27 17:44:20,228 - INFO - Epoch [2630/5000], Average Loss: 0.0000
2024-09-27 17:44:21,370 - INFO - Epoch [2640/5000], Average Loss: 0.0000
2024-09-27 17:44:22,511 - INFO - Epoch [2650/5000], Average Loss: 0.0000
2024-09-27 17:44:23,653 - INFO - Epoch [2660/5000], Average Loss: 0.0000
2024-09-27 17:44:24,777 - INFO - Epoch [2670/5000], Average Loss: 0.0000
2024-09-27 17:44:25,998 - INFO - Epoch [2680/5000], Average Loss: 0.0000
2024-09-27 17:44:27,218 - INFO - Epoch [2690/5000], Average Loss: 0.0000
2024-09-27 17:44:28,364 - INFO - Epoch [2700/5000], Average Loss: 0.0000
2024-09-27 17:44:29,506 - INFO - Epoch [2710/5000], Average Loss: 0.0000
2024-09-27 17:44:30,652 - INFO - Epoch [2720/5000], Average Loss: 0.0000
2024-09-27 17:44:31,797 - INFO - Epoch [2730/5000], Average Loss: 0.0000
2024-09-27 17:44:32,946 - INFO - Epoch [2740/5000], Average Loss: 0.0000
2024-09-27 17:44:34,093 - INFO - Epoch [2750/5000], Average Loss: 0.0000
2024-09-27 17:44:35,243 - INFO - Epoch [2760/5000], Average Loss: 0.0000
2024-09-27 17:44:36,361 - INFO - Epoch [2770/5000], Average Loss: 0.0000
2024-09-27 17:44:37,428 - INFO - Epoch [2780/5000], Average Loss: 0.0000
2024-09-27 17:44:38,632 - INFO - Epoch [2790/5000], Average Loss: 0.0000
2024-09-27 17:44:39,910 - INFO - Epoch [2800/5000], Average Loss: 0.0000
2024-09-27 17:44:41,059 - INFO - Epoch [2810/5000], Average Loss: 0.0000
2024-09-27 17:44:42,293 - INFO - Epoch [2820/5000], Average Loss: 0.0000
2024-09-27 17:44:43,421 - INFO - Epoch [2830/5000], Average Loss: 0.0000
2024-09-27 17:44:44,589 - INFO - Epoch [2840/5000], Average Loss: 0.0000
2024-09-27 17:44:45,886 - INFO - Epoch [2850/5000], Average Loss: 0.0000
2024-09-27 17:44:47,112 - INFO - Epoch [2860/5000], Average Loss: 0.0000
2024-09-27 17:44:48,346 - INFO - Epoch [2870/5000], Average Loss: 0.0000
2024-09-27 17:44:49,573 - INFO - Epoch [2880/5000], Average Loss: 0.0000
2024-09-27 17:44:50,799 - INFO - Epoch [2890/5000], Average Loss: 0.0000
2024-09-27 17:44:52,056 - INFO - Epoch [2900/5000], Average Loss: 0.0000
2024-09-27 17:44:53,392 - INFO - Epoch [2910/5000], Average Loss: 0.0000
2024-09-27 17:44:54,730 - INFO - Epoch [2920/5000], Average Loss: 0.0001
2024-09-27 17:44:56,072 - INFO - Epoch [2930/5000], Average Loss: 0.0000
2024-09-27 17:44:57,414 - INFO - Epoch [2940/5000], Average Loss: 0.0000
2024-09-27 17:44:58,752 - INFO - Epoch [2950/5000], Average Loss: 0.0000
2024-09-27 17:45:00,090 - INFO - Epoch [2960/5000], Average Loss: 0.0000
2024-09-27 17:45:01,426 - INFO - Epoch [2970/5000], Average Loss: 0.0000
2024-09-27 17:45:02,766 - INFO - Epoch [2980/5000], Average Loss: 0.0000
2024-09-27 17:45:04,110 - INFO - Epoch [2990/5000], Average Loss: 0.0000
2024-09-27 17:45:05,447 - INFO - Epoch [3000/5000], Average Loss: 0.0000
2024-09-27 17:45:06,778 - INFO - Epoch [3010/5000], Average Loss: 0.0000
2024-09-27 17:45:08,095 - INFO - Epoch [3020/5000], Average Loss: 0.0000
2024-09-27 17:45:09,417 - INFO - Epoch [3030/5000], Average Loss: 0.0000
2024-09-27 17:45:10,757 - INFO - Epoch [3040/5000], Average Loss: 0.0000
2024-09-27 17:45:12,095 - INFO - Epoch [3050/5000], Average Loss: 0.0000
2024-09-27 17:45:13,438 - INFO - Epoch [3060/5000], Average Loss: 0.0000
2024-09-27 17:45:14,640 - INFO - Epoch [3070/5000], Average Loss: 0.0000
2024-09-27 17:45:15,944 - INFO - Epoch [3080/5000], Average Loss: 0.0000
2024-09-27 17:45:17,236 - INFO - Epoch [3090/5000], Average Loss: 0.0000
2024-09-27 17:45:18,514 - INFO - Epoch [3100/5000], Average Loss: 0.0000
2024-09-27 17:45:19,820 - INFO - Epoch [3110/5000], Average Loss: 0.0000
2024-09-27 17:45:21,047 - INFO - Epoch [3120/5000], Average Loss: 0.0000
2024-09-27 17:45:22,233 - INFO - Epoch [3130/5000], Average Loss: 0.0000
2024-09-27 17:45:23,414 - INFO - Epoch [3140/5000], Average Loss: 0.0000
2024-09-27 17:45:24,717 - INFO - Epoch [3150/5000], Average Loss: 0.0000
2024-09-27 17:45:26,051 - INFO - Epoch [3160/5000], Average Loss: 0.0000
2024-09-27 17:45:27,290 - INFO - Epoch [3170/5000], Average Loss: 0.0000
2024-09-27 17:45:28,617 - INFO - Epoch [3180/5000], Average Loss: 0.0000
2024-09-27 17:45:29,956 - INFO - Epoch [3190/5000], Average Loss: 0.0000
2024-09-27 17:45:31,274 - INFO - Epoch [3200/5000], Average Loss: 0.0000
2024-09-27 17:45:32,597 - INFO - Epoch [3210/5000], Average Loss: 0.0000
2024-09-27 17:45:33,934 - INFO - Epoch [3220/5000], Average Loss: 0.0000
2024-09-27 17:45:35,274 - INFO - Epoch [3230/5000], Average Loss: 0.0000
2024-09-27 17:45:36,571 - INFO - Epoch [3240/5000], Average Loss: 0.0000
2024-09-27 17:45:37,844 - INFO - Epoch [3250/5000], Average Loss: 0.0000
2024-09-27 17:45:39,169 - INFO - Epoch [3260/5000], Average Loss: 0.0000
2024-09-27 17:45:40,464 - INFO - Epoch [3270/5000], Average Loss: 0.0000
2024-09-27 17:45:41,696 - INFO - Epoch [3280/5000], Average Loss: 0.0000
2024-09-27 17:45:43,001 - INFO - Epoch [3290/5000], Average Loss: 0.0000
2024-09-27 17:45:44,299 - INFO - Epoch [3300/5000], Average Loss: 0.0000
2024-09-27 17:45:45,545 - INFO - Epoch [3310/5000], Average Loss: 0.0000
2024-09-27 17:45:46,747 - INFO - Epoch [3320/5000], Average Loss: 0.0000
2024-09-27 17:45:48,053 - INFO - Epoch [3330/5000], Average Loss: 0.0000
2024-09-27 17:45:49,282 - INFO - Epoch [3340/5000], Average Loss: 0.0000
2024-09-27 17:45:50,540 - INFO - Epoch [3350/5000], Average Loss: 0.0000
2024-09-27 17:45:51,832 - INFO - Epoch [3360/5000], Average Loss: 0.0000
2024-09-27 17:45:52,980 - INFO - Epoch [3370/5000], Average Loss: 0.0000
2024-09-27 17:45:54,248 - INFO - Epoch [3380/5000], Average Loss: 0.0000
2024-09-27 17:45:55,478 - INFO - Epoch [3390/5000], Average Loss: 0.0000
2024-09-27 17:45:56,705 - INFO - Epoch [3400/5000], Average Loss: 0.0000
2024-09-27 17:45:57,945 - INFO - Epoch [3410/5000], Average Loss: 0.0000
2024-09-27 17:45:59,166 - INFO - Epoch [3420/5000], Average Loss: 0.0000
2024-09-27 17:46:00,387 - INFO - Epoch [3430/5000], Average Loss: 0.0000
2024-09-27 17:46:01,612 - INFO - Epoch [3440/5000], Average Loss: 0.0000
2024-09-27 17:46:02,838 - INFO - Epoch [3450/5000], Average Loss: 0.0000
2024-09-27 17:46:04,014 - INFO - Epoch [3460/5000], Average Loss: 0.0000
2024-09-27 17:46:05,234 - INFO - Epoch [3470/5000], Average Loss: 0.0000
2024-09-27 17:46:06,385 - INFO - Epoch [3480/5000], Average Loss: 0.0000
2024-09-27 17:46:07,528 - INFO - Epoch [3490/5000], Average Loss: 0.0000
2024-09-27 17:46:08,675 - INFO - Epoch [3500/5000], Average Loss: 0.0000
2024-09-27 17:46:09,931 - INFO - Epoch [3510/5000], Average Loss: 0.0000
2024-09-27 17:46:11,250 - INFO - Epoch [3520/5000], Average Loss: 0.0000
2024-09-27 17:46:12,587 - INFO - Epoch [3530/5000], Average Loss: 0.0000
2024-09-27 17:46:13,897 - INFO - Epoch [3540/5000], Average Loss: 0.0000
2024-09-27 17:46:15,218 - INFO - Epoch [3550/5000], Average Loss: 0.0000
2024-09-27 17:46:16,548 - INFO - Epoch [3560/5000], Average Loss: 0.0000
2024-09-27 17:46:17,869 - INFO - Epoch [3570/5000], Average Loss: 0.0000
2024-09-27 17:46:19,188 - INFO - Epoch [3580/5000], Average Loss: 0.0000
2024-09-27 17:46:20,463 - INFO - Epoch [3590/5000], Average Loss: 0.0000
2024-09-27 17:46:21,692 - INFO - Epoch [3600/5000], Average Loss: 0.0000
2024-09-27 17:46:22,919 - INFO - Epoch [3610/5000], Average Loss: 0.0000
2024-09-27 17:46:24,140 - INFO - Epoch [3620/5000], Average Loss: 0.0199
2024-09-27 17:46:25,368 - INFO - Epoch [3630/5000], Average Loss: 0.0000
2024-09-27 17:46:26,521 - INFO - Epoch [3640/5000], Average Loss: 0.0000
2024-09-27 17:46:27,671 - INFO - Epoch [3650/5000], Average Loss: 0.0000
2024-09-27 17:46:28,900 - INFO - Epoch [3660/5000], Average Loss: 0.0000
2024-09-27 17:46:30,129 - INFO - Epoch [3670/5000], Average Loss: 0.0000
2024-09-27 17:46:31,361 - INFO - Epoch [3680/5000], Average Loss: 0.0000
2024-09-27 17:46:32,588 - INFO - Epoch [3690/5000], Average Loss: 0.0000
2024-09-27 17:46:33,839 - INFO - Epoch [3700/5000], Average Loss: 0.0000
2024-09-27 17:46:35,067 - INFO - Epoch [3710/5000], Average Loss: 0.0000
2024-09-27 17:46:36,273 - INFO - Epoch [3720/5000], Average Loss: 0.0000
2024-09-27 17:46:37,501 - INFO - Epoch [3730/5000], Average Loss: 0.0000
2024-09-27 17:46:38,776 - INFO - Epoch [3740/5000], Average Loss: 0.0000
2024-09-27 17:46:40,023 - INFO - Epoch [3750/5000], Average Loss: 0.0000
2024-09-27 17:46:41,327 - INFO - Epoch [3760/5000], Average Loss: 0.0000
2024-09-27 17:46:42,477 - INFO - Epoch [3770/5000], Average Loss: 0.0000
2024-09-27 17:46:43,611 - INFO - Epoch [3780/5000], Average Loss: 0.0000
2024-09-27 17:46:44,761 - INFO - Epoch [3790/5000], Average Loss: 0.0000
2024-09-27 17:46:45,911 - INFO - Epoch [3800/5000], Average Loss: 0.0000
2024-09-27 17:46:47,154 - INFO - Epoch [3810/5000], Average Loss: 0.0000
2024-09-27 17:46:48,399 - INFO - Epoch [3820/5000], Average Loss: 0.0000
2024-09-27 17:46:49,628 - INFO - Epoch [3830/5000], Average Loss: 0.0000
2024-09-27 17:46:50,853 - INFO - Epoch [3840/5000], Average Loss: 0.0000
2024-09-27 17:46:52,077 - INFO - Epoch [3850/5000], Average Loss: 0.0000
2024-09-27 17:46:53,303 - INFO - Epoch [3860/5000], Average Loss: 0.0000
2024-09-27 17:46:54,461 - INFO - Epoch [3870/5000], Average Loss: 0.0000
2024-09-27 17:46:55,610 - INFO - Epoch [3880/5000], Average Loss: 0.0000
2024-09-27 17:46:56,758 - INFO - Epoch [3890/5000], Average Loss: 0.0000
2024-09-27 17:46:57,910 - INFO - Epoch [3900/5000], Average Loss: 0.0000
2024-09-27 17:46:59,058 - INFO - Epoch [3910/5000], Average Loss: 0.0000
2024-09-27 17:47:00,242 - INFO - Epoch [3920/5000], Average Loss: 0.0000
2024-09-27 17:47:01,588 - INFO - Epoch [3930/5000], Average Loss: 0.0000
2024-09-27 17:47:02,873 - INFO - Epoch [3940/5000], Average Loss: 0.0000
2024-09-27 17:47:04,102 - INFO - Epoch [3950/5000], Average Loss: 0.0000
2024-09-27 17:47:05,328 - INFO - Epoch [3960/5000], Average Loss: 0.0000
2024-09-27 17:47:06,481 - INFO - Epoch [3970/5000], Average Loss: 0.0000
2024-09-27 17:47:07,632 - INFO - Epoch [3980/5000], Average Loss: 0.0000
2024-09-27 17:47:08,886 - INFO - Epoch [3990/5000], Average Loss: 0.0000
2024-09-27 17:47:10,039 - INFO - Epoch [4000/5000], Average Loss: 0.0000
2024-09-27 17:47:11,295 - INFO - Epoch [4010/5000], Average Loss: 0.0000
2024-09-27 17:47:12,558 - INFO - Epoch [4020/5000], Average Loss: 0.0000
2024-09-27 17:47:13,790 - INFO - Epoch [4030/5000], Average Loss: 0.0000
2024-09-27 17:47:14,943 - INFO - Epoch [4040/5000], Average Loss: 0.0000
2024-09-27 17:47:16,093 - INFO - Epoch [4050/5000], Average Loss: 0.0000
2024-09-27 17:47:17,245 - INFO - Epoch [4060/5000], Average Loss: 0.0000
2024-09-27 17:47:18,474 - INFO - Epoch [4070/5000], Average Loss: 0.0000
2024-09-27 17:47:19,625 - INFO - Epoch [4080/5000], Average Loss: 0.0000
2024-09-27 17:47:20,775 - INFO - Epoch [4090/5000], Average Loss: 0.0000
2024-09-27 17:47:21,927 - INFO - Epoch [4100/5000], Average Loss: 0.0000
2024-09-27 17:47:23,076 - INFO - Epoch [4110/5000], Average Loss: 0.0000
2024-09-27 17:47:24,200 - INFO - Epoch [4120/5000], Average Loss: 0.0000
2024-09-27 17:47:25,266 - INFO - Epoch [4130/5000], Average Loss: 0.0000
2024-09-27 17:47:26,478 - INFO - Epoch [4140/5000], Average Loss: 0.0000
2024-09-27 17:47:27,734 - INFO - Epoch [4150/5000], Average Loss: 0.0000
2024-09-27 17:47:29,011 - INFO - Epoch [4160/5000], Average Loss: 0.0000
2024-09-27 17:47:30,305 - INFO - Epoch [4170/5000], Average Loss: 0.0000
2024-09-27 17:47:31,648 - INFO - Epoch [4180/5000], Average Loss: 0.0000
2024-09-27 17:47:32,987 - INFO - Epoch [4190/5000], Average Loss: 0.0000
2024-09-27 17:47:34,319 - INFO - Epoch [4200/5000], Average Loss: 0.0000
2024-09-27 17:47:35,566 - INFO - Epoch [4210/5000], Average Loss: 0.0000
2024-09-27 17:47:36,794 - INFO - Epoch [4220/5000], Average Loss: 0.0000
2024-09-27 17:47:38,057 - INFO - Epoch [4230/5000], Average Loss: 0.0000
2024-09-27 17:47:39,360 - INFO - Epoch [4240/5000], Average Loss: 0.0000
2024-09-27 17:47:40,654 - INFO - Epoch [4250/5000], Average Loss: 0.0000
2024-09-27 17:47:41,884 - INFO - Epoch [4260/5000], Average Loss: 0.0000
2024-09-27 17:47:43,194 - INFO - Epoch [4270/5000], Average Loss: 0.0000
2024-09-27 17:47:44,374 - INFO - Epoch [4280/5000], Average Loss: 0.0000
2024-09-27 17:47:45,707 - INFO - Epoch [4290/5000], Average Loss: 0.0000
2024-09-27 17:47:47,043 - INFO - Epoch [4300/5000], Average Loss: 0.0000
2024-09-27 17:47:48,386 - INFO - Epoch [4310/5000], Average Loss: 0.0000
2024-09-27 17:47:49,661 - INFO - Epoch [4320/5000], Average Loss: 0.0000
2024-09-27 17:47:50,922 - INFO - Epoch [4330/5000], Average Loss: 0.0000
2024-09-27 17:47:52,241 - INFO - Epoch [4340/5000], Average Loss: 0.1760
2024-09-27 17:47:53,577 - INFO - Epoch [4350/5000], Average Loss: 0.0000
2024-09-27 17:47:54,875 - INFO - Epoch [4360/5000], Average Loss: 0.0000
2024-09-27 17:47:56,213 - INFO - Epoch [4370/5000], Average Loss: 0.0000
2024-09-27 17:47:57,552 - INFO - Epoch [4380/5000], Average Loss: 0.0000
2024-09-27 17:47:58,809 - INFO - Epoch [4390/5000], Average Loss: 0.0000
2024-09-27 17:48:00,066 - INFO - Epoch [4400/5000], Average Loss: 0.0000
2024-09-27 17:48:01,295 - INFO - Epoch [4410/5000], Average Loss: 0.0000
2024-09-27 17:48:02,523 - INFO - Epoch [4420/5000], Average Loss: 0.0000
2024-09-27 17:48:03,750 - INFO - Epoch [4430/5000], Average Loss: 0.0000
2024-09-27 17:48:05,031 - INFO - Epoch [4440/5000], Average Loss: 0.0000
2024-09-27 17:48:06,314 - INFO - Epoch [4450/5000], Average Loss: 0.0000
2024-09-27 17:48:07,542 - INFO - Epoch [4460/5000], Average Loss: 0.0000
2024-09-27 17:48:08,764 - INFO - Epoch [4470/5000], Average Loss: 0.0000
2024-09-27 17:48:09,987 - INFO - Epoch [4480/5000], Average Loss: 0.0000
2024-09-27 17:48:11,206 - INFO - Epoch [4490/5000], Average Loss: 0.0000
2024-09-27 17:48:12,429 - INFO - Epoch [4500/5000], Average Loss: 0.0000
2024-09-27 17:48:13,648 - INFO - Epoch [4510/5000], Average Loss: 0.0000
2024-09-27 17:48:14,867 - INFO - Epoch [4520/5000], Average Loss: 0.0000
2024-09-27 17:48:16,019 - INFO - Epoch [4530/5000], Average Loss: 0.0000
2024-09-27 17:48:17,239 - INFO - Epoch [4540/5000], Average Loss: 0.0000
2024-09-27 17:48:18,572 - INFO - Epoch [4550/5000], Average Loss: 0.0000
2024-09-27 17:48:19,914 - INFO - Epoch [4560/5000], Average Loss: 0.0000
2024-09-27 17:48:21,248 - INFO - Epoch [4570/5000], Average Loss: 0.0000
2024-09-27 17:48:22,580 - INFO - Epoch [4580/5000], Average Loss: 0.0000
2024-09-27 17:48:23,827 - INFO - Epoch [4590/5000], Average Loss: 0.0000
2024-09-27 17:48:25,174 - INFO - Epoch [4600/5000], Average Loss: 0.0000
2024-09-27 17:48:26,433 - INFO - Epoch [4610/5000], Average Loss: 0.0000
2024-09-27 17:48:27,661 - INFO - Epoch [4620/5000], Average Loss: 0.0000
2024-09-27 17:48:28,814 - INFO - Epoch [4630/5000], Average Loss: 0.0000
2024-09-27 17:48:29,964 - INFO - Epoch [4640/5000], Average Loss: 0.0000
2024-09-27 17:48:31,113 - INFO - Epoch [4650/5000], Average Loss: 0.0000
2024-09-27 17:48:32,264 - INFO - Epoch [4660/5000], Average Loss: 0.0000
2024-09-27 17:48:33,414 - INFO - Epoch [4670/5000], Average Loss: 0.0000
2024-09-27 17:48:34,565 - INFO - Epoch [4680/5000], Average Loss: 0.0000
2024-09-27 17:48:35,715 - INFO - Epoch [4690/5000], Average Loss: 0.0000
2024-09-27 17:48:36,863 - INFO - Epoch [4700/5000], Average Loss: 0.0000
2024-09-27 17:48:38,010 - INFO - Epoch [4710/5000], Average Loss: 0.0000
2024-09-27 17:48:39,159 - INFO - Epoch [4720/5000], Average Loss: 0.0000
2024-09-27 17:48:40,417 - INFO - Epoch [4730/5000], Average Loss: 0.0000
2024-09-27 17:48:41,752 - INFO - Epoch [4740/5000], Average Loss: 0.0000
2024-09-27 17:48:42,904 - INFO - Epoch [4750/5000], Average Loss: 0.0000
2024-09-27 17:48:44,087 - INFO - Epoch [4760/5000], Average Loss: 0.0000
2024-09-27 17:48:45,362 - INFO - Epoch [4770/5000], Average Loss: 0.0000
2024-09-27 17:48:46,588 - INFO - Epoch [4780/5000], Average Loss: 0.0000
2024-09-27 17:48:47,818 - INFO - Epoch [4790/5000], Average Loss: 0.0000
2024-09-27 17:48:49,129 - INFO - Epoch [4800/5000], Average Loss: 0.0000
2024-09-27 17:48:50,357 - INFO - Epoch [4810/5000], Average Loss: 0.0000
2024-09-27 17:48:51,596 - INFO - Epoch [4820/5000], Average Loss: 0.0000
2024-09-27 17:48:52,745 - INFO - Epoch [4830/5000], Average Loss: 0.0000
2024-09-27 17:48:53,892 - INFO - Epoch [4840/5000], Average Loss: 0.0000
2024-09-27 17:48:55,044 - INFO - Epoch [4850/5000], Average Loss: 0.0000
2024-09-27 17:48:56,213 - INFO - Epoch [4860/5000], Average Loss: 0.0000
2024-09-27 17:48:57,441 - INFO - Epoch [4870/5000], Average Loss: 0.0000
2024-09-27 17:48:58,669 - INFO - Epoch [4880/5000], Average Loss: 0.0000
2024-09-27 17:48:59,947 - INFO - Epoch [4890/5000], Average Loss: 0.0000
2024-09-27 17:49:01,230 - INFO - Epoch [4900/5000], Average Loss: 0.0000
2024-09-27 17:49:02,457 - INFO - Epoch [4910/5000], Average Loss: 0.0000
2024-09-27 17:49:03,609 - INFO - Epoch [4920/5000], Average Loss: 0.0000
2024-09-27 17:49:04,760 - INFO - Epoch [4930/5000], Average Loss: 0.0000
2024-09-27 17:49:05,906 - INFO - Epoch [4940/5000], Average Loss: 0.0000
2024-09-27 17:49:07,055 - INFO - Epoch [4950/5000], Average Loss: 0.0000
2024-09-27 17:49:08,203 - INFO - Epoch [4960/5000], Average Loss: 0.0000
2024-09-27 17:49:09,352 - INFO - Epoch [4970/5000], Average Loss: 0.0000
2024-09-27 17:49:10,502 - INFO - Epoch [4980/5000], Average Loss: 0.0000
2024-09-27 17:49:11,650 - INFO - Epoch [4990/5000], Average Loss: 0.0000
2024-09-27 17:49:12,869 - INFO - Epoch [5000/5000], Average Loss: 0.0000
2024-09-27 17:49:12,872 - INFO - Evaluating MLP on original bulk data:
2024-09-27 17:49:12,882 - INFO - Confusion Matrix:
2024-09-27 17:49:12,882 - INFO - 
[[  0   2   0   0   0]
 [  1  41  53  15   0]
 [  0  34 103  13   0]
 [  0   8  17   4   0]
 [  0   0   3   0   0]]
2024-09-27 17:49:12,882 - INFO - 
Classification Report:
2024-09-27 17:49:12,883 - INFO - 
              precision    recall  f1-score   support

           0       0.00      0.00      0.00         2
           1       0.48      0.37      0.42       110
           2       0.59      0.69      0.63       150
           3       0.12      0.14      0.13        29
           4       0.00      0.00      0.00         3

    accuracy                           0.50       294
   macro avg       0.24      0.24      0.24       294
weighted avg       0.49      0.50      0.49       294

2024-09-27 17:49:12,883 - INFO - Stage 8: Training and evaluating MLP on Barlow Twins embeddings...
2024-09-27 17:49:14,173 - INFO - Epoch [10/5000], Average Loss: 0.9775
2024-09-27 17:49:15,456 - INFO - Epoch [20/5000], Average Loss: 0.9097
2024-09-27 17:49:16,644 - INFO - Epoch [30/5000], Average Loss: 0.8925
2024-09-27 17:49:17,754 - INFO - Epoch [40/5000], Average Loss: 0.8830
2024-09-27 17:49:18,989 - INFO - Epoch [50/5000], Average Loss: 0.8760
2024-09-27 17:49:20,281 - INFO - Epoch [60/5000], Average Loss: 0.8702
2024-09-27 17:49:21,573 - INFO - Epoch [70/5000], Average Loss: 0.8654
2024-09-27 17:49:22,870 - INFO - Epoch [80/5000], Average Loss: 0.8612
2024-09-27 17:49:24,155 - INFO - Epoch [90/5000], Average Loss: 0.8575
2024-09-27 17:49:25,438 - INFO - Epoch [100/5000], Average Loss: 0.8542
2024-09-27 17:49:26,723 - INFO - Epoch [110/5000], Average Loss: 0.8512
2024-09-27 17:49:27,856 - INFO - Epoch [120/5000], Average Loss: 0.8486
2024-09-27 17:49:29,152 - INFO - Epoch [130/5000], Average Loss: 0.8460
2024-09-27 17:49:30,455 - INFO - Epoch [140/5000], Average Loss: 0.8437
2024-09-27 17:49:31,754 - INFO - Epoch [150/5000], Average Loss: 0.8416
2024-09-27 17:49:33,051 - INFO - Epoch [160/5000], Average Loss: 0.8396
2024-09-27 17:49:34,314 - INFO - Epoch [170/5000], Average Loss: 0.8376
2024-09-27 17:49:35,487 - INFO - Epoch [180/5000], Average Loss: 0.8357
2024-09-27 17:49:36,703 - INFO - Epoch [190/5000], Average Loss: 0.8339
2024-09-27 17:49:37,883 - INFO - Epoch [200/5000], Average Loss: 0.8321
2024-09-27 17:49:39,056 - INFO - Epoch [210/5000], Average Loss: 0.8304
2024-09-27 17:49:40,242 - INFO - Epoch [220/5000], Average Loss: 0.8288
2024-09-27 17:49:41,376 - INFO - Epoch [230/5000], Average Loss: 0.8271
2024-09-27 17:49:42,479 - INFO - Epoch [240/5000], Average Loss: 0.8255
2024-09-27 17:49:43,616 - INFO - Epoch [250/5000], Average Loss: 0.8240
2024-09-27 17:49:44,884 - INFO - Epoch [260/5000], Average Loss: 0.8225
2024-09-27 17:49:46,037 - INFO - Epoch [270/5000], Average Loss: 0.8210
2024-09-27 17:49:47,152 - INFO - Epoch [280/5000], Average Loss: 0.8197
2024-09-27 17:49:48,297 - INFO - Epoch [290/5000], Average Loss: 0.8183
2024-09-27 17:49:49,525 - INFO - Epoch [300/5000], Average Loss: 0.8171
2024-09-27 17:49:50,821 - INFO - Epoch [310/5000], Average Loss: 0.8158
2024-09-27 17:49:52,114 - INFO - Epoch [320/5000], Average Loss: 0.8146
2024-09-27 17:49:53,393 - INFO - Epoch [330/5000], Average Loss: 0.8134
2024-09-27 17:49:54,667 - INFO - Epoch [340/5000], Average Loss: 0.8122
2024-09-27 17:49:55,960 - INFO - Epoch [350/5000], Average Loss: 0.8112
2024-09-27 17:49:57,257 - INFO - Epoch [360/5000], Average Loss: 0.8101
2024-09-27 17:49:58,552 - INFO - Epoch [370/5000], Average Loss: 0.8090
2024-09-27 17:49:59,850 - INFO - Epoch [380/5000], Average Loss: 0.8081
2024-09-27 17:50:01,116 - INFO - Epoch [390/5000], Average Loss: 0.8071
2024-09-27 17:50:02,414 - INFO - Epoch [400/5000], Average Loss: 0.8062
2024-09-27 17:50:03,650 - INFO - Epoch [410/5000], Average Loss: 0.8054
2024-09-27 17:50:04,932 - INFO - Epoch [420/5000], Average Loss: 0.8045
2024-09-27 17:50:06,221 - INFO - Epoch [430/5000], Average Loss: 0.8036
2024-09-27 17:50:07,509 - INFO - Epoch [440/5000], Average Loss: 0.8028
2024-09-27 17:50:08,728 - INFO - Epoch [450/5000], Average Loss: 0.8020
2024-09-27 17:50:09,909 - INFO - Epoch [460/5000], Average Loss: 0.8012
2024-09-27 17:50:11,087 - INFO - Epoch [470/5000], Average Loss: 0.8005
2024-09-27 17:50:12,289 - INFO - Epoch [480/5000], Average Loss: 0.7997
2024-09-27 17:50:13,516 - INFO - Epoch [490/5000], Average Loss: 0.7991
2024-09-27 17:50:14,813 - INFO - Epoch [500/5000], Average Loss: 0.7984
2024-09-27 17:50:16,104 - INFO - Epoch [510/5000], Average Loss: 0.7978
2024-09-27 17:50:17,402 - INFO - Epoch [520/5000], Average Loss: 0.7971
2024-09-27 17:50:18,701 - INFO - Epoch [530/5000], Average Loss: 0.7964
2024-09-27 17:50:19,996 - INFO - Epoch [540/5000], Average Loss: 0.7959
2024-09-27 17:50:21,295 - INFO - Epoch [550/5000], Average Loss: 0.7952
2024-09-27 17:50:22,553 - INFO - Epoch [560/5000], Average Loss: 0.7946
2024-09-27 17:50:23,751 - INFO - Epoch [570/5000], Average Loss: 0.7941
2024-09-27 17:50:25,048 - INFO - Epoch [580/5000], Average Loss: 0.7935
2024-09-27 17:50:26,325 - INFO - Epoch [590/5000], Average Loss: 0.7930
2024-09-27 17:50:27,613 - INFO - Epoch [600/5000], Average Loss: 0.7925
2024-09-27 17:50:28,905 - INFO - Epoch [610/5000], Average Loss: 0.7919
2024-09-27 17:50:30,134 - INFO - Epoch [620/5000], Average Loss: 0.7914
2024-09-27 17:50:31,314 - INFO - Epoch [630/5000], Average Loss: 0.7910
2024-09-27 17:50:32,428 - INFO - Epoch [640/5000], Average Loss: 0.7905
2024-09-27 17:50:33,539 - INFO - Epoch [650/5000], Average Loss: 0.7900
2024-09-27 17:50:34,650 - INFO - Epoch [660/5000], Average Loss: 0.7896
2024-09-27 17:50:35,757 - INFO - Epoch [670/5000], Average Loss: 0.7891
2024-09-27 17:50:36,868 - INFO - Epoch [680/5000], Average Loss: 0.7886
2024-09-27 17:50:37,978 - INFO - Epoch [690/5000], Average Loss: 0.7882
2024-09-27 17:50:38,987 - INFO - Epoch [700/5000], Average Loss: 0.7878
2024-09-27 17:50:39,895 - INFO - Epoch [710/5000], Average Loss: 0.7874
2024-09-27 17:50:40,802 - INFO - Epoch [720/5000], Average Loss: 0.7869
2024-09-27 17:50:41,708 - INFO - Epoch [730/5000], Average Loss: 0.7865
2024-09-27 17:50:42,613 - INFO - Epoch [740/5000], Average Loss: 0.7861
2024-09-27 17:50:43,518 - INFO - Epoch [750/5000], Average Loss: 0.7858
2024-09-27 17:50:44,610 - INFO - Epoch [760/5000], Average Loss: 0.7853
2024-09-27 17:50:45,726 - INFO - Epoch [770/5000], Average Loss: 0.7849
2024-09-27 17:50:46,838 - INFO - Epoch [780/5000], Average Loss: 0.7845
2024-09-27 17:50:47,949 - INFO - Epoch [790/5000], Average Loss: 0.7842
2024-09-27 17:50:49,060 - INFO - Epoch [800/5000], Average Loss: 0.7838
2024-09-27 17:50:50,168 - INFO - Epoch [810/5000], Average Loss: 0.7834
2024-09-27 17:50:51,279 - INFO - Epoch [820/5000], Average Loss: 0.7830
2024-09-27 17:50:52,391 - INFO - Epoch [830/5000], Average Loss: 0.7826
2024-09-27 17:50:53,501 - INFO - Epoch [840/5000], Average Loss: 0.7823
2024-09-27 17:50:54,612 - INFO - Epoch [850/5000], Average Loss: 0.7819
2024-09-27 17:50:55,720 - INFO - Epoch [860/5000], Average Loss: 0.7815
2024-09-27 17:50:56,830 - INFO - Epoch [870/5000], Average Loss: 0.7812
2024-09-27 17:50:57,944 - INFO - Epoch [880/5000], Average Loss: 0.7809
2024-09-27 17:50:59,153 - INFO - Epoch [890/5000], Average Loss: 0.7806
2024-09-27 17:51:00,342 - INFO - Epoch [900/5000], Average Loss: 0.7802
2024-09-27 17:51:01,578 - INFO - Epoch [910/5000], Average Loss: 0.7798
2024-09-27 17:51:02,875 - INFO - Epoch [920/5000], Average Loss: 0.7795
2024-09-27 17:51:04,173 - INFO - Epoch [930/5000], Average Loss: 0.7792
2024-09-27 17:51:05,469 - INFO - Epoch [940/5000], Average Loss: 0.7788
2024-09-27 17:51:06,764 - INFO - Epoch [950/5000], Average Loss: 0.7786
2024-09-27 17:51:08,061 - INFO - Epoch [960/5000], Average Loss: 0.7782
2024-09-27 17:51:09,359 - INFO - Epoch [970/5000], Average Loss: 0.7779
2024-09-27 17:51:10,655 - INFO - Epoch [980/5000], Average Loss: 0.7776
2024-09-27 17:51:11,955 - INFO - Epoch [990/5000], Average Loss: 0.7772
2024-09-27 17:51:13,251 - INFO - Epoch [1000/5000], Average Loss: 0.7768
2024-09-27 17:51:14,547 - INFO - Epoch [1010/5000], Average Loss: 0.7766
2024-09-27 17:51:15,847 - INFO - Epoch [1020/5000], Average Loss: 0.7762
2024-09-27 17:51:17,066 - INFO - Epoch [1030/5000], Average Loss: 0.7759
2024-09-27 17:51:18,364 - INFO - Epoch [1040/5000], Average Loss: 0.7755
2024-09-27 17:51:19,580 - INFO - Epoch [1050/5000], Average Loss: 0.7753
2024-09-27 17:51:20,749 - INFO - Epoch [1060/5000], Average Loss: 0.7750
2024-09-27 17:51:21,962 - INFO - Epoch [1070/5000], Average Loss: 0.7746
2024-09-27 17:51:23,261 - INFO - Epoch [1080/5000], Average Loss: 0.7744
2024-09-27 17:51:24,542 - INFO - Epoch [1090/5000], Average Loss: 0.7741
2024-09-27 17:51:25,842 - INFO - Epoch [1100/5000], Average Loss: 0.7738
2024-09-27 17:51:27,037 - INFO - Epoch [1110/5000], Average Loss: 0.7734
2024-09-27 17:51:28,336 - INFO - Epoch [1120/5000], Average Loss: 0.7731
2024-09-27 17:51:29,633 - INFO - Epoch [1130/5000], Average Loss: 0.7729
2024-09-27 17:51:30,931 - INFO - Epoch [1140/5000], Average Loss: 0.7725
2024-09-27 17:51:32,223 - INFO - Epoch [1150/5000], Average Loss: 0.7722
2024-09-27 17:51:33,513 - INFO - Epoch [1160/5000], Average Loss: 0.7720
2024-09-27 17:51:34,792 - INFO - Epoch [1170/5000], Average Loss: 0.7717
2024-09-27 17:51:36,090 - INFO - Epoch [1180/5000], Average Loss: 0.7713
2024-09-27 17:51:37,301 - INFO - Epoch [1190/5000], Average Loss: 0.7710
2024-09-27 17:51:38,543 - INFO - Epoch [1200/5000], Average Loss: 0.7708
2024-09-27 17:51:39,846 - INFO - Epoch [1210/5000], Average Loss: 0.7705
2024-09-27 17:51:41,148 - INFO - Epoch [1220/5000], Average Loss: 0.7702
2024-09-27 17:51:42,448 - INFO - Epoch [1230/5000], Average Loss: 0.7699
2024-09-27 17:51:43,743 - INFO - Epoch [1240/5000], Average Loss: 0.7696
2024-09-27 17:51:44,994 - INFO - Epoch [1250/5000], Average Loss: 0.7694
2024-09-27 17:51:46,292 - INFO - Epoch [1260/5000], Average Loss: 0.7690
2024-09-27 17:51:47,592 - INFO - Epoch [1270/5000], Average Loss: 0.7689
2024-09-27 17:51:48,895 - INFO - Epoch [1280/5000], Average Loss: 0.7685
2024-09-27 17:51:50,194 - INFO - Epoch [1290/5000], Average Loss: 0.7683
2024-09-27 17:51:51,492 - INFO - Epoch [1300/5000], Average Loss: 0.7681
2024-09-27 17:51:52,790 - INFO - Epoch [1310/5000], Average Loss: 0.7677
2024-09-27 17:51:54,082 - INFO - Epoch [1320/5000], Average Loss: 0.7675
2024-09-27 17:51:55,383 - INFO - Epoch [1330/5000], Average Loss: 0.7672
2024-09-27 17:51:56,645 - INFO - Epoch [1340/5000], Average Loss: 0.7670
2024-09-27 17:51:57,932 - INFO - Epoch [1350/5000], Average Loss: 0.7667
2024-09-27 17:51:59,231 - INFO - Epoch [1360/5000], Average Loss: 0.7663
2024-09-27 17:52:00,420 - INFO - Epoch [1370/5000], Average Loss: 0.7662
2024-09-27 17:52:01,587 - INFO - Epoch [1380/5000], Average Loss: 0.7657
2024-09-27 17:52:02,753 - INFO - Epoch [1390/5000], Average Loss: 0.7654
2024-09-27 17:52:03,921 - INFO - Epoch [1400/5000], Average Loss: 0.7652
2024-09-27 17:52:05,088 - INFO - Epoch [1410/5000], Average Loss: 0.7649
2024-09-27 17:52:06,255 - INFO - Epoch [1420/5000], Average Loss: 0.7645
2024-09-27 17:52:07,532 - INFO - Epoch [1430/5000], Average Loss: 0.7644
2024-09-27 17:52:08,817 - INFO - Epoch [1440/5000], Average Loss: 0.7641
2024-09-27 17:52:10,114 - INFO - Epoch [1450/5000], Average Loss: 0.7638
2024-09-27 17:52:11,409 - INFO - Epoch [1460/5000], Average Loss: 0.7636
2024-09-27 17:52:12,707 - INFO - Epoch [1470/5000], Average Loss: 0.7631
2024-09-27 17:52:13,913 - INFO - Epoch [1480/5000], Average Loss: 0.7629
2024-09-27 17:52:15,037 - INFO - Epoch [1490/5000], Average Loss: 0.7626
2024-09-27 17:52:16,149 - INFO - Epoch [1500/5000], Average Loss: 0.7624
2024-09-27 17:52:17,335 - INFO - Epoch [1510/5000], Average Loss: 0.7620
2024-09-27 17:52:18,520 - INFO - Epoch [1520/5000], Average Loss: 0.7618
2024-09-27 17:52:19,700 - INFO - Epoch [1530/5000], Average Loss: 0.7615
2024-09-27 17:52:20,951 - INFO - Epoch [1540/5000], Average Loss: 0.7612
2024-09-27 17:52:22,132 - INFO - Epoch [1550/5000], Average Loss: 0.7610
2024-09-27 17:52:23,430 - INFO - Epoch [1560/5000], Average Loss: 0.7607
2024-09-27 17:52:24,716 - INFO - Epoch [1570/5000], Average Loss: 0.7605
2024-09-27 17:52:26,006 - INFO - Epoch [1580/5000], Average Loss: 0.7602
2024-09-27 17:52:27,266 - INFO - Epoch [1590/5000], Average Loss: 0.7600
2024-09-27 17:52:28,519 - INFO - Epoch [1600/5000], Average Loss: 0.7596
2024-09-27 17:52:29,701 - INFO - Epoch [1610/5000], Average Loss: 0.7595
2024-09-27 17:52:30,881 - INFO - Epoch [1620/5000], Average Loss: 0.7592
2024-09-27 17:52:32,095 - INFO - Epoch [1630/5000], Average Loss: 0.7589
2024-09-27 17:52:33,342 - INFO - Epoch [1640/5000], Average Loss: 0.7587
2024-09-27 17:52:34,598 - INFO - Epoch [1650/5000], Average Loss: 0.7583
2024-09-27 17:52:35,883 - INFO - Epoch [1660/5000], Average Loss: 0.7580
2024-09-27 17:52:37,140 - INFO - Epoch [1670/5000], Average Loss: 0.7578
2024-09-27 17:52:38,331 - INFO - Epoch [1680/5000], Average Loss: 0.7577
2024-09-27 17:52:39,533 - INFO - Epoch [1690/5000], Average Loss: 0.7573
2024-09-27 17:52:40,767 - INFO - Epoch [1700/5000], Average Loss: 0.7570
2024-09-27 17:52:42,006 - INFO - Epoch [1710/5000], Average Loss: 0.7568
2024-09-27 17:52:43,160 - INFO - Epoch [1720/5000], Average Loss: 0.7565
2024-09-27 17:52:44,254 - INFO - Epoch [1730/5000], Average Loss: 0.7563
2024-09-27 17:52:45,365 - INFO - Epoch [1740/5000], Average Loss: 0.7561
2024-09-27 17:52:46,475 - INFO - Epoch [1750/5000], Average Loss: 0.7558
2024-09-27 17:52:47,612 - INFO - Epoch [1760/5000], Average Loss: 0.7555
2024-09-27 17:52:48,870 - INFO - Epoch [1770/5000], Average Loss: 0.7553
2024-09-27 17:52:50,063 - INFO - Epoch [1780/5000], Average Loss: 0.7549
2024-09-27 17:52:51,242 - INFO - Epoch [1790/5000], Average Loss: 0.7547
2024-09-27 17:52:52,422 - INFO - Epoch [1800/5000], Average Loss: 0.7544
2024-09-27 17:52:53,600 - INFO - Epoch [1810/5000], Average Loss: 0.7541
2024-09-27 17:52:54,776 - INFO - Epoch [1820/5000], Average Loss: 0.7538
2024-09-27 17:52:55,953 - INFO - Epoch [1830/5000], Average Loss: 0.7538
2024-09-27 17:52:57,133 - INFO - Epoch [1840/5000], Average Loss: 0.7534
2024-09-27 17:52:58,314 - INFO - Epoch [1850/5000], Average Loss: 0.7532
2024-09-27 17:52:59,595 - INFO - Epoch [1860/5000], Average Loss: 0.7530
2024-09-27 17:53:00,854 - INFO - Epoch [1870/5000], Average Loss: 0.7526
2024-09-27 17:53:02,111 - INFO - Epoch [1880/5000], Average Loss: 0.7525
2024-09-27 17:53:03,409 - INFO - Epoch [1890/5000], Average Loss: 0.7522
2024-09-27 17:53:04,708 - INFO - Epoch [1900/5000], Average Loss: 0.7518
2024-09-27 17:53:05,924 - INFO - Epoch [1910/5000], Average Loss: 0.7517
2024-09-27 17:53:07,182 - INFO - Epoch [1920/5000], Average Loss: 0.7511
2024-09-27 17:53:08,442 - INFO - Epoch [1930/5000], Average Loss: 0.7510
2024-09-27 17:53:09,619 - INFO - Epoch [1940/5000], Average Loss: 0.7508
2024-09-27 17:53:10,797 - INFO - Epoch [1950/5000], Average Loss: 0.7507
2024-09-27 17:53:11,984 - INFO - Epoch [1960/5000], Average Loss: 0.7505
2024-09-27 17:53:13,158 - INFO - Epoch [1970/5000], Average Loss: 0.7501
2024-09-27 17:53:14,285 - INFO - Epoch [1980/5000], Average Loss: 0.7498
2024-09-27 17:53:15,389 - INFO - Epoch [1990/5000], Average Loss: 0.7494
2024-09-27 17:53:16,548 - INFO - Epoch [2000/5000], Average Loss: 0.7492
2024-09-27 17:53:17,727 - INFO - Epoch [2010/5000], Average Loss: 0.7491
2024-09-27 17:53:18,903 - INFO - Epoch [2020/5000], Average Loss: 0.7488
2024-09-27 17:53:20,076 - INFO - Epoch [2030/5000], Average Loss: 0.7485
2024-09-27 17:53:21,248 - INFO - Epoch [2040/5000], Average Loss: 0.7482
2024-09-27 17:53:22,420 - INFO - Epoch [2050/5000], Average Loss: 0.7479
2024-09-27 17:53:23,593 - INFO - Epoch [2060/5000], Average Loss: 0.7477
2024-09-27 17:53:24,767 - INFO - Epoch [2070/5000], Average Loss: 0.7475
2024-09-27 17:53:25,938 - INFO - Epoch [2080/5000], Average Loss: 0.7473
2024-09-27 17:53:27,116 - INFO - Epoch [2090/5000], Average Loss: 0.7471
2024-09-27 17:53:28,290 - INFO - Epoch [2100/5000], Average Loss: 0.7467
2024-09-27 17:53:29,495 - INFO - Epoch [2110/5000], Average Loss: 0.7466
2024-09-27 17:53:30,666 - INFO - Epoch [2120/5000], Average Loss: 0.7461
2024-09-27 17:53:31,840 - INFO - Epoch [2130/5000], Average Loss: 0.7458
2024-09-27 17:53:33,115 - INFO - Epoch [2140/5000], Average Loss: 0.7457
2024-09-27 17:53:34,411 - INFO - Epoch [2150/5000], Average Loss: 0.7454
2024-09-27 17:53:35,707 - INFO - Epoch [2160/5000], Average Loss: 0.7452
2024-09-27 17:53:37,006 - INFO - Epoch [2170/5000], Average Loss: 0.7450
2024-09-27 17:53:38,307 - INFO - Epoch [2180/5000], Average Loss: 0.7446
2024-09-27 17:53:39,525 - INFO - Epoch [2190/5000], Average Loss: 0.7447
2024-09-27 17:53:40,708 - INFO - Epoch [2200/5000], Average Loss: 0.7442
2024-09-27 17:53:41,888 - INFO - Epoch [2210/5000], Average Loss: 0.7439
2024-09-27 17:53:43,067 - INFO - Epoch [2220/5000], Average Loss: 0.7437
2024-09-27 17:53:44,295 - INFO - Epoch [2230/5000], Average Loss: 0.7434
2024-09-27 17:53:45,487 - INFO - Epoch [2240/5000], Average Loss: 0.7432
2024-09-27 17:53:46,707 - INFO - Epoch [2250/5000], Average Loss: 0.7429
2024-09-27 17:53:47,821 - INFO - Epoch [2260/5000], Average Loss: 0.7428
2024-09-27 17:53:49,028 - INFO - Epoch [2270/5000], Average Loss: 0.7425
2024-09-27 17:53:50,247 - INFO - Epoch [2280/5000], Average Loss: 0.7425
2024-09-27 17:53:51,431 - INFO - Epoch [2290/5000], Average Loss: 0.7420
2024-09-27 17:53:52,648 - INFO - Epoch [2300/5000], Average Loss: 0.7415
2024-09-27 17:53:53,814 - INFO - Epoch [2310/5000], Average Loss: 0.7413
2024-09-27 17:53:54,925 - INFO - Epoch [2320/5000], Average Loss: 0.7410
2024-09-27 17:53:56,065 - INFO - Epoch [2330/5000], Average Loss: 0.7410
2024-09-27 17:53:57,359 - INFO - Epoch [2340/5000], Average Loss: 0.7407
2024-09-27 17:53:58,639 - INFO - Epoch [2350/5000], Average Loss: 0.7406
2024-09-27 17:53:59,935 - INFO - Epoch [2360/5000], Average Loss: 0.7402
2024-09-27 17:54:01,162 - INFO - Epoch [2370/5000], Average Loss: 0.7399
2024-09-27 17:54:02,459 - INFO - Epoch [2380/5000], Average Loss: 0.7398
2024-09-27 17:54:03,750 - INFO - Epoch [2390/5000], Average Loss: 0.7394
2024-09-27 17:54:04,979 - INFO - Epoch [2400/5000], Average Loss: 0.7395
2024-09-27 17:54:06,260 - INFO - Epoch [2410/5000], Average Loss: 0.7390
2024-09-27 17:54:07,551 - INFO - Epoch [2420/5000], Average Loss: 0.7388
2024-09-27 17:54:08,843 - INFO - Epoch [2430/5000], Average Loss: 0.7384
2024-09-27 17:54:10,064 - INFO - Epoch [2440/5000], Average Loss: 0.7383
2024-09-27 17:54:11,364 - INFO - Epoch [2450/5000], Average Loss: 0.7379
2024-09-27 17:54:12,659 - INFO - Epoch [2460/5000], Average Loss: 0.7378
2024-09-27 17:54:13,957 - INFO - Epoch [2470/5000], Average Loss: 0.7376
2024-09-27 17:54:15,255 - INFO - Epoch [2480/5000], Average Loss: 0.7373
2024-09-27 17:54:16,546 - INFO - Epoch [2490/5000], Average Loss: 0.7370
2024-09-27 17:54:17,837 - INFO - Epoch [2500/5000], Average Loss: 0.7369
2024-09-27 17:54:19,116 - INFO - Epoch [2510/5000], Average Loss: 0.7366
2024-09-27 17:54:20,351 - INFO - Epoch [2520/5000], Average Loss: 0.7363
2024-09-27 17:54:21,563 - INFO - Epoch [2530/5000], Average Loss: 0.7360
2024-09-27 17:54:22,749 - INFO - Epoch [2540/5000], Average Loss: 0.7358
2024-09-27 17:54:23,928 - INFO - Epoch [2550/5000], Average Loss: 0.7357
2024-09-27 17:54:25,110 - INFO - Epoch [2560/5000], Average Loss: 0.7354
2024-09-27 17:54:26,290 - INFO - Epoch [2570/5000], Average Loss: 0.7353
2024-09-27 17:54:27,469 - INFO - Epoch [2580/5000], Average Loss: 0.7349
2024-09-27 17:54:28,648 - INFO - Epoch [2590/5000], Average Loss: 0.7348
2024-09-27 17:54:29,830 - INFO - Epoch [2600/5000], Average Loss: 0.7344
2024-09-27 17:54:30,944 - INFO - Epoch [2610/5000], Average Loss: 0.7341
2024-09-27 17:54:32,055 - INFO - Epoch [2620/5000], Average Loss: 0.7338
2024-09-27 17:54:33,166 - INFO - Epoch [2630/5000], Average Loss: 0.7336
2024-09-27 17:54:34,262 - INFO - Epoch [2640/5000], Average Loss: 0.7334
2024-09-27 17:54:35,303 - INFO - Epoch [2650/5000], Average Loss: 0.7333
2024-09-27 17:54:36,571 - INFO - Epoch [2660/5000], Average Loss: 0.7329
2024-09-27 17:54:37,866 - INFO - Epoch [2670/5000], Average Loss: 0.7329
2024-09-27 17:54:39,163 - INFO - Epoch [2680/5000], Average Loss: 0.7327
2024-09-27 17:54:40,451 - INFO - Epoch [2690/5000], Average Loss: 0.7322
2024-09-27 17:54:41,735 - INFO - Epoch [2700/5000], Average Loss: 0.7320
2024-09-27 17:54:43,029 - INFO - Epoch [2710/5000], Average Loss: 0.7319
2024-09-27 17:54:44,241 - INFO - Epoch [2720/5000], Average Loss: 0.7318
2024-09-27 17:54:45,543 - INFO - Epoch [2730/5000], Average Loss: 0.7316
2024-09-27 17:54:46,841 - INFO - Epoch [2740/5000], Average Loss: 0.7311
2024-09-27 17:54:48,142 - INFO - Epoch [2750/5000], Average Loss: 0.7309
2024-09-27 17:54:49,439 - INFO - Epoch [2760/5000], Average Loss: 0.7306
2024-09-27 17:54:50,734 - INFO - Epoch [2770/5000], Average Loss: 0.7303
2024-09-27 17:54:52,032 - INFO - Epoch [2780/5000], Average Loss: 0.7302
2024-09-27 17:54:53,329 - INFO - Epoch [2790/5000], Average Loss: 0.7298
2024-09-27 17:54:54,616 - INFO - Epoch [2800/5000], Average Loss: 0.7296
2024-09-27 17:54:55,863 - INFO - Epoch [2810/5000], Average Loss: 0.7296
2024-09-27 17:54:57,064 - INFO - Epoch [2820/5000], Average Loss: 0.7295
2024-09-27 17:54:58,346 - INFO - Epoch [2830/5000], Average Loss: 0.7291
2024-09-27 17:54:59,567 - INFO - Epoch [2840/5000], Average Loss: 0.7291
2024-09-27 17:55:00,744 - INFO - Epoch [2850/5000], Average Loss: 0.7287
2024-09-27 17:55:01,916 - INFO - Epoch [2860/5000], Average Loss: 0.7284
2024-09-27 17:55:03,157 - INFO - Epoch [2870/5000], Average Loss: 0.7283
2024-09-27 17:55:04,368 - INFO - Epoch [2880/5000], Average Loss: 0.7280
2024-09-27 17:55:05,541 - INFO - Epoch [2890/5000], Average Loss: 0.7278
2024-09-27 17:55:06,713 - INFO - Epoch [2900/5000], Average Loss: 0.7275
2024-09-27 17:55:07,887 - INFO - Epoch [2910/5000], Average Loss: 0.7273
2024-09-27 17:55:09,058 - INFO - Epoch [2920/5000], Average Loss: 0.7270
2024-09-27 17:55:10,232 - INFO - Epoch [2930/5000], Average Loss: 0.7268
2024-09-27 17:55:11,412 - INFO - Epoch [2940/5000], Average Loss: 0.7265
2024-09-27 17:55:12,675 - INFO - Epoch [2950/5000], Average Loss: 0.7263
2024-09-27 17:55:13,970 - INFO - Epoch [2960/5000], Average Loss: 0.7259
2024-09-27 17:55:15,267 - INFO - Epoch [2970/5000], Average Loss: 0.7258
2024-09-27 17:55:16,444 - INFO - Epoch [2980/5000], Average Loss: 0.7256
2024-09-27 17:55:17,486 - INFO - Epoch [2990/5000], Average Loss: 0.7256
2024-09-27 17:55:18,629 - INFO - Epoch [3000/5000], Average Loss: 0.7251
2024-09-27 17:55:19,926 - INFO - Epoch [3010/5000], Average Loss: 0.7248
2024-09-27 17:55:21,218 - INFO - Epoch [3020/5000], Average Loss: 0.7245
2024-09-27 17:55:22,511 - INFO - Epoch [3030/5000], Average Loss: 0.7244
2024-09-27 17:55:23,809 - INFO - Epoch [3040/5000], Average Loss: 0.7241
2024-09-27 17:55:25,109 - INFO - Epoch [3050/5000], Average Loss: 0.7241
2024-09-27 17:55:26,410 - INFO - Epoch [3060/5000], Average Loss: 0.7237
2024-09-27 17:55:27,628 - INFO - Epoch [3070/5000], Average Loss: 0.7234
2024-09-27 17:55:28,901 - INFO - Epoch [3080/5000], Average Loss: 0.7233
2024-09-27 17:55:30,172 - INFO - Epoch [3090/5000], Average Loss: 0.7232
2024-09-27 17:55:31,451 - INFO - Epoch [3100/5000], Average Loss: 0.7230
2024-09-27 17:55:32,624 - INFO - Epoch [3110/5000], Average Loss: 0.7228
2024-09-27 17:55:33,785 - INFO - Epoch [3120/5000], Average Loss: 0.7226
2024-09-27 17:55:34,977 - INFO - Epoch [3130/5000], Average Loss: 0.7221
2024-09-27 17:55:36,273 - INFO - Epoch [3140/5000], Average Loss: 0.7219
2024-09-27 17:55:37,495 - INFO - Epoch [3150/5000], Average Loss: 0.7216
2024-09-27 17:55:38,735 - INFO - Epoch [3160/5000], Average Loss: 0.7216
2024-09-27 17:55:40,034 - INFO - Epoch [3170/5000], Average Loss: 0.7215
2024-09-27 17:55:41,272 - INFO - Epoch [3180/5000], Average Loss: 0.7212
2024-09-27 17:55:42,448 - INFO - Epoch [3190/5000], Average Loss: 0.7209
2024-09-27 17:55:43,619 - INFO - Epoch [3200/5000], Average Loss: 0.7205
2024-09-27 17:55:44,798 - INFO - Epoch [3210/5000], Average Loss: 0.7203
2024-09-27 17:55:45,970 - INFO - Epoch [3220/5000], Average Loss: 0.7204
2024-09-27 17:55:47,146 - INFO - Epoch [3230/5000], Average Loss: 0.7199
2024-09-27 17:55:48,359 - INFO - Epoch [3240/5000], Average Loss: 0.7199
2024-09-27 17:55:49,539 - INFO - Epoch [3250/5000], Average Loss: 0.7197
2024-09-27 17:55:50,712 - INFO - Epoch [3260/5000], Average Loss: 0.7193
2024-09-27 17:55:51,943 - INFO - Epoch [3270/5000], Average Loss: 0.7190
2024-09-27 17:55:53,241 - INFO - Epoch [3280/5000], Average Loss: 0.7190
2024-09-27 17:55:54,495 - INFO - Epoch [3290/5000], Average Loss: 0.7184
2024-09-27 17:55:55,663 - INFO - Epoch [3300/5000], Average Loss: 0.7186
2024-09-27 17:55:56,960 - INFO - Epoch [3310/5000], Average Loss: 0.7182
2024-09-27 17:55:58,263 - INFO - Epoch [3320/5000], Average Loss: 0.7181
2024-09-27 17:55:59,465 - INFO - Epoch [3330/5000], Average Loss: 0.7175
2024-09-27 17:56:00,703 - INFO - Epoch [3340/5000], Average Loss: 0.7177
2024-09-27 17:56:01,999 - INFO - Epoch [3350/5000], Average Loss: 0.7171
2024-09-27 17:56:03,298 - INFO - Epoch [3360/5000], Average Loss: 0.7172
2024-09-27 17:56:04,595 - INFO - Epoch [3370/5000], Average Loss: 0.7168
2024-09-27 17:56:05,886 - INFO - Epoch [3380/5000], Average Loss: 0.7168
2024-09-27 17:56:07,123 - INFO - Epoch [3390/5000], Average Loss: 0.7165
2024-09-27 17:56:08,302 - INFO - Epoch [3400/5000], Average Loss: 0.7163
2024-09-27 17:56:09,476 - INFO - Epoch [3410/5000], Average Loss: 0.7161
2024-09-27 17:56:10,650 - INFO - Epoch [3420/5000], Average Loss: 0.7159
2024-09-27 17:56:11,823 - INFO - Epoch [3430/5000], Average Loss: 0.7156
2024-09-27 17:56:12,997 - INFO - Epoch [3440/5000], Average Loss: 0.7154
2024-09-27 17:56:14,169 - INFO - Epoch [3450/5000], Average Loss: 0.7149
2024-09-27 17:56:15,345 - INFO - Epoch [3460/5000], Average Loss: 0.7149
2024-09-27 17:56:16,451 - INFO - Epoch [3470/5000], Average Loss: 0.7147
2024-09-27 17:56:17,555 - INFO - Epoch [3480/5000], Average Loss: 0.7145
2024-09-27 17:56:18,751 - INFO - Epoch [3490/5000], Average Loss: 0.7143
2024-09-27 17:56:20,049 - INFO - Epoch [3500/5000], Average Loss: 0.7140
2024-09-27 17:56:21,246 - INFO - Epoch [3510/5000], Average Loss: 0.7138
2024-09-27 17:56:22,530 - INFO - Epoch [3520/5000], Average Loss: 0.7139
2024-09-27 17:56:23,829 - INFO - Epoch [3530/5000], Average Loss: 0.7135
2024-09-27 17:56:25,125 - INFO - Epoch [3540/5000], Average Loss: 0.7132
2024-09-27 17:56:26,332 - INFO - Epoch [3550/5000], Average Loss: 0.7130
2024-09-27 17:56:27,563 - INFO - Epoch [3560/5000], Average Loss: 0.7130
2024-09-27 17:56:28,674 - INFO - Epoch [3570/5000], Average Loss: 0.7126
2024-09-27 17:56:29,787 - INFO - Epoch [3580/5000], Average Loss: 0.7123
2024-09-27 17:56:30,899 - INFO - Epoch [3590/5000], Average Loss: 0.7123
2024-09-27 17:56:32,011 - INFO - Epoch [3600/5000], Average Loss: 0.7121
2024-09-27 17:56:33,126 - INFO - Epoch [3610/5000], Average Loss: 0.7115
2024-09-27 17:56:34,300 - INFO - Epoch [3620/5000], Average Loss: 0.7114
2024-09-27 17:56:35,580 - INFO - Epoch [3630/5000], Average Loss: 0.7115
2024-09-27 17:56:36,841 - INFO - Epoch [3640/5000], Average Loss: 0.7112
2024-09-27 17:56:38,070 - INFO - Epoch [3650/5000], Average Loss: 0.7108
2024-09-27 17:56:39,250 - INFO - Epoch [3660/5000], Average Loss: 0.7107
2024-09-27 17:56:40,428 - INFO - Epoch [3670/5000], Average Loss: 0.7106
2024-09-27 17:56:41,609 - INFO - Epoch [3680/5000], Average Loss: 0.7103
2024-09-27 17:56:42,827 - INFO - Epoch [3690/5000], Average Loss: 0.7099
2024-09-27 17:56:43,979 - INFO - Epoch [3700/5000], Average Loss: 0.7102
2024-09-27 17:56:45,235 - INFO - Epoch [3710/5000], Average Loss: 0.7097
2024-09-27 17:56:46,535 - INFO - Epoch [3720/5000], Average Loss: 0.7095
2024-09-27 17:56:47,830 - INFO - Epoch [3730/5000], Average Loss: 0.7092
2024-09-27 17:56:49,130 - INFO - Epoch [3740/5000], Average Loss: 0.7090
2024-09-27 17:56:50,427 - INFO - Epoch [3750/5000], Average Loss: 0.7086
2024-09-27 17:56:51,722 - INFO - Epoch [3760/5000], Average Loss: 0.7085
2024-09-27 17:56:53,013 - INFO - Epoch [3770/5000], Average Loss: 0.7084
2024-09-27 17:56:54,300 - INFO - Epoch [3780/5000], Average Loss: 0.7081
2024-09-27 17:56:55,584 - INFO - Epoch [3790/5000], Average Loss: 0.7079
2024-09-27 17:56:56,864 - INFO - Epoch [3800/5000], Average Loss: 0.7077
2024-09-27 17:56:58,075 - INFO - Epoch [3810/5000], Average Loss: 0.7078
2024-09-27 17:56:59,339 - INFO - Epoch [3820/5000], Average Loss: 0.7073
2024-09-27 17:57:00,630 - INFO - Epoch [3830/5000], Average Loss: 0.7070
2024-09-27 17:57:01,935 - INFO - Epoch [3840/5000], Average Loss: 0.7068
2024-09-27 17:57:03,131 - INFO - Epoch [3850/5000], Average Loss: 0.7065
2024-09-27 17:57:04,340 - INFO - Epoch [3860/5000], Average Loss: 0.7065
2024-09-27 17:57:05,584 - INFO - Epoch [3870/5000], Average Loss: 0.7063
2024-09-27 17:57:06,820 - INFO - Epoch [3880/5000], Average Loss: 0.7063
2024-09-27 17:57:08,016 - INFO - Epoch [3890/5000], Average Loss: 0.7061
2024-09-27 17:57:09,198 - INFO - Epoch [3900/5000], Average Loss: 0.7058
2024-09-27 17:57:10,376 - INFO - Epoch [3910/5000], Average Loss: 0.7054
2024-09-27 17:57:11,579 - INFO - Epoch [3920/5000], Average Loss: 0.7052
2024-09-27 17:57:12,878 - INFO - Epoch [3930/5000], Average Loss: 0.7048
2024-09-27 17:57:14,085 - INFO - Epoch [3940/5000], Average Loss: 0.7046
2024-09-27 17:57:15,196 - INFO - Epoch [3950/5000], Average Loss: 0.7046
2024-09-27 17:57:16,309 - INFO - Epoch [3960/5000], Average Loss: 0.7044
2024-09-27 17:57:17,471 - INFO - Epoch [3970/5000], Average Loss: 0.7042
2024-09-27 17:57:18,649 - INFO - Epoch [3980/5000], Average Loss: 0.7039
2024-09-27 17:57:19,762 - INFO - Epoch [3990/5000], Average Loss: 0.7037
2024-09-27 17:57:20,874 - INFO - Epoch [4000/5000], Average Loss: 0.7039
2024-09-27 17:57:22,160 - INFO - Epoch [4010/5000], Average Loss: 0.7040
2024-09-27 17:57:23,372 - INFO - Epoch [4020/5000], Average Loss: 0.7035
2024-09-27 17:57:24,618 - INFO - Epoch [4030/5000], Average Loss: 0.7030
2024-09-27 17:57:25,796 - INFO - Epoch [4040/5000], Average Loss: 0.7028
2024-09-27 17:57:26,980 - INFO - Epoch [4050/5000], Average Loss: 0.7029
2024-09-27 17:57:28,171 - INFO - Epoch [4060/5000], Average Loss: 0.7029
2024-09-27 17:57:29,396 - INFO - Epoch [4070/5000], Average Loss: 0.7023
2024-09-27 17:57:30,574 - INFO - Epoch [4080/5000], Average Loss: 0.7024
2024-09-27 17:57:31,688 - INFO - Epoch [4090/5000], Average Loss: 0.7019
2024-09-27 17:57:32,797 - INFO - Epoch [4100/5000], Average Loss: 0.7016
2024-09-27 17:57:33,909 - INFO - Epoch [4110/5000], Average Loss: 0.7018
2024-09-27 17:57:35,021 - INFO - Epoch [4120/5000], Average Loss: 0.7012
2024-09-27 17:57:36,135 - INFO - Epoch [4130/5000], Average Loss: 0.7013
2024-09-27 17:57:37,244 - INFO - Epoch [4140/5000], Average Loss: 0.7010
2024-09-27 17:57:38,356 - INFO - Epoch [4150/5000], Average Loss: 0.7006
2024-09-27 17:57:39,467 - INFO - Epoch [4160/5000], Average Loss: 0.7005
2024-09-27 17:57:40,579 - INFO - Epoch [4170/5000], Average Loss: 0.7004
2024-09-27 17:57:41,692 - INFO - Epoch [4180/5000], Average Loss: 0.7001
2024-09-27 17:57:42,800 - INFO - Epoch [4190/5000], Average Loss: 0.7000
2024-09-27 17:57:43,903 - INFO - Epoch [4200/5000], Average Loss: 0.6998
2024-09-27 17:57:45,148 - INFO - Epoch [4210/5000], Average Loss: 0.6994
2024-09-27 17:57:46,447 - INFO - Epoch [4220/5000], Average Loss: 0.6994
2024-09-27 17:57:47,715 - INFO - Epoch [4230/5000], Average Loss: 0.6992
2024-09-27 17:57:48,894 - INFO - Epoch [4240/5000], Average Loss: 0.6991
2024-09-27 17:57:50,077 - INFO - Epoch [4250/5000], Average Loss: 0.6986
2024-09-27 17:57:51,326 - INFO - Epoch [4260/5000], Average Loss: 0.6985
2024-09-27 17:57:52,579 - INFO - Epoch [4270/5000], Average Loss: 0.6983
2024-09-27 17:57:53,753 - INFO - Epoch [4280/5000], Average Loss: 0.6983
2024-09-27 17:57:54,957 - INFO - Epoch [4290/5000], Average Loss: 0.6980
2024-09-27 17:57:56,254 - INFO - Epoch [4300/5000], Average Loss: 0.6977
2024-09-27 17:57:57,549 - INFO - Epoch [4310/5000], Average Loss: 0.6975
2024-09-27 17:57:58,803 - INFO - Epoch [4320/5000], Average Loss: 0.6972
2024-09-27 17:57:59,976 - INFO - Epoch [4330/5000], Average Loss: 0.6971
2024-09-27 17:58:01,150 - INFO - Epoch [4340/5000], Average Loss: 0.6971
2024-09-27 17:58:02,322 - INFO - Epoch [4350/5000], Average Loss: 0.6967
2024-09-27 17:58:03,495 - INFO - Epoch [4360/5000], Average Loss: 0.6964
2024-09-27 17:58:04,665 - INFO - Epoch [4370/5000], Average Loss: 0.6964
2024-09-27 17:58:05,842 - INFO - Epoch [4380/5000], Average Loss: 0.6960
2024-09-27 17:58:07,016 - INFO - Epoch [4390/5000], Average Loss: 0.6960
2024-09-27 17:58:08,192 - INFO - Epoch [4400/5000], Average Loss: 0.6957
2024-09-27 17:58:09,366 - INFO - Epoch [4410/5000], Average Loss: 0.6958
2024-09-27 17:58:10,545 - INFO - Epoch [4420/5000], Average Loss: 0.6956
2024-09-27 17:58:11,765 - INFO - Epoch [4430/5000], Average Loss: 0.6954
2024-09-27 17:58:12,948 - INFO - Epoch [4440/5000], Average Loss: 0.6953
2024-09-27 17:58:14,123 - INFO - Epoch [4450/5000], Average Loss: 0.6949
2024-09-27 17:58:15,313 - INFO - Epoch [4460/5000], Average Loss: 0.6951
2024-09-27 17:58:16,540 - INFO - Epoch [4470/5000], Average Loss: 0.6948
2024-09-27 17:58:17,733 - INFO - Epoch [4480/5000], Average Loss: 0.6948
2024-09-27 17:58:18,902 - INFO - Epoch [4490/5000], Average Loss: 0.6943
2024-09-27 17:58:20,097 - INFO - Epoch [4500/5000], Average Loss: 0.6943
2024-09-27 17:58:21,360 - INFO - Epoch [4510/5000], Average Loss: 0.6939
2024-09-27 17:58:22,541 - INFO - Epoch [4520/5000], Average Loss: 0.6941
2024-09-27 17:58:23,689 - INFO - Epoch [4530/5000], Average Loss: 0.6934
2024-09-27 17:58:24,930 - INFO - Epoch [4540/5000], Average Loss: 0.6936
2024-09-27 17:58:26,106 - INFO - Epoch [4550/5000], Average Loss: 0.6936
2024-09-27 17:58:27,286 - INFO - Epoch [4560/5000], Average Loss: 0.6931
2024-09-27 17:58:28,468 - INFO - Epoch [4570/5000], Average Loss: 0.6929
2024-09-27 17:58:29,680 - INFO - Epoch [4580/5000], Average Loss: 0.6927
2024-09-27 17:58:30,973 - INFO - Epoch [4590/5000], Average Loss: 0.6924
2024-09-27 17:58:32,267 - INFO - Epoch [4600/5000], Average Loss: 0.6926
2024-09-27 17:58:33,524 - INFO - Epoch [4610/5000], Average Loss: 0.6922
2024-09-27 17:58:34,710 - INFO - Epoch [4620/5000], Average Loss: 0.6919
2024-09-27 17:58:35,890 - INFO - Epoch [4630/5000], Average Loss: 0.6917
2024-09-27 17:58:37,089 - INFO - Epoch [4640/5000], Average Loss: 0.6917
2024-09-27 17:58:38,259 - INFO - Epoch [4650/5000], Average Loss: 0.6915
2024-09-27 17:58:39,408 - INFO - Epoch [4660/5000], Average Loss: 0.6914
2024-09-27 17:58:40,700 - INFO - Epoch [4670/5000], Average Loss: 0.6915
2024-09-27 17:58:41,994 - INFO - Epoch [4680/5000], Average Loss: 0.6910
2024-09-27 17:58:43,296 - INFO - Epoch [4690/5000], Average Loss: 0.6906
2024-09-27 17:58:44,546 - INFO - Epoch [4700/5000], Average Loss: 0.6906
2024-09-27 17:58:45,774 - INFO - Epoch [4710/5000], Average Loss: 0.6906
2024-09-27 17:58:46,949 - INFO - Epoch [4720/5000], Average Loss: 0.6905
2024-09-27 17:58:48,119 - INFO - Epoch [4730/5000], Average Loss: 0.6902
2024-09-27 17:58:49,292 - INFO - Epoch [4740/5000], Average Loss: 0.6896
2024-09-27 17:58:50,465 - INFO - Epoch [4750/5000], Average Loss: 0.6898
2024-09-27 17:58:51,639 - INFO - Epoch [4760/5000], Average Loss: 0.6896
2024-09-27 17:58:52,809 - INFO - Epoch [4770/5000], Average Loss: 0.6895
2024-09-27 17:58:53,982 - INFO - Epoch [4780/5000], Average Loss: 0.6893
2024-09-27 17:58:55,157 - INFO - Epoch [4790/5000], Average Loss: 0.6888
2024-09-27 17:58:56,329 - INFO - Epoch [4800/5000], Average Loss: 0.6888
2024-09-27 17:58:57,440 - INFO - Epoch [4810/5000], Average Loss: 0.6887
2024-09-27 17:58:58,551 - INFO - Epoch [4820/5000], Average Loss: 0.6887
2024-09-27 17:58:59,663 - INFO - Epoch [4830/5000], Average Loss: 0.6884
2024-09-27 17:59:00,808 - INFO - Epoch [4840/5000], Average Loss: 0.6883
2024-09-27 17:59:01,990 - INFO - Epoch [4850/5000], Average Loss: 0.6882
2024-09-27 17:59:03,170 - INFO - Epoch [4860/5000], Average Loss: 0.6876
2024-09-27 17:59:04,297 - INFO - Epoch [4870/5000], Average Loss: 0.6880
2024-09-27 17:59:05,406 - INFO - Epoch [4880/5000], Average Loss: 0.6874
2024-09-27 17:59:06,515 - INFO - Epoch [4890/5000], Average Loss: 0.6873
2024-09-27 17:59:07,617 - INFO - Epoch [4900/5000], Average Loss: 0.6874
2024-09-27 17:59:08,721 - INFO - Epoch [4910/5000], Average Loss: 0.6871
2024-09-27 17:59:09,822 - INFO - Epoch [4920/5000], Average Loss: 0.6868
2024-09-27 17:59:10,923 - INFO - Epoch [4930/5000], Average Loss: 0.6867
2024-09-27 17:59:12,025 - INFO - Epoch [4940/5000], Average Loss: 0.6867
2024-09-27 17:59:13,129 - INFO - Epoch [4950/5000], Average Loss: 0.6864
2024-09-27 17:59:14,232 - INFO - Epoch [4960/5000], Average Loss: 0.6865
2024-09-27 17:59:15,336 - INFO - Epoch [4970/5000], Average Loss: 0.6862
2024-09-27 17:59:16,437 - INFO - Epoch [4980/5000], Average Loss: 0.6859
2024-09-27 17:59:17,539 - INFO - Epoch [4990/5000], Average Loss: 0.6856
2024-09-27 17:59:18,642 - INFO - Epoch [5000/5000], Average Loss: 0.6856
2024-09-27 17:59:18,644 - INFO - Evaluating MLP on Barlow Twins embeddings:
2024-09-27 17:59:18,652 - INFO - Confusion Matrix:
2024-09-27 17:59:18,653 - INFO - 
[[  0   1   1   0   0]
 [  0  38  71   0   1]
 [  0  27 120   3   0]
 [  0   7  21   1   0]
 [  0   1   2   0   0]]
2024-09-27 17:59:18,653 - INFO - 
Classification Report:
2024-09-27 17:59:18,653 - INFO - 
              precision    recall  f1-score   support

           0       0.00      0.00      0.00         2
           1       0.51      0.35      0.41       110
           2       0.56      0.80      0.66       150
           3       0.25      0.03      0.06        29
           4       0.00      0.00      0.00         3

    accuracy                           0.54       294
   macro avg       0.26      0.24      0.23       294
weighted avg       0.50      0.54      0.50       294

2024-09-27 17:59:18,653 - INFO - All stages completed.
