2024-09-30 18:17:38,543 - INFO - Using device: cuda
2024-09-30 18:17:38,543 - INFO - Stage 1: Loading data...
2024-09-30 18:17:48,232 - INFO - Number of classes: 5
2024-09-30 18:17:48,233 - INFO - Stage 2: Initializing models...
2024-09-30 18:17:48,271 - INFO - Configuration Parameters:
2024-09-30 18:17:48,271 - INFO - seed: 42
2024-09-30 18:17:48,271 - INFO - batchsize: 128
2024-09-30 18:17:48,271 - INFO - sample_size: 1000
2024-09-30 18:17:48,271 - INFO - lambda_noise: 0.5
2024-09-30 18:17:48,271 - INFO - variance_threshold: 0.6
2024-09-30 18:17:48,271 - INFO - output_dim: 64
2024-09-30 18:17:48,271 - INFO - project_dim: 128
2024-09-30 18:17:48,271 - INFO - mlp_hidden_dim: 64
2024-09-30 18:17:48,271 - INFO - learning_rate: 0.0001
2024-09-30 18:17:48,271 - INFO - weight_decay: 0.001
2024-09-30 18:17:48,271 - INFO - num_epochs: 5
2024-09-30 18:17:48,271 - INFO - mlp_epochs: 5000
2024-09-30 18:17:48,271 - INFO - loss_lambda_param: 0.005
2024-09-30 18:17:48,271 - INFO - scaling_method: minmax
2024-09-30 18:17:48,271 - INFO - eval_metric: survival
2024-09-30 18:17:48,271 - INFO - model_save_path: ./model_checkpoints
2024-09-30 18:17:48,271 - INFO - fra_save_path: ./fra_pre
2024-09-30 18:17:48,271 - INFO - training_dataset_name: All
2024-09-30 18:17:48,271 - INFO - testing_dataset_name: Metabric
2024-09-30 18:17:48,271 - INFO - device: cuda
2024-09-30 18:17:48,271 - INFO - sc_path: ./cancer_single_cell_data/processed_data.h5ad
2024-09-30 18:17:48,271 - INFO - bulk_path: ./cancer_brca_metabric_bulk_data/data_mrna_illumina_microarray_zscores_ref_diploid_samples.txt
2024-09-30 18:17:48,271 - INFO - stage_path: ./cancer_brca_metabric_bulk_data/Tumor_Stage.txt
2024-09-30 18:17:48,271 - INFO - survival_path: ./Synapse_metabric/Clinical_Overall_Survival_Data_from_METABRIC.txt
2024-09-30 18:17:48,271 - INFO - Model Architectures:
2024-09-30 18:17:48,272 - INFO - Encoder: Encoder(
  (layers): Sequential(
    (0): Linear(in_features=2155, out_features=2048, bias=True)
    (1): BatchNorm1d(2048, eps=1e-05, momentum=0.1, affine=True, track_running_stats=True)
    (2): ReLU()
    (3): Dropout(p=0.2, inplace=False)
    (4): Linear(in_features=2048, out_features=1024, bias=True)
    (5): BatchNorm1d(1024, eps=1e-05, momentum=0.1, affine=True, track_running_stats=True)
    (6): ReLU()
    (7): Dropout(p=0.2, inplace=False)
    (8): Linear(in_features=1024, out_features=512, bias=True)
    (9): BatchNorm1d(512, eps=1e-05, momentum=0.1, affine=True, track_running_stats=True)
    (10): ReLU()
    (11): Dropout(p=0.2, inplace=False)
    (12): Linear(in_features=512, out_features=256, bias=True)
    (13): BatchNorm1d(256, eps=1e-05, momentum=0.1, affine=True, track_running_stats=True)
    (14): ReLU()
    (15): Dropout(p=0.2, inplace=False)
    (16): Linear(in_features=256, out_features=64, bias=True)
  )
)
2024-09-30 18:17:48,272 - INFO - Projector: Projector(
  (layers): Sequential(
    (0): Linear(in_features=64, out_features=512, bias=True)
    (1): BatchNorm1d(512, eps=1e-05, momentum=0.1, affine=True, track_running_stats=True)
    (2): ReLU()
    (3): Linear(in_features=512, out_features=128, bias=True)
  )
)
2024-09-30 18:17:48,272 - INFO - MLP Bulk: MLPClassifier(
  (layers): Sequential(
    (0): Linear(in_features=2155, out_features=64, bias=True)
    (1): ReLU()
    (2): Linear(in_features=64, out_features=64, bias=True)
    (3): ReLU()
    (4): Linear(in_features=64, out_features=5, bias=True)
  )
)
2024-09-30 18:17:48,272 - INFO - MLP Embedded: MLPClassifier(
  (layers): Sequential(
    (0): Linear(in_features=64, out_features=64, bias=True)
    (1): ReLU()
    (2): Linear(in_features=64, out_features=64, bias=True)
    (3): ReLU()
    (4): Linear(in_features=64, out_features=5, bias=True)
  )
)
2024-09-30 18:17:48,272 - INFO - Stage 3: Training Barlow Twins...
2024-09-30 18:17:49,667 - INFO - Stage 4: Preparing data for classification...
2024-09-30 18:17:49,669 - INFO - Stage 5: Generating Barlow Twins embeddings...
2024-09-30 18:17:49,821 - INFO - Bulk tensor saved to result/Metabric_20240930_181738/bulk_tensor.pt
2024-09-30 18:17:49,821 - INFO - Embeddings saved to result/Metabric_20240930_181738/embedding.pt
2024-09-30 18:17:49,821 - INFO - Stage 6: Evaluate survival
2024-09-30 18:17:49,822 - INFO - Preparing Cox model
2024-09-30 18:17:49,839 - INFO - Training Cox model on bulk data...
