2024-09-26 18:18:23,104 - INFO - Using device: cuda
2024-09-26 18:18:23,104 - INFO - Stage 1: Loading data...
2024-09-26 18:18:38,518 - INFO - Number of classes: 5
2024-09-26 18:18:38,518 - INFO - Stage 2: Initializing models...
2024-09-26 18:18:38,571 - INFO - Configuration Parameters:
2024-09-26 18:18:38,571 - INFO - seed: 42
2024-09-26 18:18:38,571 - INFO - batchsize: 128
2024-09-26 18:18:38,571 - INFO - sample_size: 1000
2024-09-26 18:18:38,571 - INFO - lambda_noise: 0.5
2024-09-26 18:18:38,571 - INFO - variance_threshold: 0.85
2024-09-26 18:18:38,572 - INFO - output_dim: 64
2024-09-26 18:18:38,572 - INFO - project_dim: 128
2024-09-26 18:18:38,572 - INFO - mlp_hidden_dim: 64
2024-09-26 18:18:38,572 - INFO - learning_rate: 0.0001
2024-09-26 18:18:38,572 - INFO - weight_decay: 0.001
2024-09-26 18:18:38,572 - INFO - num_epochs: 5000
2024-09-26 18:18:38,572 - INFO - mlp_epochs: 5000
2024-09-26 18:18:38,572 - INFO - loss_lambda_param: 0.005
2024-09-26 18:18:38,572 - INFO - scaling_method: minmax
2024-09-26 18:18:38,572 - INFO - model_save_path: ./model_checkpoints
2024-09-26 18:18:38,572 - INFO - fra_save_path: ./fra_pre
2024-09-26 18:18:38,572 - INFO - training_dataset_name: All
2024-09-26 18:18:38,572 - INFO - testing_dataset_name: Metabric
2024-09-26 18:18:38,572 - INFO - device: cuda
2024-09-26 18:18:38,572 - INFO - sc_path: ./cancer_single_cell_data/processed_data.h5ad
2024-09-26 18:18:38,572 - INFO - bulk_path: ./cancer_brca_metabric_bulk_data/data_mrna_illumina_microarray_zscores_ref_diploid_samples.txt
2024-09-26 18:18:38,572 - INFO - patient_path: ./cancer_brca_metabric_bulk_data/Tumor_Stage.txt
2024-09-26 18:18:38,572 - INFO - Model Architectures:
2024-09-26 18:18:38,572 - INFO - Encoder: Encoder(
  (layers): Sequential(
    (0): Linear(in_features=3053, out_features=2048, bias=True)
    (1): BatchNorm1d(2048, eps=1e-05, momentum=0.1, affine=True, track_running_stats=True)
    (2): ReLU()
    (3): Dropout(p=0.2, inplace=False)
    (4): Linear(in_features=2048, out_features=1024, bias=True)
    (5): BatchNorm1d(1024, eps=1e-05, momentum=0.1, affine=True, track_running_stats=True)
    (6): ReLU()
    (7): Dropout(p=0.2, inplace=False)
    (8): Linear(in_features=1024, out_features=512, bias=True)
    (9): BatchNorm1d(512, eps=1e-05, momentum=0.1, affine=True, track_running_stats=True)
    (10): ReLU()
    (11): Dropout(p=0.2, inplace=False)
    (12): Linear(in_features=512, out_features=256, bias=True)
    (13): BatchNorm1d(256, eps=1e-05, momentum=0.1, affine=True, track_running_stats=True)
    (14): ReLU()
    (15): Dropout(p=0.2, inplace=False)
    (16): Linear(in_features=256, out_features=64, bias=True)
  )
)
2024-09-26 18:18:38,572 - INFO - Projector: Projector(
  (layers): Sequential(
    (0): Linear(in_features=64, out_features=512, bias=True)
    (1): BatchNorm1d(512, eps=1e-05, momentum=0.1, affine=True, track_running_stats=True)
    (2): ReLU()
    (3): Linear(in_features=512, out_features=128, bias=True)
  )
)
2024-09-26 18:18:38,573 - INFO - MLP Bulk: MLPClassifier(
  (layers): Sequential(
    (0): Linear(in_features=3053, out_features=64, bias=True)
    (1): ReLU()
    (2): Linear(in_features=64, out_features=64, bias=True)
    (3): ReLU()
    (4): Linear(in_features=64, out_features=5, bias=True)
  )
)
2024-09-26 18:18:38,573 - INFO - MLP Embedded: MLPClassifier(
  (layers): Sequential(
    (0): Linear(in_features=64, out_features=64, bias=True)
    (1): ReLU()
    (2): Linear(in_features=64, out_features=64, bias=True)
    (3): ReLU()
    (4): Linear(in_features=64, out_features=5, bias=True)
  )
)
2024-09-26 18:18:38,573 - INFO - Stage 3: Training Barlow Twins...
2024-09-26 18:19:07,449 - INFO - Epoch 100 completed. Loss: 3.7908
2024-09-26 18:19:35,824 - INFO - Epoch 200 completed. Loss: 2.7310
2024-09-26 18:20:02,114 - INFO - Epoch 300 completed. Loss: 2.2403
2024-09-26 18:20:30,172 - INFO - Epoch 400 completed. Loss: 1.9845
2024-09-26 18:20:50,270 - INFO - Epoch 500 completed. Loss: 1.7811
2024-09-26 18:21:12,041 - INFO - Epoch 600 completed. Loss: 1.6046
2024-09-26 18:21:28,326 - INFO - Epoch 700 completed. Loss: 1.3969
2024-09-26 18:21:43,931 - INFO - Epoch 800 completed. Loss: 1.2857
2024-09-26 18:21:59,509 - INFO - Epoch 900 completed. Loss: 1.2113
2024-09-26 18:22:15,098 - INFO - Epoch 1000 completed. Loss: 1.1362
2024-09-26 18:22:33,460 - INFO - Epoch 1100 completed. Loss: 1.1185
2024-09-26 18:22:49,042 - INFO - Epoch 1200 completed. Loss: 1.0262
2024-09-26 18:23:04,654 - INFO - Epoch 1300 completed. Loss: 1.0071
2024-09-26 18:23:20,259 - INFO - Epoch 1400 completed. Loss: 1.0095
2024-09-26 18:23:45,138 - INFO - Epoch 1500 completed. Loss: 0.9587
2024-09-26 18:24:13,739 - INFO - Epoch 1600 completed. Loss: 0.9130
2024-09-26 18:24:34,253 - INFO - Epoch 1700 completed. Loss: 0.9402
2024-09-26 18:24:51,431 - INFO - Epoch 1800 completed. Loss: 0.9801
2024-09-26 18:25:10,676 - INFO - Epoch 1900 completed. Loss: 0.9106
2024-09-26 18:25:38,691 - INFO - Epoch 2000 completed. Loss: 0.8955
2024-09-26 18:25:56,610 - INFO - Epoch 2100 completed. Loss: 0.9106
2024-09-26 18:26:12,505 - INFO - Epoch 2200 completed. Loss: 0.8960
2024-09-26 18:26:29,075 - INFO - Epoch 2300 completed. Loss: 0.8852
2024-09-26 18:26:47,661 - INFO - Epoch 2400 completed. Loss: 0.9004
2024-09-26 18:27:14,802 - INFO - Epoch 2500 completed. Loss: 0.9141
2024-09-26 18:27:35,305 - INFO - Epoch 2600 completed. Loss: 0.9035
2024-09-26 18:27:59,094 - INFO - Epoch 2700 completed. Loss: 0.8727
2024-09-26 18:28:21,797 - INFO - Epoch 2800 completed. Loss: 0.8558
2024-09-26 18:28:41,986 - INFO - Epoch 2900 completed. Loss: 0.9168
2024-09-26 18:28:57,580 - INFO - Epoch 3000 completed. Loss: 0.8731
2024-09-26 18:29:13,186 - INFO - Epoch 3100 completed. Loss: 0.8745
2024-09-26 18:29:28,779 - INFO - Epoch 3200 completed. Loss: 0.8578
2024-09-26 18:29:44,399 - INFO - Epoch 3300 completed. Loss: 0.8459
2024-09-26 18:30:02,605 - INFO - Epoch 3400 completed. Loss: 0.8519
2024-09-26 18:30:27,194 - INFO - Epoch 3500 completed. Loss: 0.8339
2024-09-26 18:30:52,335 - INFO - Epoch 3600 completed. Loss: 0.8740
2024-09-26 18:31:18,112 - INFO - Epoch 3700 completed. Loss: 0.8595
2024-09-26 18:31:44,791 - INFO - Epoch 3800 completed. Loss: 0.8350
2024-09-26 18:32:04,061 - INFO - Epoch 3900 completed. Loss: 0.8287
2024-09-26 18:32:20,058 - INFO - Epoch 4000 completed. Loss: 0.8507
2024-09-26 18:32:47,165 - INFO - Epoch 4100 completed. Loss: 0.7972
2024-09-26 18:33:03,590 - INFO - Epoch 4200 completed. Loss: 0.8317
2024-09-26 18:33:25,143 - INFO - Epoch 4300 completed. Loss: 0.8429
2024-09-26 18:33:49,755 - INFO - Epoch 4400 completed. Loss: 0.8041
2024-09-26 18:34:09,985 - INFO - Epoch 4500 completed. Loss: 0.8331
2024-09-26 18:34:25,609 - INFO - Epoch 4600 completed. Loss: 0.8393
2024-09-26 18:34:51,047 - INFO - Epoch 4700 completed. Loss: 0.8317
2024-09-26 18:35:20,029 - INFO - Epoch 4800 completed. Loss: 0.8574
2024-09-26 18:35:46,466 - INFO - Epoch 4900 completed. Loss: 0.8175
2024-09-26 18:36:10,808 - INFO - Epoch 5000 completed. Loss: 0.7948
2024-09-26 18:36:10,808 - INFO - Stage 4: Preparing data for classification...
2024-09-26 18:36:10,812 - INFO - Stage 5: Generating Barlow Twins embeddings...
2024-09-26 18:36:10,972 - INFO - Bulk tensor saved to result/Metabric_20240926_181823/bulk_tensor.pt
2024-09-26 18:36:10,972 - INFO - Embeddings saved to result/Metabric_20240926_181823/embedding.pt
2024-09-26 18:36:10,972 - INFO - Stage 6: Preparing MLP classifier...
2024-09-26 18:36:11,033 - INFO - Stage 7: Training and evaluating MLP on original bulk data...
2024-09-26 18:36:11,034 - INFO - Training MLP on original bulk data:
2024-09-26 18:36:12,102 - INFO - Epoch [10/5000], Average Loss: 0.5878
2024-09-26 18:36:13,310 - INFO - Epoch [20/5000], Average Loss: 0.1614
2024-09-26 18:36:14,566 - INFO - Epoch [30/5000], Average Loss: 0.0340
2024-09-26 18:36:15,791 - INFO - Epoch [40/5000], Average Loss: 0.0118
2024-09-26 18:36:16,925 - INFO - Epoch [50/5000], Average Loss: 0.0056
2024-09-26 18:36:18,052 - INFO - Epoch [60/5000], Average Loss: 0.0031
2024-09-26 18:36:19,177 - INFO - Epoch [70/5000], Average Loss: 0.0019
2024-09-26 18:36:20,303 - INFO - Epoch [80/5000], Average Loss: 0.0013
2024-09-26 18:36:21,565 - INFO - Epoch [90/5000], Average Loss: 0.0009
2024-09-26 18:36:22,909 - INFO - Epoch [100/5000], Average Loss: 0.0006
2024-09-26 18:36:24,128 - INFO - Epoch [110/5000], Average Loss: 0.0005
2024-09-26 18:36:25,410 - INFO - Epoch [120/5000], Average Loss: 0.0003
2024-09-26 18:36:26,721 - INFO - Epoch [130/5000], Average Loss: 0.0003
2024-09-26 18:36:28,056 - INFO - Epoch [140/5000], Average Loss: 0.0002
2024-09-26 18:36:29,394 - INFO - Epoch [150/5000], Average Loss: 0.0002
2024-09-26 18:36:30,693 - INFO - Epoch [160/5000], Average Loss: 0.0001
2024-09-26 18:36:32,014 - INFO - Epoch [170/5000], Average Loss: 0.0001
2024-09-26 18:36:33,308 - INFO - Epoch [180/5000], Average Loss: 0.0001
2024-09-26 18:36:34,639 - INFO - Epoch [190/5000], Average Loss: 0.0001
2024-09-26 18:36:35,975 - INFO - Epoch [200/5000], Average Loss: 0.0000
2024-09-26 18:36:37,246 - INFO - Epoch [210/5000], Average Loss: 0.0000
2024-09-26 18:36:38,470 - INFO - Epoch [220/5000], Average Loss: 0.0000
2024-09-26 18:36:39,688 - INFO - Epoch [230/5000], Average Loss: 0.0000
2024-09-26 18:36:40,839 - INFO - Epoch [240/5000], Average Loss: 0.0000
2024-09-26 18:36:42,071 - INFO - Epoch [250/5000], Average Loss: 0.0000
2024-09-26 18:36:43,289 - INFO - Epoch [260/5000], Average Loss: 0.0000
2024-09-26 18:36:44,509 - INFO - Epoch [270/5000], Average Loss: 0.0000
2024-09-26 18:36:45,655 - INFO - Epoch [280/5000], Average Loss: 0.0000
2024-09-26 18:36:46,793 - INFO - Epoch [290/5000], Average Loss: 0.0000
2024-09-26 18:36:47,928 - INFO - Epoch [300/5000], Average Loss: 0.0000
2024-09-26 18:36:49,074 - INFO - Epoch [310/5000], Average Loss: 0.0000
2024-09-26 18:36:50,291 - INFO - Epoch [320/5000], Average Loss: 0.0000
2024-09-26 18:36:51,512 - INFO - Epoch [330/5000], Average Loss: 0.0000
2024-09-26 18:36:52,703 - INFO - Epoch [340/5000], Average Loss: 0.0000
2024-09-26 18:36:53,838 - INFO - Epoch [350/5000], Average Loss: 0.0000
2024-09-26 18:36:55,060 - INFO - Epoch [360/5000], Average Loss: 0.0000
2024-09-26 18:36:56,299 - INFO - Epoch [370/5000], Average Loss: 0.0000
2024-09-26 18:36:57,517 - INFO - Epoch [380/5000], Average Loss: 0.0000
2024-09-26 18:36:58,731 - INFO - Epoch [390/5000], Average Loss: 0.0000
2024-09-26 18:36:59,941 - INFO - Epoch [400/5000], Average Loss: 0.0000
2024-09-26 18:37:00,960 - INFO - Epoch [410/5000], Average Loss: 0.0000
2024-09-26 18:37:01,953 - INFO - Epoch [420/5000], Average Loss: 0.0000
2024-09-26 18:37:02,964 - INFO - Epoch [430/5000], Average Loss: 0.0000
2024-09-26 18:37:04,024 - INFO - Epoch [440/5000], Average Loss: 0.0000
2024-09-26 18:37:05,271 - INFO - Epoch [450/5000], Average Loss: 0.0000
2024-09-26 18:37:06,438 - INFO - Epoch [460/5000], Average Loss: 0.0000
2024-09-26 18:37:07,582 - INFO - Epoch [470/5000], Average Loss: 0.0000
2024-09-26 18:37:08,785 - INFO - Epoch [480/5000], Average Loss: 0.0000
2024-09-26 18:37:10,117 - INFO - Epoch [490/5000], Average Loss: 0.0000
2024-09-26 18:37:11,442 - INFO - Epoch [500/5000], Average Loss: 0.0000
2024-09-26 18:37:12,744 - INFO - Epoch [510/5000], Average Loss: 0.0000
2024-09-26 18:37:14,054 - INFO - Epoch [520/5000], Average Loss: 0.0000
2024-09-26 18:37:15,384 - INFO - Epoch [530/5000], Average Loss: 0.0000
2024-09-26 18:37:16,716 - INFO - Epoch [540/5000], Average Loss: 0.0000
2024-09-26 18:37:17,997 - INFO - Epoch [550/5000], Average Loss: 0.0000
2024-09-26 18:37:19,277 - INFO - Epoch [560/5000], Average Loss: 0.0000
2024-09-26 18:37:20,579 - INFO - Epoch [570/5000], Average Loss: 0.0000
2024-09-26 18:37:21,900 - INFO - Epoch [580/5000], Average Loss: 0.0000
2024-09-26 18:37:23,244 - INFO - Epoch [590/5000], Average Loss: 0.0000
2024-09-26 18:37:24,585 - INFO - Epoch [600/5000], Average Loss: 0.0000
2024-09-26 18:37:25,843 - INFO - Epoch [610/5000], Average Loss: 0.0000
2024-09-26 18:37:27,073 - INFO - Epoch [620/5000], Average Loss: 0.0000
2024-09-26 18:37:28,297 - INFO - Epoch [630/5000], Average Loss: 0.0000
2024-09-26 18:37:29,439 - INFO - Epoch [640/5000], Average Loss: 0.0000
2024-09-26 18:37:30,594 - INFO - Epoch [650/5000], Average Loss: 0.0000
2024-09-26 18:37:31,925 - INFO - Epoch [660/5000], Average Loss: 0.0000
2024-09-26 18:37:33,172 - INFO - Epoch [670/5000], Average Loss: 0.0000
2024-09-26 18:37:34,446 - INFO - Epoch [680/5000], Average Loss: 0.0000
2024-09-26 18:37:35,663 - INFO - Epoch [690/5000], Average Loss: 0.0000
2024-09-26 18:37:36,878 - INFO - Epoch [700/5000], Average Loss: 0.0000
2024-09-26 18:37:38,118 - INFO - Epoch [710/5000], Average Loss: 0.0000
2024-09-26 18:37:39,331 - INFO - Epoch [720/5000], Average Loss: 0.0000
2024-09-26 18:37:40,545 - INFO - Epoch [730/5000], Average Loss: 0.0000
2024-09-26 18:37:41,755 - INFO - Epoch [740/5000], Average Loss: 0.0000
2024-09-26 18:37:42,995 - INFO - Epoch [750/5000], Average Loss: 0.0000
2024-09-26 18:37:44,329 - INFO - Epoch [760/5000], Average Loss: 0.0000
2024-09-26 18:37:45,663 - INFO - Epoch [770/5000], Average Loss: 0.0000
2024-09-26 18:37:46,996 - INFO - Epoch [780/5000], Average Loss: 0.0000
2024-09-26 18:37:48,332 - INFO - Epoch [790/5000], Average Loss: 0.0000
2024-09-26 18:37:49,532 - INFO - Epoch [800/5000], Average Loss: 0.0000
2024-09-26 18:37:50,768 - INFO - Epoch [810/5000], Average Loss: 0.0006
2024-09-26 18:37:52,006 - INFO - Epoch [820/5000], Average Loss: 0.0000
2024-09-26 18:37:53,319 - INFO - Epoch [830/5000], Average Loss: 0.0000
2024-09-26 18:37:54,621 - INFO - Epoch [840/5000], Average Loss: 0.0000
2024-09-26 18:37:55,761 - INFO - Epoch [850/5000], Average Loss: 0.0000
2024-09-26 18:37:57,070 - INFO - Epoch [860/5000], Average Loss: 0.0000
2024-09-26 18:37:58,401 - INFO - Epoch [870/5000], Average Loss: 0.0000
2024-09-26 18:37:59,729 - INFO - Epoch [880/5000], Average Loss: 0.0000
2024-09-26 18:38:00,986 - INFO - Epoch [890/5000], Average Loss: 0.0000
2024-09-26 18:38:02,256 - INFO - Epoch [900/5000], Average Loss: 0.0000
2024-09-26 18:38:03,567 - INFO - Epoch [910/5000], Average Loss: 0.0000
2024-09-26 18:38:04,902 - INFO - Epoch [920/5000], Average Loss: 0.0000
2024-09-26 18:38:06,227 - INFO - Epoch [930/5000], Average Loss: 0.0000
2024-09-26 18:38:07,565 - INFO - Epoch [940/5000], Average Loss: 0.0000
2024-09-26 18:38:08,897 - INFO - Epoch [950/5000], Average Loss: 0.0000
2024-09-26 18:38:10,231 - INFO - Epoch [960/5000], Average Loss: 0.0000
2024-09-26 18:38:11,569 - INFO - Epoch [970/5000], Average Loss: 0.0000
2024-09-26 18:38:12,823 - INFO - Epoch [980/5000], Average Loss: 0.0000
2024-09-26 18:38:14,137 - INFO - Epoch [990/5000], Average Loss: 0.0000
2024-09-26 18:38:15,347 - INFO - Epoch [1000/5000], Average Loss: 0.0000
2024-09-26 18:38:16,581 - INFO - Epoch [1010/5000], Average Loss: 0.0000
2024-09-26 18:38:17,853 - INFO - Epoch [1020/5000], Average Loss: 0.0000
2024-09-26 18:38:19,067 - INFO - Epoch [1030/5000], Average Loss: 0.0000
2024-09-26 18:38:20,307 - INFO - Epoch [1040/5000], Average Loss: 0.0000
2024-09-26 18:38:21,640 - INFO - Epoch [1050/5000], Average Loss: 0.0000
2024-09-26 18:38:22,906 - INFO - Epoch [1060/5000], Average Loss: 0.0000
2024-09-26 18:38:24,159 - INFO - Epoch [1070/5000], Average Loss: 0.0000
2024-09-26 18:38:25,388 - INFO - Epoch [1080/5000], Average Loss: 0.0000
2024-09-26 18:38:26,598 - INFO - Epoch [1090/5000], Average Loss: 0.0000
2024-09-26 18:38:27,928 - INFO - Epoch [1100/5000], Average Loss: 0.0000
2024-09-26 18:38:29,247 - INFO - Epoch [1110/5000], Average Loss: 0.0000
2024-09-26 18:38:30,583 - INFO - Epoch [1120/5000], Average Loss: 0.0000
2024-09-26 18:38:31,912 - INFO - Epoch [1130/5000], Average Loss: 0.0000
2024-09-26 18:38:32,777 - INFO - Epoch [1140/5000], Average Loss: 0.0000
2024-09-26 18:38:33,296 - INFO - Epoch [1150/5000], Average Loss: 0.0000
2024-09-26 18:38:33,980 - INFO - Epoch [1160/5000], Average Loss: 0.0000
2024-09-26 18:38:34,814 - INFO - Epoch [1170/5000], Average Loss: 0.0000
2024-09-26 18:38:35,694 - INFO - Epoch [1180/5000], Average Loss: 0.0000
2024-09-26 18:38:36,573 - INFO - Epoch [1190/5000], Average Loss: 0.0000
2024-09-26 18:38:37,451 - INFO - Epoch [1200/5000], Average Loss: 0.0000
2024-09-26 18:38:38,330 - INFO - Epoch [1210/5000], Average Loss: 0.0000
2024-09-26 18:38:39,208 - INFO - Epoch [1220/5000], Average Loss: 0.0000
2024-09-26 18:38:40,088 - INFO - Epoch [1230/5000], Average Loss: 0.0000
2024-09-26 18:38:40,999 - INFO - Epoch [1240/5000], Average Loss: 0.0000
2024-09-26 18:38:42,031 - INFO - Epoch [1250/5000], Average Loss: 0.0000
2024-09-26 18:38:43,094 - INFO - Epoch [1260/5000], Average Loss: 0.0000
2024-09-26 18:38:44,152 - INFO - Epoch [1270/5000], Average Loss: 0.0000
2024-09-26 18:38:45,214 - INFO - Epoch [1280/5000], Average Loss: 0.0000
2024-09-26 18:38:46,462 - INFO - Epoch [1290/5000], Average Loss: 0.0000
2024-09-26 18:38:47,695 - INFO - Epoch [1300/5000], Average Loss: 0.0000
2024-09-26 18:38:49,010 - INFO - Epoch [1310/5000], Average Loss: 0.0000
2024-09-26 18:38:50,275 - INFO - Epoch [1320/5000], Average Loss: 0.0000
2024-09-26 18:38:51,414 - INFO - Epoch [1330/5000], Average Loss: 0.0000
2024-09-26 18:38:52,549 - INFO - Epoch [1340/5000], Average Loss: 0.0000
2024-09-26 18:38:53,683 - INFO - Epoch [1350/5000], Average Loss: 0.0000
2024-09-26 18:38:55,012 - INFO - Epoch [1360/5000], Average Loss: 0.0000
2024-09-26 18:38:56,345 - INFO - Epoch [1370/5000], Average Loss: 0.0000
2024-09-26 18:38:57,682 - INFO - Epoch [1380/5000], Average Loss: 0.0000
2024-09-26 18:38:58,924 - INFO - Epoch [1390/5000], Average Loss: 0.0000
2024-09-26 18:39:00,071 - INFO - Epoch [1400/5000], Average Loss: 0.0000
2024-09-26 18:39:01,307 - INFO - Epoch [1410/5000], Average Loss: 0.0000
2024-09-26 18:39:02,471 - INFO - Epoch [1420/5000], Average Loss: 0.0000
2024-09-26 18:39:03,702 - INFO - Epoch [1430/5000], Average Loss: 0.0000
2024-09-26 18:39:04,921 - INFO - Epoch [1440/5000], Average Loss: 0.0000
2024-09-26 18:39:06,056 - INFO - Epoch [1450/5000], Average Loss: 0.0000
2024-09-26 18:39:07,271 - INFO - Epoch [1460/5000], Average Loss: 0.0000
2024-09-26 18:39:08,501 - INFO - Epoch [1470/5000], Average Loss: 0.0000
2024-09-26 18:39:09,819 - INFO - Epoch [1480/5000], Average Loss: 0.0000
2024-09-26 18:39:11,152 - INFO - Epoch [1490/5000], Average Loss: 0.0000
2024-09-26 18:39:12,456 - INFO - Epoch [1500/5000], Average Loss: 0.0000
2024-09-26 18:39:13,771 - INFO - Epoch [1510/5000], Average Loss: 0.0000
2024-09-26 18:39:14,994 - INFO - Epoch [1520/5000], Average Loss: 0.0000
2024-09-26 18:39:16,214 - INFO - Epoch [1530/5000], Average Loss: 0.0000
2024-09-26 18:39:17,353 - INFO - Epoch [1540/5000], Average Loss: 0.0000
2024-09-26 18:39:18,664 - INFO - Epoch [1550/5000], Average Loss: 0.0000
2024-09-26 18:39:19,965 - INFO - Epoch [1560/5000], Average Loss: 0.0000
2024-09-26 18:39:21,205 - INFO - Epoch [1570/5000], Average Loss: 0.0000
2024-09-26 18:39:22,528 - INFO - Epoch [1580/5000], Average Loss: 0.0000
2024-09-26 18:39:23,868 - INFO - Epoch [1590/5000], Average Loss: 0.0000
2024-09-26 18:39:25,214 - INFO - Epoch [1600/5000], Average Loss: 0.0000
2024-09-26 18:39:26,557 - INFO - Epoch [1610/5000], Average Loss: 0.0000
2024-09-26 18:39:27,900 - INFO - Epoch [1620/5000], Average Loss: 0.0000
2024-09-26 18:39:29,128 - INFO - Epoch [1630/5000], Average Loss: 0.0000
2024-09-26 18:39:30,425 - INFO - Epoch [1640/5000], Average Loss: 0.0000
2024-09-26 18:39:31,757 - INFO - Epoch [1650/5000], Average Loss: 0.0000
2024-09-26 18:39:33,088 - INFO - Epoch [1660/5000], Average Loss: 0.0000
2024-09-26 18:39:34,417 - INFO - Epoch [1670/5000], Average Loss: 0.0000
2024-09-26 18:39:35,753 - INFO - Epoch [1680/5000], Average Loss: 0.0000
2024-09-26 18:39:37,086 - INFO - Epoch [1690/5000], Average Loss: 0.0000
2024-09-26 18:39:38,418 - INFO - Epoch [1700/5000], Average Loss: 0.0000
2024-09-26 18:39:39,749 - INFO - Epoch [1710/5000], Average Loss: 0.0000
2024-09-26 18:39:41,053 - INFO - Epoch [1720/5000], Average Loss: 0.0000
2024-09-26 18:39:42,342 - INFO - Epoch [1730/5000], Average Loss: 0.0000
2024-09-26 18:39:43,654 - INFO - Epoch [1740/5000], Average Loss: 0.0000
2024-09-26 18:39:44,934 - INFO - Epoch [1750/5000], Average Loss: 0.0000
2024-09-26 18:39:46,271 - INFO - Epoch [1760/5000], Average Loss: 0.0000
2024-09-26 18:39:47,606 - INFO - Epoch [1770/5000], Average Loss: 0.0000
2024-09-26 18:39:48,948 - INFO - Epoch [1780/5000], Average Loss: 0.0000
2024-09-26 18:39:50,263 - INFO - Epoch [1790/5000], Average Loss: 0.0000
2024-09-26 18:39:51,603 - INFO - Epoch [1800/5000], Average Loss: 0.0000
2024-09-26 18:39:52,931 - INFO - Epoch [1810/5000], Average Loss: 0.0000
2024-09-26 18:39:54,264 - INFO - Epoch [1820/5000], Average Loss: 0.0000
2024-09-26 18:39:55,597 - INFO - Epoch [1830/5000], Average Loss: 0.0000
2024-09-26 18:39:56,930 - INFO - Epoch [1840/5000], Average Loss: 0.0000
2024-09-26 18:39:58,263 - INFO - Epoch [1850/5000], Average Loss: 0.0000
2024-09-26 18:39:59,599 - INFO - Epoch [1860/5000], Average Loss: 0.0000
2024-09-26 18:40:00,862 - INFO - Epoch [1870/5000], Average Loss: 0.0000
2024-09-26 18:40:02,113 - INFO - Epoch [1880/5000], Average Loss: 0.0000
2024-09-26 18:40:03,330 - INFO - Epoch [1890/5000], Average Loss: 0.0000
2024-09-26 18:40:04,561 - INFO - Epoch [1900/5000], Average Loss: 0.0000
2024-09-26 18:40:05,900 - INFO - Epoch [1910/5000], Average Loss: 0.0000
2024-09-26 18:40:07,235 - INFO - Epoch [1920/5000], Average Loss: 0.0000
2024-09-26 18:40:08,527 - INFO - Epoch [1930/5000], Average Loss: 0.0000
2024-09-26 18:40:09,862 - INFO - Epoch [1940/5000], Average Loss: 0.0000
2024-09-26 18:40:11,202 - INFO - Epoch [1950/5000], Average Loss: 0.0000
2024-09-26 18:40:12,381 - INFO - Epoch [1960/5000], Average Loss: 0.0000
2024-09-26 18:40:13,676 - INFO - Epoch [1970/5000], Average Loss: 0.0000
2024-09-26 18:40:15,014 - INFO - Epoch [1980/5000], Average Loss: 0.0000
2024-09-26 18:40:16,280 - INFO - Epoch [1990/5000], Average Loss: 0.0000
2024-09-26 18:40:17,500 - INFO - Epoch [2000/5000], Average Loss: 0.0000
2024-09-26 18:40:18,720 - INFO - Epoch [2010/5000], Average Loss: 0.0000
2024-09-26 18:40:19,897 - INFO - Epoch [2020/5000], Average Loss: 0.0000
2024-09-26 18:40:21,217 - INFO - Epoch [2030/5000], Average Loss: 0.0000
2024-09-26 18:40:22,421 - INFO - Epoch [2040/5000], Average Loss: 0.0000
2024-09-26 18:40:23,639 - INFO - Epoch [2050/5000], Average Loss: 0.0000
2024-09-26 18:40:24,974 - INFO - Epoch [2060/5000], Average Loss: 0.0000
2024-09-26 18:40:26,312 - INFO - Epoch [2070/5000], Average Loss: 0.0000
2024-09-26 18:40:27,487 - INFO - Epoch [2080/5000], Average Loss: 0.0000
2024-09-26 18:40:28,626 - INFO - Epoch [2090/5000], Average Loss: 0.0000
2024-09-26 18:40:29,928 - INFO - Epoch [2100/5000], Average Loss: 0.0000
2024-09-26 18:40:31,270 - INFO - Epoch [2110/5000], Average Loss: 0.0000
2024-09-26 18:40:32,546 - INFO - Epoch [2120/5000], Average Loss: 0.0000
2024-09-26 18:40:33,763 - INFO - Epoch [2130/5000], Average Loss: 0.0000
2024-09-26 18:40:34,908 - INFO - Epoch [2140/5000], Average Loss: 0.0000
2024-09-26 18:40:36,165 - INFO - Epoch [2150/5000], Average Loss: 0.0000
2024-09-26 18:40:37,473 - INFO - Epoch [2160/5000], Average Loss: 0.0000
2024-09-26 18:40:38,691 - INFO - Epoch [2170/5000], Average Loss: 0.0000
2024-09-26 18:40:39,908 - INFO - Epoch [2180/5000], Average Loss: 0.0000
2024-09-26 18:40:41,210 - INFO - Epoch [2190/5000], Average Loss: 0.0000
2024-09-26 18:40:42,390 - INFO - Epoch [2200/5000], Average Loss: 0.0000
2024-09-26 18:40:43,310 - INFO - Epoch [2210/5000], Average Loss: 0.0000
2024-09-26 18:40:44,326 - INFO - Epoch [2220/5000], Average Loss: 0.0000
2024-09-26 18:40:45,591 - INFO - Epoch [2230/5000], Average Loss: 0.0000
2024-09-26 18:40:46,812 - INFO - Epoch [2240/5000], Average Loss: 0.0000
2024-09-26 18:40:48,033 - INFO - Epoch [2250/5000], Average Loss: 0.0000
2024-09-26 18:40:49,258 - INFO - Epoch [2260/5000], Average Loss: 0.0000
2024-09-26 18:40:50,465 - INFO - Epoch [2270/5000], Average Loss: 0.0000
2024-09-26 18:40:51,795 - INFO - Epoch [2280/5000], Average Loss: 0.0000
2024-09-26 18:40:53,132 - INFO - Epoch [2290/5000], Average Loss: 0.0000
2024-09-26 18:40:54,465 - INFO - Epoch [2300/5000], Average Loss: 0.0000
2024-09-26 18:40:55,705 - INFO - Epoch [2310/5000], Average Loss: 0.0000
2024-09-26 18:40:56,917 - INFO - Epoch [2320/5000], Average Loss: 0.0000
2024-09-26 18:40:58,201 - INFO - Epoch [2330/5000], Average Loss: 0.0000
2024-09-26 18:40:59,542 - INFO - Epoch [2340/5000], Average Loss: 0.0000
2024-09-26 18:41:00,882 - INFO - Epoch [2350/5000], Average Loss: 0.0000
2024-09-26 18:41:02,134 - INFO - Epoch [2360/5000], Average Loss: 0.0000
2024-09-26 18:41:03,349 - INFO - Epoch [2370/5000], Average Loss: 0.0000
2024-09-26 18:41:04,565 - INFO - Epoch [2380/5000], Average Loss: 0.0000
2024-09-26 18:41:05,779 - INFO - Epoch [2390/5000], Average Loss: 0.0000
2024-09-26 18:41:06,994 - INFO - Epoch [2400/5000], Average Loss: 0.0000
2024-09-26 18:41:08,209 - INFO - Epoch [2410/5000], Average Loss: 0.0000
2024-09-26 18:41:09,451 - INFO - Epoch [2420/5000], Average Loss: 0.0000
2024-09-26 18:41:10,668 - INFO - Epoch [2430/5000], Average Loss: 0.0000
2024-09-26 18:41:11,894 - INFO - Epoch [2440/5000], Average Loss: 0.0000
2024-09-26 18:41:13,094 - INFO - Epoch [2450/5000], Average Loss: 0.0000
2024-09-26 18:41:14,306 - INFO - Epoch [2460/5000], Average Loss: 0.0000
2024-09-26 18:41:15,518 - INFO - Epoch [2470/5000], Average Loss: 0.0000
2024-09-26 18:41:16,626 - INFO - Epoch [2480/5000], Average Loss: 0.0000
2024-09-26 18:41:17,925 - INFO - Epoch [2490/5000], Average Loss: 0.0000
2024-09-26 18:41:19,267 - INFO - Epoch [2500/5000], Average Loss: 0.0000
2024-09-26 18:41:20,599 - INFO - Epoch [2510/5000], Average Loss: 0.0000
2024-09-26 18:41:21,933 - INFO - Epoch [2520/5000], Average Loss: 0.0000
2024-09-26 18:41:23,274 - INFO - Epoch [2530/5000], Average Loss: 0.0000
2024-09-26 18:41:24,608 - INFO - Epoch [2540/5000], Average Loss: 0.0000
2024-09-26 18:41:25,950 - INFO - Epoch [2550/5000], Average Loss: 0.0000
2024-09-26 18:41:27,283 - INFO - Epoch [2560/5000], Average Loss: 0.0000
2024-09-26 18:41:28,619 - INFO - Epoch [2570/5000], Average Loss: 0.0000
2024-09-26 18:41:29,955 - INFO - Epoch [2580/5000], Average Loss: 0.0000
2024-09-26 18:41:31,261 - INFO - Epoch [2590/5000], Average Loss: 0.0000
2024-09-26 18:41:32,523 - INFO - Epoch [2600/5000], Average Loss: 0.0000
2024-09-26 18:41:33,857 - INFO - Epoch [2610/5000], Average Loss: 0.0000
2024-09-26 18:41:35,127 - INFO - Epoch [2620/5000], Average Loss: 0.0000
2024-09-26 18:41:36,452 - INFO - Epoch [2630/5000], Average Loss: 0.0000
2024-09-26 18:41:37,780 - INFO - Epoch [2640/5000], Average Loss: 0.0000
2024-09-26 18:41:39,111 - INFO - Epoch [2650/5000], Average Loss: 0.0000
2024-09-26 18:41:40,440 - INFO - Epoch [2660/5000], Average Loss: 0.0000
2024-09-26 18:41:41,773 - INFO - Epoch [2670/5000], Average Loss: 0.0000
2024-09-26 18:41:43,100 - INFO - Epoch [2680/5000], Average Loss: 0.0000
2024-09-26 18:41:44,438 - INFO - Epoch [2690/5000], Average Loss: 0.0000
2024-09-26 18:41:45,768 - INFO - Epoch [2700/5000], Average Loss: 0.0000
2024-09-26 18:41:47,075 - INFO - Epoch [2710/5000], Average Loss: 0.0000
2024-09-26 18:41:48,289 - INFO - Epoch [2720/5000], Average Loss: 0.0000
2024-09-26 18:41:49,501 - INFO - Epoch [2730/5000], Average Loss: 0.0000
2024-09-26 18:41:50,720 - INFO - Epoch [2740/5000], Average Loss: 0.0000
2024-09-26 18:41:51,936 - INFO - Epoch [2750/5000], Average Loss: 0.0000
2024-09-26 18:41:53,152 - INFO - Epoch [2760/5000], Average Loss: 0.0000
2024-09-26 18:41:54,362 - INFO - Epoch [2770/5000], Average Loss: 0.0000
2024-09-26 18:41:55,577 - INFO - Epoch [2780/5000], Average Loss: 0.0000
2024-09-26 18:41:56,870 - INFO - Epoch [2790/5000], Average Loss: 0.0000
2024-09-26 18:41:58,169 - INFO - Epoch [2800/5000], Average Loss: 0.0000
2024-09-26 18:41:59,440 - INFO - Epoch [2810/5000], Average Loss: 0.0000
2024-09-26 18:42:00,654 - INFO - Epoch [2820/5000], Average Loss: 0.0000
2024-09-26 18:42:01,969 - INFO - Epoch [2830/5000], Average Loss: 0.0000
2024-09-26 18:42:03,254 - INFO - Epoch [2840/5000], Average Loss: 0.0000
2024-09-26 18:42:04,489 - INFO - Epoch [2850/5000], Average Loss: 0.0000
2024-09-26 18:42:05,721 - INFO - Epoch [2860/5000], Average Loss: 0.0000
2024-09-26 18:42:06,935 - INFO - Epoch [2870/5000], Average Loss: 0.0000
2024-09-26 18:42:08,200 - INFO - Epoch [2880/5000], Average Loss: 0.0000
2024-09-26 18:42:09,414 - INFO - Epoch [2890/5000], Average Loss: 0.0000
2024-09-26 18:42:10,625 - INFO - Epoch [2900/5000], Average Loss: 0.0000
2024-09-26 18:42:11,839 - INFO - Epoch [2910/5000], Average Loss: 0.0000
2024-09-26 18:42:13,032 - INFO - Epoch [2920/5000], Average Loss: 0.0001
2024-09-26 18:42:14,365 - INFO - Epoch [2930/5000], Average Loss: 0.0000
2024-09-26 18:42:15,655 - INFO - Epoch [2940/5000], Average Loss: 0.0000
2024-09-26 18:42:16,868 - INFO - Epoch [2950/5000], Average Loss: 0.0000
2024-09-26 18:42:18,060 - INFO - Epoch [2960/5000], Average Loss: 0.0000
2024-09-26 18:42:19,200 - INFO - Epoch [2970/5000], Average Loss: 0.0000
2024-09-26 18:42:20,337 - INFO - Epoch [2980/5000], Average Loss: 0.0000
2024-09-26 18:42:21,474 - INFO - Epoch [2990/5000], Average Loss: 0.0000
2024-09-26 18:42:22,612 - INFO - Epoch [3000/5000], Average Loss: 0.0000
2024-09-26 18:42:23,750 - INFO - Epoch [3010/5000], Average Loss: 0.0000
2024-09-26 18:42:24,909 - INFO - Epoch [3020/5000], Average Loss: 0.0000
2024-09-26 18:42:26,213 - INFO - Epoch [3030/5000], Average Loss: 0.0000
2024-09-26 18:42:27,530 - INFO - Epoch [3040/5000], Average Loss: 0.0000
2024-09-26 18:42:28,839 - INFO - Epoch [3050/5000], Average Loss: 0.0000
2024-09-26 18:42:30,058 - INFO - Epoch [3060/5000], Average Loss: 0.0000
2024-09-26 18:42:31,205 - INFO - Epoch [3070/5000], Average Loss: 0.0000
2024-09-26 18:42:32,345 - INFO - Epoch [3080/5000], Average Loss: 0.0000
2024-09-26 18:42:33,407 - INFO - Epoch [3090/5000], Average Loss: 0.0000
2024-09-26 18:42:34,465 - INFO - Epoch [3100/5000], Average Loss: 0.0000
2024-09-26 18:42:35,738 - INFO - Epoch [3110/5000], Average Loss: 0.0000
2024-09-26 18:42:37,065 - INFO - Epoch [3120/5000], Average Loss: 0.0000
2024-09-26 18:42:38,399 - INFO - Epoch [3130/5000], Average Loss: 0.0000
2024-09-26 18:42:39,731 - INFO - Epoch [3140/5000], Average Loss: 0.0000
2024-09-26 18:42:41,065 - INFO - Epoch [3150/5000], Average Loss: 0.0000
2024-09-26 18:42:42,340 - INFO - Epoch [3160/5000], Average Loss: 0.0000
2024-09-26 18:42:43,554 - INFO - Epoch [3170/5000], Average Loss: 0.0000
2024-09-26 18:42:44,765 - INFO - Epoch [3180/5000], Average Loss: 0.0000
2024-09-26 18:42:46,002 - INFO - Epoch [3190/5000], Average Loss: 0.0000
2024-09-26 18:42:47,315 - INFO - Epoch [3200/5000], Average Loss: 0.0000
2024-09-26 18:42:48,614 - INFO - Epoch [3210/5000], Average Loss: 0.0000
2024-09-26 18:42:49,927 - INFO - Epoch [3220/5000], Average Loss: 0.0000
2024-09-26 18:42:51,201 - INFO - Epoch [3230/5000], Average Loss: 0.0000
2024-09-26 18:42:52,447 - INFO - Epoch [3240/5000], Average Loss: 0.0000
2024-09-26 18:42:53,783 - INFO - Epoch [3250/5000], Average Loss: 0.0000
2024-09-26 18:42:55,053 - INFO - Epoch [3260/5000], Average Loss: 0.0000
2024-09-26 18:42:56,390 - INFO - Epoch [3270/5000], Average Loss: 0.0000
2024-09-26 18:42:57,723 - INFO - Epoch [3280/5000], Average Loss: 0.0000
2024-09-26 18:42:59,059 - INFO - Epoch [3290/5000], Average Loss: 0.0000
2024-09-26 18:43:00,337 - INFO - Epoch [3300/5000], Average Loss: 0.0000
2024-09-26 18:43:01,587 - INFO - Epoch [3310/5000], Average Loss: 0.0000
2024-09-26 18:43:02,799 - INFO - Epoch [3320/5000], Average Loss: 0.0000
2024-09-26 18:43:04,070 - INFO - Epoch [3330/5000], Average Loss: 0.0000
2024-09-26 18:43:05,285 - INFO - Epoch [3340/5000], Average Loss: 0.0000
2024-09-26 18:43:06,501 - INFO - Epoch [3350/5000], Average Loss: 0.0000
2024-09-26 18:43:07,712 - INFO - Epoch [3360/5000], Average Loss: 0.0000
2024-09-26 18:43:08,924 - INFO - Epoch [3370/5000], Average Loss: 0.0000
2024-09-26 18:43:10,138 - INFO - Epoch [3380/5000], Average Loss: 0.0000
2024-09-26 18:43:11,348 - INFO - Epoch [3390/5000], Average Loss: 0.0000
2024-09-26 18:43:12,545 - INFO - Epoch [3400/5000], Average Loss: 0.0000
2024-09-26 18:43:13,758 - INFO - Epoch [3410/5000], Average Loss: 0.0000
2024-09-26 18:43:14,994 - INFO - Epoch [3420/5000], Average Loss: 0.0000
2024-09-26 18:43:16,325 - INFO - Epoch [3430/5000], Average Loss: 0.0000
2024-09-26 18:43:17,547 - INFO - Epoch [3440/5000], Average Loss: 0.0000
2024-09-26 18:43:18,761 - INFO - Epoch [3450/5000], Average Loss: 0.0000
2024-09-26 18:43:19,981 - INFO - Epoch [3460/5000], Average Loss: 0.0000
2024-09-26 18:43:21,193 - INFO - Epoch [3470/5000], Average Loss: 0.0000
2024-09-26 18:43:22,409 - INFO - Epoch [3480/5000], Average Loss: 0.0000
2024-09-26 18:43:23,649 - INFO - Epoch [3490/5000], Average Loss: 0.0000
2024-09-26 18:43:24,827 - INFO - Epoch [3500/5000], Average Loss: 0.0000
2024-09-26 18:43:26,123 - INFO - Epoch [3510/5000], Average Loss: 0.0000
2024-09-26 18:43:27,335 - INFO - Epoch [3520/5000], Average Loss: 0.0000
2024-09-26 18:43:28,547 - INFO - Epoch [3530/5000], Average Loss: 0.0000
2024-09-26 18:43:29,796 - INFO - Epoch [3540/5000], Average Loss: 0.0000
2024-09-26 18:43:31,084 - INFO - Epoch [3550/5000], Average Loss: 0.0000
2024-09-26 18:43:32,405 - INFO - Epoch [3560/5000], Average Loss: 0.0000
2024-09-26 18:43:33,649 - INFO - Epoch [3570/5000], Average Loss: 0.0000
2024-09-26 18:43:34,971 - INFO - Epoch [3580/5000], Average Loss: 0.0000
2024-09-26 18:43:36,293 - INFO - Epoch [3590/5000], Average Loss: 0.0000
2024-09-26 18:43:37,515 - INFO - Epoch [3600/5000], Average Loss: 0.0000
2024-09-26 18:43:38,731 - INFO - Epoch [3610/5000], Average Loss: 0.0000
2024-09-26 18:43:39,946 - INFO - Epoch [3620/5000], Average Loss: 0.0199
2024-09-26 18:43:41,160 - INFO - Epoch [3630/5000], Average Loss: 0.0000
2024-09-26 18:43:42,377 - INFO - Epoch [3640/5000], Average Loss: 0.0000
2024-09-26 18:43:43,589 - INFO - Epoch [3650/5000], Average Loss: 0.0000
2024-09-26 18:43:44,887 - INFO - Epoch [3660/5000], Average Loss: 0.0000
2024-09-26 18:43:46,105 - INFO - Epoch [3670/5000], Average Loss: 0.0000
2024-09-26 18:43:47,397 - INFO - Epoch [3680/5000], Average Loss: 0.0000
2024-09-26 18:43:48,732 - INFO - Epoch [3690/5000], Average Loss: 0.0000
2024-09-26 18:43:50,061 - INFO - Epoch [3700/5000], Average Loss: 0.0000
2024-09-26 18:43:51,389 - INFO - Epoch [3710/5000], Average Loss: 0.0000
2024-09-26 18:43:52,718 - INFO - Epoch [3720/5000], Average Loss: 0.0000
2024-09-26 18:43:54,040 - INFO - Epoch [3730/5000], Average Loss: 0.0000
2024-09-26 18:43:55,371 - INFO - Epoch [3740/5000], Average Loss: 0.0000
2024-09-26 18:43:56,664 - INFO - Epoch [3750/5000], Average Loss: 0.0000
2024-09-26 18:43:57,878 - INFO - Epoch [3760/5000], Average Loss: 0.0000
2024-09-26 18:43:59,063 - INFO - Epoch [3770/5000], Average Loss: 0.0000
2024-09-26 18:44:00,396 - INFO - Epoch [3780/5000], Average Loss: 0.0000
2024-09-26 18:44:01,730 - INFO - Epoch [3790/5000], Average Loss: 0.0000
2024-09-26 18:44:03,059 - INFO - Epoch [3800/5000], Average Loss: 0.0000
2024-09-26 18:44:04,389 - INFO - Epoch [3810/5000], Average Loss: 0.0000
2024-09-26 18:44:05,722 - INFO - Epoch [3820/5000], Average Loss: 0.0000
2024-09-26 18:44:07,057 - INFO - Epoch [3830/5000], Average Loss: 0.0000
2024-09-26 18:44:08,391 - INFO - Epoch [3840/5000], Average Loss: 0.0000
2024-09-26 18:44:09,731 - INFO - Epoch [3850/5000], Average Loss: 0.0000
2024-09-26 18:44:11,049 - INFO - Epoch [3860/5000], Average Loss: 0.0000
2024-09-26 18:44:12,350 - INFO - Epoch [3870/5000], Average Loss: 0.0000
2024-09-26 18:44:13,664 - INFO - Epoch [3880/5000], Average Loss: 0.0000
2024-09-26 18:44:14,996 - INFO - Epoch [3890/5000], Average Loss: 0.0000
2024-09-26 18:44:16,209 - INFO - Epoch [3900/5000], Average Loss: 0.0000
2024-09-26 18:44:17,428 - INFO - Epoch [3910/5000], Average Loss: 0.0000
2024-09-26 18:44:18,635 - INFO - Epoch [3920/5000], Average Loss: 0.0000
2024-09-26 18:44:19,845 - INFO - Epoch [3930/5000], Average Loss: 0.0000
2024-09-26 18:44:21,120 - INFO - Epoch [3940/5000], Average Loss: 0.0000
2024-09-26 18:44:22,389 - INFO - Epoch [3950/5000], Average Loss: 0.0000
2024-09-26 18:44:23,602 - INFO - Epoch [3960/5000], Average Loss: 0.0000
2024-09-26 18:44:24,813 - INFO - Epoch [3970/5000], Average Loss: 0.0000
2024-09-26 18:44:25,926 - INFO - Epoch [3980/5000], Average Loss: 0.0000
2024-09-26 18:44:27,169 - INFO - Epoch [3990/5000], Average Loss: 0.0000
2024-09-26 18:44:28,394 - INFO - Epoch [4000/5000], Average Loss: 0.0000
2024-09-26 18:44:29,727 - INFO - Epoch [4010/5000], Average Loss: 0.0000
2024-09-26 18:44:31,066 - INFO - Epoch [4020/5000], Average Loss: 0.0000
2024-09-26 18:44:32,402 - INFO - Epoch [4030/5000], Average Loss: 0.0000
2024-09-26 18:44:33,743 - INFO - Epoch [4040/5000], Average Loss: 0.0000
2024-09-26 18:44:35,081 - INFO - Epoch [4050/5000], Average Loss: 0.0000
2024-09-26 18:44:36,414 - INFO - Epoch [4060/5000], Average Loss: 0.0000
2024-09-26 18:44:37,752 - INFO - Epoch [4070/5000], Average Loss: 0.0000
2024-09-26 18:44:39,045 - INFO - Epoch [4080/5000], Average Loss: 0.0000
2024-09-26 18:44:40,254 - INFO - Epoch [4090/5000], Average Loss: 0.0000
2024-09-26 18:44:41,581 - INFO - Epoch [4100/5000], Average Loss: 0.0000
2024-09-26 18:44:42,916 - INFO - Epoch [4110/5000], Average Loss: 0.0000
2024-09-26 18:44:44,222 - INFO - Epoch [4120/5000], Average Loss: 0.0000
2024-09-26 18:44:45,490 - INFO - Epoch [4130/5000], Average Loss: 0.0000
2024-09-26 18:44:46,765 - INFO - Epoch [4140/5000], Average Loss: 0.0000
2024-09-26 18:44:48,013 - INFO - Epoch [4150/5000], Average Loss: 0.0000
2024-09-26 18:44:49,235 - INFO - Epoch [4160/5000], Average Loss: 0.0000
2024-09-26 18:44:50,455 - INFO - Epoch [4170/5000], Average Loss: 0.0000
2024-09-26 18:44:51,604 - INFO - Epoch [4180/5000], Average Loss: 0.0000
2024-09-26 18:44:52,757 - INFO - Epoch [4190/5000], Average Loss: 0.0000
2024-09-26 18:44:53,902 - INFO - Epoch [4200/5000], Average Loss: 0.0000
2024-09-26 18:44:55,068 - INFO - Epoch [4210/5000], Average Loss: 0.0000
2024-09-26 18:44:56,304 - INFO - Epoch [4220/5000], Average Loss: 0.0000
2024-09-26 18:44:57,643 - INFO - Epoch [4230/5000], Average Loss: 0.0000
2024-09-26 18:44:58,976 - INFO - Epoch [4240/5000], Average Loss: 0.0000
2024-09-26 18:45:00,315 - INFO - Epoch [4250/5000], Average Loss: 0.0000
2024-09-26 18:45:01,653 - INFO - Epoch [4260/5000], Average Loss: 0.0000
2024-09-26 18:45:02,988 - INFO - Epoch [4270/5000], Average Loss: 0.0000
2024-09-26 18:45:04,323 - INFO - Epoch [4280/5000], Average Loss: 0.0000
2024-09-26 18:45:05,658 - INFO - Epoch [4290/5000], Average Loss: 0.0000
2024-09-26 18:45:06,990 - INFO - Epoch [4300/5000], Average Loss: 0.0000
2024-09-26 18:45:08,304 - INFO - Epoch [4310/5000], Average Loss: 0.0000
2024-09-26 18:45:09,521 - INFO - Epoch [4320/5000], Average Loss: 0.0000
2024-09-26 18:45:10,736 - INFO - Epoch [4330/5000], Average Loss: 0.0000
2024-09-26 18:45:12,047 - INFO - Epoch [4340/5000], Average Loss: 0.1760
2024-09-26 18:45:13,327 - INFO - Epoch [4350/5000], Average Loss: 0.0000
2024-09-26 18:45:14,629 - INFO - Epoch [4360/5000], Average Loss: 0.0000
2024-09-26 18:45:15,961 - INFO - Epoch [4370/5000], Average Loss: 0.0000
2024-09-26 18:45:17,294 - INFO - Epoch [4380/5000], Average Loss: 0.0000
2024-09-26 18:45:18,628 - INFO - Epoch [4390/5000], Average Loss: 0.0000
2024-09-26 18:45:19,964 - INFO - Epoch [4400/5000], Average Loss: 0.0000
2024-09-26 18:45:21,291 - INFO - Epoch [4410/5000], Average Loss: 0.0000
2024-09-26 18:45:22,622 - INFO - Epoch [4420/5000], Average Loss: 0.0000
2024-09-26 18:45:23,954 - INFO - Epoch [4430/5000], Average Loss: 0.0000
2024-09-26 18:45:25,287 - INFO - Epoch [4440/5000], Average Loss: 0.0000
2024-09-26 18:45:26,544 - INFO - Epoch [4450/5000], Average Loss: 0.0000
2024-09-26 18:45:27,755 - INFO - Epoch [4460/5000], Average Loss: 0.0000
2024-09-26 18:45:28,972 - INFO - Epoch [4470/5000], Average Loss: 0.0000
2024-09-26 18:45:30,191 - INFO - Epoch [4480/5000], Average Loss: 0.0000
2024-09-26 18:45:31,404 - INFO - Epoch [4490/5000], Average Loss: 0.0000
2024-09-26 18:45:32,638 - INFO - Epoch [4500/5000], Average Loss: 0.0000
2024-09-26 18:45:33,953 - INFO - Epoch [4510/5000], Average Loss: 0.0000
2024-09-26 18:45:35,211 - INFO - Epoch [4520/5000], Average Loss: 0.0000
2024-09-26 18:45:36,544 - INFO - Epoch [4530/5000], Average Loss: 0.0000
2024-09-26 18:45:37,880 - INFO - Epoch [4540/5000], Average Loss: 0.0000
2024-09-26 18:45:39,173 - INFO - Epoch [4550/5000], Average Loss: 0.0000
2024-09-26 18:45:40,433 - INFO - Epoch [4560/5000], Average Loss: 0.0000
2024-09-26 18:45:41,665 - INFO - Epoch [4570/5000], Average Loss: 0.0000
2024-09-26 18:45:42,984 - INFO - Epoch [4580/5000], Average Loss: 0.0000
2024-09-26 18:45:44,310 - INFO - Epoch [4590/5000], Average Loss: 0.0000
2024-09-26 18:45:45,638 - INFO - Epoch [4600/5000], Average Loss: 0.0000
2024-09-26 18:45:46,973 - INFO - Epoch [4610/5000], Average Loss: 0.0000
2024-09-26 18:45:48,304 - INFO - Epoch [4620/5000], Average Loss: 0.0000
2024-09-26 18:45:49,637 - INFO - Epoch [4630/5000], Average Loss: 0.0000
2024-09-26 18:45:50,879 - INFO - Epoch [4640/5000], Average Loss: 0.0000
2024-09-26 18:45:52,205 - INFO - Epoch [4650/5000], Average Loss: 0.0000
2024-09-26 18:45:53,532 - INFO - Epoch [4660/5000], Average Loss: 0.0000
2024-09-26 18:45:54,816 - INFO - Epoch [4670/5000], Average Loss: 0.0000
2024-09-26 18:45:56,153 - INFO - Epoch [4680/5000], Average Loss: 0.0000
2024-09-26 18:45:57,489 - INFO - Epoch [4690/5000], Average Loss: 0.0000
2024-09-26 18:45:58,819 - INFO - Epoch [4700/5000], Average Loss: 0.0000
2024-09-26 18:46:00,153 - INFO - Epoch [4710/5000], Average Loss: 0.0000
2024-09-26 18:46:01,486 - INFO - Epoch [4720/5000], Average Loss: 0.0000
2024-09-26 18:46:02,804 - INFO - Epoch [4730/5000], Average Loss: 0.0000
2024-09-26 18:46:04,095 - INFO - Epoch [4740/5000], Average Loss: 0.0000
2024-09-26 18:46:05,327 - INFO - Epoch [4750/5000], Average Loss: 0.0000
2024-09-26 18:46:06,556 - INFO - Epoch [4760/5000], Average Loss: 0.0000
2024-09-26 18:46:07,801 - INFO - Epoch [4770/5000], Average Loss: 0.0000
2024-09-26 18:46:09,125 - INFO - Epoch [4780/5000], Average Loss: 0.0000
2024-09-26 18:46:10,456 - INFO - Epoch [4790/5000], Average Loss: 0.0000
2024-09-26 18:46:11,797 - INFO - Epoch [4800/5000], Average Loss: 0.0000
2024-09-26 18:46:13,061 - INFO - Epoch [4810/5000], Average Loss: 0.0000
2024-09-26 18:46:14,298 - INFO - Epoch [4820/5000], Average Loss: 0.0000
2024-09-26 18:46:15,632 - INFO - Epoch [4830/5000], Average Loss: 0.0000
2024-09-26 18:46:16,924 - INFO - Epoch [4840/5000], Average Loss: 0.0000
2024-09-26 18:46:18,167 - INFO - Epoch [4850/5000], Average Loss: 0.0000
2024-09-26 18:46:19,498 - INFO - Epoch [4860/5000], Average Loss: 0.0000
2024-09-26 18:46:20,827 - INFO - Epoch [4870/5000], Average Loss: 0.0000
2024-09-26 18:46:22,150 - INFO - Epoch [4880/5000], Average Loss: 0.0000
2024-09-26 18:46:23,480 - INFO - Epoch [4890/5000], Average Loss: 0.0000
2024-09-26 18:46:24,809 - INFO - Epoch [4900/5000], Average Loss: 0.0000
2024-09-26 18:46:26,144 - INFO - Epoch [4910/5000], Average Loss: 0.0000
2024-09-26 18:46:27,475 - INFO - Epoch [4920/5000], Average Loss: 0.0000
2024-09-26 18:46:28,813 - INFO - Epoch [4930/5000], Average Loss: 0.0000
2024-09-26 18:46:30,148 - INFO - Epoch [4940/5000], Average Loss: 0.0000
2024-09-26 18:46:31,483 - INFO - Epoch [4950/5000], Average Loss: 0.0000
2024-09-26 18:46:32,816 - INFO - Epoch [4960/5000], Average Loss: 0.0000
2024-09-26 18:46:34,153 - INFO - Epoch [4970/5000], Average Loss: 0.0000
2024-09-26 18:46:35,488 - INFO - Epoch [4980/5000], Average Loss: 0.0000
2024-09-26 18:46:36,823 - INFO - Epoch [4990/5000], Average Loss: 0.0000
2024-09-26 18:46:38,160 - INFO - Epoch [5000/5000], Average Loss: 0.0000
2024-09-26 18:46:38,162 - INFO - Evaluating MLP on original bulk data:
2024-09-26 18:46:38,172 - INFO - Confusion Matrix:
2024-09-26 18:46:38,173 - INFO - 
[[  0   2   0   0   0]
 [  1  41  53  15   0]
 [  0  34 103  13   0]
 [  0   8  17   4   0]
 [  0   0   3   0   0]]
2024-09-26 18:46:38,173 - INFO - 
Classification Report:
2024-09-26 18:46:38,173 - INFO - 
              precision    recall  f1-score   support

           0       0.00      0.00      0.00         2
           1       0.48      0.37      0.42       110
           2       0.59      0.69      0.63       150
           3       0.12      0.14      0.13        29
           4       0.00      0.00      0.00         3

    accuracy                           0.50       294
   macro avg       0.24      0.24      0.24       294
weighted avg       0.49      0.50      0.49       294

2024-09-26 18:46:38,173 - INFO - Stage 8: Training and evaluating MLP on Barlow Twins embeddings...
2024-09-26 18:46:39,453 - INFO - Epoch [10/5000], Average Loss: 0.9775
2024-09-26 18:46:40,738 - INFO - Epoch [20/5000], Average Loss: 0.9097
2024-09-26 18:46:42,025 - INFO - Epoch [30/5000], Average Loss: 0.8925
2024-09-26 18:46:43,214 - INFO - Epoch [40/5000], Average Loss: 0.8830
2024-09-26 18:46:44,408 - INFO - Epoch [50/5000], Average Loss: 0.8760
2024-09-26 18:46:45,663 - INFO - Epoch [60/5000], Average Loss: 0.8702
2024-09-26 18:46:46,835 - INFO - Epoch [70/5000], Average Loss: 0.8654
2024-09-26 18:46:48,133 - INFO - Epoch [80/5000], Average Loss: 0.8612
2024-09-26 18:46:49,429 - INFO - Epoch [90/5000], Average Loss: 0.8575
2024-09-26 18:46:50,686 - INFO - Epoch [100/5000], Average Loss: 0.8542
2024-09-26 18:46:51,850 - INFO - Epoch [110/5000], Average Loss: 0.8512
2024-09-26 18:46:53,011 - INFO - Epoch [120/5000], Average Loss: 0.8486
2024-09-26 18:46:54,174 - INFO - Epoch [130/5000], Average Loss: 0.8460
2024-09-26 18:46:55,335 - INFO - Epoch [140/5000], Average Loss: 0.8437
2024-09-26 18:46:56,499 - INFO - Epoch [150/5000], Average Loss: 0.8416
2024-09-26 18:46:57,795 - INFO - Epoch [160/5000], Average Loss: 0.8396
2024-09-26 18:46:59,051 - INFO - Epoch [170/5000], Average Loss: 0.8376
2024-09-26 18:47:00,298 - INFO - Epoch [180/5000], Average Loss: 0.8357
2024-09-26 18:47:01,505 - INFO - Epoch [190/5000], Average Loss: 0.8339
2024-09-26 18:47:02,796 - INFO - Epoch [200/5000], Average Loss: 0.8321
2024-09-26 18:47:04,097 - INFO - Epoch [210/5000], Average Loss: 0.8304
2024-09-26 18:47:05,391 - INFO - Epoch [220/5000], Average Loss: 0.8288
2024-09-26 18:47:06,687 - INFO - Epoch [230/5000], Average Loss: 0.8271
2024-09-26 18:47:07,983 - INFO - Epoch [240/5000], Average Loss: 0.8255
2024-09-26 18:47:09,278 - INFO - Epoch [250/5000], Average Loss: 0.8240
2024-09-26 18:47:10,527 - INFO - Epoch [260/5000], Average Loss: 0.8225
2024-09-26 18:47:11,720 - INFO - Epoch [270/5000], Average Loss: 0.8210
2024-09-26 18:47:12,897 - INFO - Epoch [280/5000], Average Loss: 0.8197
2024-09-26 18:47:14,191 - INFO - Epoch [290/5000], Average Loss: 0.8183
2024-09-26 18:47:15,465 - INFO - Epoch [300/5000], Average Loss: 0.8171
2024-09-26 18:47:16,733 - INFO - Epoch [310/5000], Average Loss: 0.8158
2024-09-26 18:47:18,016 - INFO - Epoch [320/5000], Average Loss: 0.8146
2024-09-26 18:47:19,195 - INFO - Epoch [330/5000], Average Loss: 0.8134
2024-09-26 18:47:20,439 - INFO - Epoch [340/5000], Average Loss: 0.8122
2024-09-26 18:47:21,692 - INFO - Epoch [350/5000], Average Loss: 0.8112
2024-09-26 18:47:22,988 - INFO - Epoch [360/5000], Average Loss: 0.8101
2024-09-26 18:47:24,235 - INFO - Epoch [370/5000], Average Loss: 0.8090
2024-09-26 18:47:25,394 - INFO - Epoch [380/5000], Average Loss: 0.8081
2024-09-26 18:47:26,601 - INFO - Epoch [390/5000], Average Loss: 0.8071
2024-09-26 18:47:27,897 - INFO - Epoch [400/5000], Average Loss: 0.8062
2024-09-26 18:47:29,072 - INFO - Epoch [410/5000], Average Loss: 0.8054
2024-09-26 18:47:30,235 - INFO - Epoch [420/5000], Average Loss: 0.8045
2024-09-26 18:47:31,398 - INFO - Epoch [430/5000], Average Loss: 0.8036
2024-09-26 18:47:32,560 - INFO - Epoch [440/5000], Average Loss: 0.8028
2024-09-26 18:47:33,762 - INFO - Epoch [450/5000], Average Loss: 0.8020
2024-09-26 18:47:35,003 - INFO - Epoch [460/5000], Average Loss: 0.8012
2024-09-26 18:47:36,297 - INFO - Epoch [470/5000], Average Loss: 0.8005
2024-09-26 18:47:37,561 - INFO - Epoch [480/5000], Average Loss: 0.7997
2024-09-26 18:47:38,851 - INFO - Epoch [490/5000], Average Loss: 0.7991
2024-09-26 18:47:40,148 - INFO - Epoch [500/5000], Average Loss: 0.7984
2024-09-26 18:47:41,449 - INFO - Epoch [510/5000], Average Loss: 0.7978
2024-09-26 18:47:42,726 - INFO - Epoch [520/5000], Average Loss: 0.7971
2024-09-26 18:47:43,963 - INFO - Epoch [530/5000], Average Loss: 0.7964
2024-09-26 18:47:45,153 - INFO - Epoch [540/5000], Average Loss: 0.7959
2024-09-26 18:47:46,416 - INFO - Epoch [550/5000], Average Loss: 0.7952
2024-09-26 18:47:47,629 - INFO - Epoch [560/5000], Average Loss: 0.7946
2024-09-26 18:47:48,858 - INFO - Epoch [570/5000], Average Loss: 0.7941
2024-09-26 18:47:50,065 - INFO - Epoch [580/5000], Average Loss: 0.7935
2024-09-26 18:47:51,319 - INFO - Epoch [590/5000], Average Loss: 0.7930
2024-09-26 18:47:52,446 - INFO - Epoch [600/5000], Average Loss: 0.7925
2024-09-26 18:47:53,613 - INFO - Epoch [610/5000], Average Loss: 0.7919
2024-09-26 18:47:54,852 - INFO - Epoch [620/5000], Average Loss: 0.7914
2024-09-26 18:47:56,023 - INFO - Epoch [630/5000], Average Loss: 0.7910
2024-09-26 18:47:57,197 - INFO - Epoch [640/5000], Average Loss: 0.7905
2024-09-26 18:47:58,367 - INFO - Epoch [650/5000], Average Loss: 0.7900
2024-09-26 18:47:59,540 - INFO - Epoch [660/5000], Average Loss: 0.7896
2024-09-26 18:48:00,759 - INFO - Epoch [670/5000], Average Loss: 0.7891
2024-09-26 18:48:01,927 - INFO - Epoch [680/5000], Average Loss: 0.7886
2024-09-26 18:48:03,113 - INFO - Epoch [690/5000], Average Loss: 0.7882
2024-09-26 18:48:04,320 - INFO - Epoch [700/5000], Average Loss: 0.7878
2024-09-26 18:48:05,612 - INFO - Epoch [710/5000], Average Loss: 0.7874
2024-09-26 18:48:06,902 - INFO - Epoch [720/5000], Average Loss: 0.7869
2024-09-26 18:48:08,202 - INFO - Epoch [730/5000], Average Loss: 0.7865
2024-09-26 18:48:09,494 - INFO - Epoch [740/5000], Average Loss: 0.7861
2024-09-26 18:48:10,785 - INFO - Epoch [750/5000], Average Loss: 0.7858
2024-09-26 18:48:12,076 - INFO - Epoch [760/5000], Average Loss: 0.7853
2024-09-26 18:48:13,296 - INFO - Epoch [770/5000], Average Loss: 0.7849
2024-09-26 18:48:14,590 - INFO - Epoch [780/5000], Average Loss: 0.7845
2024-09-26 18:48:15,879 - INFO - Epoch [790/5000], Average Loss: 0.7842
2024-09-26 18:48:17,130 - INFO - Epoch [800/5000], Average Loss: 0.7838
2024-09-26 18:48:18,297 - INFO - Epoch [810/5000], Average Loss: 0.7834
2024-09-26 18:48:19,463 - INFO - Epoch [820/5000], Average Loss: 0.7830
2024-09-26 18:48:20,631 - INFO - Epoch [830/5000], Average Loss: 0.7826
2024-09-26 18:48:21,796 - INFO - Epoch [840/5000], Average Loss: 0.7823
2024-09-26 18:48:22,970 - INFO - Epoch [850/5000], Average Loss: 0.7819
2024-09-26 18:48:24,135 - INFO - Epoch [860/5000], Average Loss: 0.7815
2024-09-26 18:48:25,303 - INFO - Epoch [870/5000], Average Loss: 0.7812
2024-09-26 18:48:26,468 - INFO - Epoch [880/5000], Average Loss: 0.7809
2024-09-26 18:48:27,633 - INFO - Epoch [890/5000], Average Loss: 0.7806
2024-09-26 18:48:28,800 - INFO - Epoch [900/5000], Average Loss: 0.7802
2024-09-26 18:48:29,903 - INFO - Epoch [910/5000], Average Loss: 0.7798
2024-09-26 18:48:31,046 - INFO - Epoch [920/5000], Average Loss: 0.7795
2024-09-26 18:48:32,340 - INFO - Epoch [930/5000], Average Loss: 0.7792
2024-09-26 18:48:33,546 - INFO - Epoch [940/5000], Average Loss: 0.7788
2024-09-26 18:48:34,718 - INFO - Epoch [950/5000], Average Loss: 0.7786
2024-09-26 18:48:35,892 - INFO - Epoch [960/5000], Average Loss: 0.7782
2024-09-26 18:48:37,094 - INFO - Epoch [970/5000], Average Loss: 0.7779
2024-09-26 18:48:38,325 - INFO - Epoch [980/5000], Average Loss: 0.7776
2024-09-26 18:48:39,427 - INFO - Epoch [990/5000], Average Loss: 0.7772
2024-09-26 18:48:40,525 - INFO - Epoch [1000/5000], Average Loss: 0.7768
2024-09-26 18:48:41,630 - INFO - Epoch [1010/5000], Average Loss: 0.7766
2024-09-26 18:48:42,855 - INFO - Epoch [1020/5000], Average Loss: 0.7762
2024-09-26 18:48:44,150 - INFO - Epoch [1030/5000], Average Loss: 0.7759
2024-09-26 18:48:45,377 - INFO - Epoch [1040/5000], Average Loss: 0.7755
2024-09-26 18:48:46,586 - INFO - Epoch [1050/5000], Average Loss: 0.7753
2024-09-26 18:48:47,752 - INFO - Epoch [1060/5000], Average Loss: 0.7750
2024-09-26 18:48:48,918 - INFO - Epoch [1070/5000], Average Loss: 0.7746
2024-09-26 18:48:50,083 - INFO - Epoch [1080/5000], Average Loss: 0.7744
2024-09-26 18:48:51,304 - INFO - Epoch [1090/5000], Average Loss: 0.7741
2024-09-26 18:48:52,601 - INFO - Epoch [1100/5000], Average Loss: 0.7738
2024-09-26 18:48:53,863 - INFO - Epoch [1110/5000], Average Loss: 0.7734
2024-09-26 18:48:55,127 - INFO - Epoch [1120/5000], Average Loss: 0.7731
2024-09-26 18:48:56,415 - INFO - Epoch [1130/5000], Average Loss: 0.7729
2024-09-26 18:48:57,696 - INFO - Epoch [1140/5000], Average Loss: 0.7725
2024-09-26 18:48:58,868 - INFO - Epoch [1150/5000], Average Loss: 0.7722
2024-09-26 18:49:00,098 - INFO - Epoch [1160/5000], Average Loss: 0.7720
2024-09-26 18:49:01,392 - INFO - Epoch [1170/5000], Average Loss: 0.7717
2024-09-26 18:49:02,583 - INFO - Epoch [1180/5000], Average Loss: 0.7713
2024-09-26 18:49:03,768 - INFO - Epoch [1190/5000], Average Loss: 0.7710
2024-09-26 18:49:04,988 - INFO - Epoch [1200/5000], Average Loss: 0.7708
2024-09-26 18:49:06,282 - INFO - Epoch [1210/5000], Average Loss: 0.7705
2024-09-26 18:49:07,505 - INFO - Epoch [1220/5000], Average Loss: 0.7702
2024-09-26 18:49:08,743 - INFO - Epoch [1230/5000], Average Loss: 0.7699
2024-09-26 18:49:09,941 - INFO - Epoch [1240/5000], Average Loss: 0.7696
2024-09-26 18:49:11,111 - INFO - Epoch [1250/5000], Average Loss: 0.7694
2024-09-26 18:49:12,272 - INFO - Epoch [1260/5000], Average Loss: 0.7690
2024-09-26 18:49:13,429 - INFO - Epoch [1270/5000], Average Loss: 0.7689
2024-09-26 18:49:14,596 - INFO - Epoch [1280/5000], Average Loss: 0.7685
2024-09-26 18:49:15,761 - INFO - Epoch [1290/5000], Average Loss: 0.7683
2024-09-26 18:49:16,927 - INFO - Epoch [1300/5000], Average Loss: 0.7681
2024-09-26 18:49:18,150 - INFO - Epoch [1310/5000], Average Loss: 0.7677
2024-09-26 18:49:19,443 - INFO - Epoch [1320/5000], Average Loss: 0.7675
2024-09-26 18:49:20,636 - INFO - Epoch [1330/5000], Average Loss: 0.7672
2024-09-26 18:49:21,733 - INFO - Epoch [1340/5000], Average Loss: 0.7670
2024-09-26 18:49:22,829 - INFO - Epoch [1350/5000], Average Loss: 0.7667
2024-09-26 18:49:23,924 - INFO - Epoch [1360/5000], Average Loss: 0.7663
2024-09-26 18:49:25,022 - INFO - Epoch [1370/5000], Average Loss: 0.7662
2024-09-26 18:49:26,117 - INFO - Epoch [1380/5000], Average Loss: 0.7657
2024-09-26 18:49:27,212 - INFO - Epoch [1390/5000], Average Loss: 0.7654
2024-09-26 18:49:28,307 - INFO - Epoch [1400/5000], Average Loss: 0.7652
2024-09-26 18:49:29,402 - INFO - Epoch [1410/5000], Average Loss: 0.7649
2024-09-26 18:49:30,500 - INFO - Epoch [1420/5000], Average Loss: 0.7645
2024-09-26 18:49:31,595 - INFO - Epoch [1430/5000], Average Loss: 0.7644
2024-09-26 18:49:32,691 - INFO - Epoch [1440/5000], Average Loss: 0.7641
2024-09-26 18:49:33,792 - INFO - Epoch [1450/5000], Average Loss: 0.7638
2024-09-26 18:49:34,895 - INFO - Epoch [1460/5000], Average Loss: 0.7636
2024-09-26 18:49:35,996 - INFO - Epoch [1470/5000], Average Loss: 0.7631
2024-09-26 18:49:37,097 - INFO - Epoch [1480/5000], Average Loss: 0.7629
2024-09-26 18:49:38,197 - INFO - Epoch [1490/5000], Average Loss: 0.7626
2024-09-26 18:49:39,298 - INFO - Epoch [1500/5000], Average Loss: 0.7624
2024-09-26 18:49:40,515 - INFO - Epoch [1510/5000], Average Loss: 0.7620
2024-09-26 18:49:41,689 - INFO - Epoch [1520/5000], Average Loss: 0.7618
2024-09-26 18:49:42,859 - INFO - Epoch [1530/5000], Average Loss: 0.7615
2024-09-26 18:49:44,027 - INFO - Epoch [1540/5000], Average Loss: 0.7612
2024-09-26 18:49:45,160 - INFO - Epoch [1550/5000], Average Loss: 0.7610
2024-09-26 18:49:46,355 - INFO - Epoch [1560/5000], Average Loss: 0.7607
2024-09-26 18:49:47,528 - INFO - Epoch [1570/5000], Average Loss: 0.7605
2024-09-26 18:49:48,700 - INFO - Epoch [1580/5000], Average Loss: 0.7602
2024-09-26 18:49:49,871 - INFO - Epoch [1590/5000], Average Loss: 0.7600
2024-09-26 18:49:51,043 - INFO - Epoch [1600/5000], Average Loss: 0.7596
2024-09-26 18:49:52,221 - INFO - Epoch [1610/5000], Average Loss: 0.7595
2024-09-26 18:49:53,393 - INFO - Epoch [1620/5000], Average Loss: 0.7592
2024-09-26 18:49:54,567 - INFO - Epoch [1630/5000], Average Loss: 0.7589
2024-09-26 18:49:55,735 - INFO - Epoch [1640/5000], Average Loss: 0.7587
2024-09-26 18:49:56,909 - INFO - Epoch [1650/5000], Average Loss: 0.7583
2024-09-26 18:49:58,082 - INFO - Epoch [1660/5000], Average Loss: 0.7580
2024-09-26 18:49:59,256 - INFO - Epoch [1670/5000], Average Loss: 0.7578
2024-09-26 18:50:00,426 - INFO - Epoch [1680/5000], Average Loss: 0.7577
2024-09-26 18:50:01,687 - INFO - Epoch [1690/5000], Average Loss: 0.7573
2024-09-26 18:50:02,984 - INFO - Epoch [1700/5000], Average Loss: 0.7570
2024-09-26 18:50:04,250 - INFO - Epoch [1710/5000], Average Loss: 0.7568
2024-09-26 18:50:05,543 - INFO - Epoch [1720/5000], Average Loss: 0.7565
2024-09-26 18:50:06,831 - INFO - Epoch [1730/5000], Average Loss: 0.7563
2024-09-26 18:50:08,117 - INFO - Epoch [1740/5000], Average Loss: 0.7561
2024-09-26 18:50:09,410 - INFO - Epoch [1750/5000], Average Loss: 0.7558
2024-09-26 18:50:10,703 - INFO - Epoch [1760/5000], Average Loss: 0.7555
2024-09-26 18:50:11,934 - INFO - Epoch [1770/5000], Average Loss: 0.7553
2024-09-26 18:50:13,111 - INFO - Epoch [1780/5000], Average Loss: 0.7549
2024-09-26 18:50:14,340 - INFO - Epoch [1790/5000], Average Loss: 0.7547
2024-09-26 18:50:15,462 - INFO - Epoch [1800/5000], Average Loss: 0.7544
2024-09-26 18:50:16,565 - INFO - Epoch [1810/5000], Average Loss: 0.7541
2024-09-26 18:50:17,716 - INFO - Epoch [1820/5000], Average Loss: 0.7538
2024-09-26 18:50:18,890 - INFO - Epoch [1830/5000], Average Loss: 0.7538
2024-09-26 18:50:20,063 - INFO - Epoch [1840/5000], Average Loss: 0.7534
2024-09-26 18:50:21,351 - INFO - Epoch [1850/5000], Average Loss: 0.7532
2024-09-26 18:50:22,585 - INFO - Epoch [1860/5000], Average Loss: 0.7530
2024-09-26 18:50:23,793 - INFO - Epoch [1870/5000], Average Loss: 0.7526
2024-09-26 18:50:25,091 - INFO - Epoch [1880/5000], Average Loss: 0.7525
2024-09-26 18:50:26,389 - INFO - Epoch [1890/5000], Average Loss: 0.7522
2024-09-26 18:50:27,611 - INFO - Epoch [1900/5000], Average Loss: 0.7518
2024-09-26 18:50:28,906 - INFO - Epoch [1910/5000], Average Loss: 0.7517
2024-09-26 18:50:30,160 - INFO - Epoch [1920/5000], Average Loss: 0.7511
2024-09-26 18:50:31,322 - INFO - Epoch [1930/5000], Average Loss: 0.7510
2024-09-26 18:50:32,483 - INFO - Epoch [1940/5000], Average Loss: 0.7508
2024-09-26 18:50:33,724 - INFO - Epoch [1950/5000], Average Loss: 0.7507
2024-09-26 18:50:34,938 - INFO - Epoch [1960/5000], Average Loss: 0.7505
2024-09-26 18:50:36,103 - INFO - Epoch [1970/5000], Average Loss: 0.7501
2024-09-26 18:50:37,272 - INFO - Epoch [1980/5000], Average Loss: 0.7498
2024-09-26 18:50:38,513 - INFO - Epoch [1990/5000], Average Loss: 0.7494
2024-09-26 18:50:39,672 - INFO - Epoch [2000/5000], Average Loss: 0.7492
2024-09-26 18:50:40,834 - INFO - Epoch [2010/5000], Average Loss: 0.7491
2024-09-26 18:50:41,997 - INFO - Epoch [2020/5000], Average Loss: 0.7488
2024-09-26 18:50:43,229 - INFO - Epoch [2030/5000], Average Loss: 0.7485
2024-09-26 18:50:44,521 - INFO - Epoch [2040/5000], Average Loss: 0.7482
2024-09-26 18:50:45,815 - INFO - Epoch [2050/5000], Average Loss: 0.7479
2024-09-26 18:50:47,065 - INFO - Epoch [2060/5000], Average Loss: 0.7477
2024-09-26 18:50:48,238 - INFO - Epoch [2070/5000], Average Loss: 0.7475
2024-09-26 18:50:49,408 - INFO - Epoch [2080/5000], Average Loss: 0.7473
2024-09-26 18:50:50,576 - INFO - Epoch [2090/5000], Average Loss: 0.7471
2024-09-26 18:50:51,740 - INFO - Epoch [2100/5000], Average Loss: 0.7467
2024-09-26 18:50:52,911 - INFO - Epoch [2110/5000], Average Loss: 0.7466
2024-09-26 18:50:54,133 - INFO - Epoch [2120/5000], Average Loss: 0.7461
2024-09-26 18:50:55,308 - INFO - Epoch [2130/5000], Average Loss: 0.7458
2024-09-26 18:50:56,484 - INFO - Epoch [2140/5000], Average Loss: 0.7457
2024-09-26 18:50:57,651 - INFO - Epoch [2150/5000], Average Loss: 0.7454
2024-09-26 18:50:58,819 - INFO - Epoch [2160/5000], Average Loss: 0.7452
2024-09-26 18:50:59,984 - INFO - Epoch [2170/5000], Average Loss: 0.7450
2024-09-26 18:51:01,151 - INFO - Epoch [2180/5000], Average Loss: 0.7446
2024-09-26 18:51:02,319 - INFO - Epoch [2190/5000], Average Loss: 0.7447
2024-09-26 18:51:03,498 - INFO - Epoch [2200/5000], Average Loss: 0.7442
2024-09-26 18:51:04,666 - INFO - Epoch [2210/5000], Average Loss: 0.7439
2024-09-26 18:51:05,834 - INFO - Epoch [2220/5000], Average Loss: 0.7437
2024-09-26 18:51:07,087 - INFO - Epoch [2230/5000], Average Loss: 0.7434
2024-09-26 18:51:08,254 - INFO - Epoch [2240/5000], Average Loss: 0.7432
2024-09-26 18:51:09,376 - INFO - Epoch [2250/5000], Average Loss: 0.7429
2024-09-26 18:51:10,474 - INFO - Epoch [2260/5000], Average Loss: 0.7428
2024-09-26 18:51:11,571 - INFO - Epoch [2270/5000], Average Loss: 0.7425
2024-09-26 18:51:12,650 - INFO - Epoch [2280/5000], Average Loss: 0.7425
2024-09-26 18:51:13,745 - INFO - Epoch [2290/5000], Average Loss: 0.7420
2024-09-26 18:51:14,841 - INFO - Epoch [2300/5000], Average Loss: 0.7415
2024-09-26 18:51:15,936 - INFO - Epoch [2310/5000], Average Loss: 0.7413
2024-09-26 18:51:17,033 - INFO - Epoch [2320/5000], Average Loss: 0.7410
2024-09-26 18:51:18,127 - INFO - Epoch [2330/5000], Average Loss: 0.7410
2024-09-26 18:51:19,225 - INFO - Epoch [2340/5000], Average Loss: 0.7407
2024-09-26 18:51:20,320 - INFO - Epoch [2350/5000], Average Loss: 0.7406
2024-09-26 18:51:21,413 - INFO - Epoch [2360/5000], Average Loss: 0.7402
2024-09-26 18:51:22,510 - INFO - Epoch [2370/5000], Average Loss: 0.7399
2024-09-26 18:51:23,604 - INFO - Epoch [2380/5000], Average Loss: 0.7398
2024-09-26 18:51:24,699 - INFO - Epoch [2390/5000], Average Loss: 0.7394
2024-09-26 18:51:25,857 - INFO - Epoch [2400/5000], Average Loss: 0.7395
2024-09-26 18:51:27,034 - INFO - Epoch [2410/5000], Average Loss: 0.7390
2024-09-26 18:51:28,207 - INFO - Epoch [2420/5000], Average Loss: 0.7388
2024-09-26 18:51:29,442 - INFO - Epoch [2430/5000], Average Loss: 0.7384
2024-09-26 18:51:30,737 - INFO - Epoch [2440/5000], Average Loss: 0.7383
2024-09-26 18:51:32,020 - INFO - Epoch [2450/5000], Average Loss: 0.7379
2024-09-26 18:51:33,210 - INFO - Epoch [2460/5000], Average Loss: 0.7378
2024-09-26 18:51:34,507 - INFO - Epoch [2470/5000], Average Loss: 0.7376
2024-09-26 18:51:35,794 - INFO - Epoch [2480/5000], Average Loss: 0.7373
2024-09-26 18:51:37,082 - INFO - Epoch [2490/5000], Average Loss: 0.7370
2024-09-26 18:51:38,255 - INFO - Epoch [2500/5000], Average Loss: 0.7369
2024-09-26 18:51:39,416 - INFO - Epoch [2510/5000], Average Loss: 0.7366
2024-09-26 18:51:40,575 - INFO - Epoch [2520/5000], Average Loss: 0.7363
2024-09-26 18:51:41,735 - INFO - Epoch [2530/5000], Average Loss: 0.7360
2024-09-26 18:51:42,969 - INFO - Epoch [2540/5000], Average Loss: 0.7358
2024-09-26 18:51:44,256 - INFO - Epoch [2550/5000], Average Loss: 0.7357
2024-09-26 18:51:45,519 - INFO - Epoch [2560/5000], Average Loss: 0.7354
2024-09-26 18:51:46,808 - INFO - Epoch [2570/5000], Average Loss: 0.7353
2024-09-26 18:51:48,077 - INFO - Epoch [2580/5000], Average Loss: 0.7349
2024-09-26 18:51:49,363 - INFO - Epoch [2590/5000], Average Loss: 0.7348
2024-09-26 18:51:50,564 - INFO - Epoch [2600/5000], Average Loss: 0.7344
2024-09-26 18:51:51,736 - INFO - Epoch [2610/5000], Average Loss: 0.7341
2024-09-26 18:51:52,920 - INFO - Epoch [2620/5000], Average Loss: 0.7338
2024-09-26 18:51:54,161 - INFO - Epoch [2630/5000], Average Loss: 0.7336
2024-09-26 18:51:55,372 - INFO - Epoch [2640/5000], Average Loss: 0.7334
2024-09-26 18:51:56,545 - INFO - Epoch [2650/5000], Average Loss: 0.7333
2024-09-26 18:51:57,821 - INFO - Epoch [2660/5000], Average Loss: 0.7329
2024-09-26 18:51:59,087 - INFO - Epoch [2670/5000], Average Loss: 0.7329
2024-09-26 18:52:00,380 - INFO - Epoch [2680/5000], Average Loss: 0.7327
2024-09-26 18:52:01,676 - INFO - Epoch [2690/5000], Average Loss: 0.7322
2024-09-26 18:52:02,969 - INFO - Epoch [2700/5000], Average Loss: 0.7320
2024-09-26 18:52:04,186 - INFO - Epoch [2710/5000], Average Loss: 0.7319
2024-09-26 18:52:05,483 - INFO - Epoch [2720/5000], Average Loss: 0.7318
2024-09-26 18:52:06,779 - INFO - Epoch [2730/5000], Average Loss: 0.7316
2024-09-26 18:52:08,078 - INFO - Epoch [2740/5000], Average Loss: 0.7311
2024-09-26 18:52:09,267 - INFO - Epoch [2750/5000], Average Loss: 0.7309
2024-09-26 18:52:10,556 - INFO - Epoch [2760/5000], Average Loss: 0.7306
2024-09-26 18:52:11,848 - INFO - Epoch [2770/5000], Average Loss: 0.7303
2024-09-26 18:52:13,012 - INFO - Epoch [2780/5000], Average Loss: 0.7302
2024-09-26 18:52:14,288 - INFO - Epoch [2790/5000], Average Loss: 0.7298
2024-09-26 18:52:15,585 - INFO - Epoch [2800/5000], Average Loss: 0.7296
2024-09-26 18:52:16,877 - INFO - Epoch [2810/5000], Average Loss: 0.7296
2024-09-26 18:52:18,172 - INFO - Epoch [2820/5000], Average Loss: 0.7295
2024-09-26 18:52:19,468 - INFO - Epoch [2830/5000], Average Loss: 0.7291
2024-09-26 18:52:20,766 - INFO - Epoch [2840/5000], Average Loss: 0.7291
2024-09-26 18:52:22,037 - INFO - Epoch [2850/5000], Average Loss: 0.7287
2024-09-26 18:52:23,318 - INFO - Epoch [2860/5000], Average Loss: 0.7284
2024-09-26 18:52:24,615 - INFO - Epoch [2870/5000], Average Loss: 0.7283
2024-09-26 18:52:25,907 - INFO - Epoch [2880/5000], Average Loss: 0.7280
2024-09-26 18:52:27,159 - INFO - Epoch [2890/5000], Average Loss: 0.7278
2024-09-26 18:52:28,458 - INFO - Epoch [2900/5000], Average Loss: 0.7275
2024-09-26 18:52:29,752 - INFO - Epoch [2910/5000], Average Loss: 0.7273
2024-09-26 18:52:31,046 - INFO - Epoch [2920/5000], Average Loss: 0.7270
2024-09-26 18:52:32,337 - INFO - Epoch [2930/5000], Average Loss: 0.7268
2024-09-26 18:52:33,522 - INFO - Epoch [2940/5000], Average Loss: 0.7265
2024-09-26 18:52:34,741 - INFO - Epoch [2950/5000], Average Loss: 0.7263
2024-09-26 18:52:35,906 - INFO - Epoch [2960/5000], Average Loss: 0.7259
2024-09-26 18:52:37,073 - INFO - Epoch [2970/5000], Average Loss: 0.7258
2024-09-26 18:52:38,337 - INFO - Epoch [2980/5000], Average Loss: 0.7256
2024-09-26 18:52:39,505 - INFO - Epoch [2990/5000], Average Loss: 0.7256
2024-09-26 18:52:40,606 - INFO - Epoch [3000/5000], Average Loss: 0.7251
2024-09-26 18:52:41,707 - INFO - Epoch [3010/5000], Average Loss: 0.7248
2024-09-26 18:52:42,853 - INFO - Epoch [3020/5000], Average Loss: 0.7245
2024-09-26 18:52:43,957 - INFO - Epoch [3030/5000], Average Loss: 0.7244
2024-09-26 18:52:45,125 - INFO - Epoch [3040/5000], Average Loss: 0.7241
2024-09-26 18:52:46,419 - INFO - Epoch [3050/5000], Average Loss: 0.7241
2024-09-26 18:52:47,714 - INFO - Epoch [3060/5000], Average Loss: 0.7237
2024-09-26 18:52:49,007 - INFO - Epoch [3070/5000], Average Loss: 0.7234
2024-09-26 18:52:50,175 - INFO - Epoch [3080/5000], Average Loss: 0.7233
2024-09-26 18:52:51,393 - INFO - Epoch [3090/5000], Average Loss: 0.7232
2024-09-26 18:52:52,665 - INFO - Epoch [3100/5000], Average Loss: 0.7230
2024-09-26 18:52:53,954 - INFO - Epoch [3110/5000], Average Loss: 0.7228
2024-09-26 18:52:55,226 - INFO - Epoch [3120/5000], Average Loss: 0.7226
2024-09-26 18:52:56,522 - INFO - Epoch [3130/5000], Average Loss: 0.7221
2024-09-26 18:52:57,819 - INFO - Epoch [3140/5000], Average Loss: 0.7219
2024-09-26 18:52:59,074 - INFO - Epoch [3150/5000], Average Loss: 0.7216
2024-09-26 18:53:00,361 - INFO - Epoch [3160/5000], Average Loss: 0.7216
2024-09-26 18:53:01,658 - INFO - Epoch [3170/5000], Average Loss: 0.7215
2024-09-26 18:53:02,851 - INFO - Epoch [3180/5000], Average Loss: 0.7212
2024-09-26 18:53:04,020 - INFO - Epoch [3190/5000], Average Loss: 0.7209
2024-09-26 18:53:05,191 - INFO - Epoch [3200/5000], Average Loss: 0.7205
2024-09-26 18:53:06,365 - INFO - Epoch [3210/5000], Average Loss: 0.7203
2024-09-26 18:53:07,568 - INFO - Epoch [3220/5000], Average Loss: 0.7204
2024-09-26 18:53:08,830 - INFO - Epoch [3230/5000], Average Loss: 0.7199
2024-09-26 18:53:10,037 - INFO - Epoch [3240/5000], Average Loss: 0.7199
2024-09-26 18:53:11,328 - INFO - Epoch [3250/5000], Average Loss: 0.7197
2024-09-26 18:53:12,482 - INFO - Epoch [3260/5000], Average Loss: 0.7193
2024-09-26 18:53:13,586 - INFO - Epoch [3270/5000], Average Loss: 0.7190
2024-09-26 18:53:14,765 - INFO - Epoch [3280/5000], Average Loss: 0.7190
2024-09-26 18:53:16,046 - INFO - Epoch [3290/5000], Average Loss: 0.7184
2024-09-26 18:53:17,338 - INFO - Epoch [3300/5000], Average Loss: 0.7186
2024-09-26 18:53:18,580 - INFO - Epoch [3310/5000], Average Loss: 0.7182
2024-09-26 18:53:19,755 - INFO - Epoch [3320/5000], Average Loss: 0.7181
2024-09-26 18:53:20,968 - INFO - Epoch [3330/5000], Average Loss: 0.7175
2024-09-26 18:53:22,213 - INFO - Epoch [3340/5000], Average Loss: 0.7177
2024-09-26 18:53:23,506 - INFO - Epoch [3350/5000], Average Loss: 0.7171
2024-09-26 18:53:24,804 - INFO - Epoch [3360/5000], Average Loss: 0.7172
2024-09-26 18:53:26,042 - INFO - Epoch [3370/5000], Average Loss: 0.7168
2024-09-26 18:53:27,307 - INFO - Epoch [3380/5000], Average Loss: 0.7168
2024-09-26 18:53:28,482 - INFO - Epoch [3390/5000], Average Loss: 0.7165
2024-09-26 18:53:29,669 - INFO - Epoch [3400/5000], Average Loss: 0.7163
2024-09-26 18:53:30,865 - INFO - Epoch [3410/5000], Average Loss: 0.7161
2024-09-26 18:53:32,157 - INFO - Epoch [3420/5000], Average Loss: 0.7159
2024-09-26 18:53:33,415 - INFO - Epoch [3430/5000], Average Loss: 0.7156
2024-09-26 18:53:34,709 - INFO - Epoch [3440/5000], Average Loss: 0.7154
2024-09-26 18:53:36,003 - INFO - Epoch [3450/5000], Average Loss: 0.7149
2024-09-26 18:53:37,296 - INFO - Epoch [3460/5000], Average Loss: 0.7149
2024-09-26 18:53:38,592 - INFO - Epoch [3470/5000], Average Loss: 0.7147
2024-09-26 18:53:39,886 - INFO - Epoch [3480/5000], Average Loss: 0.7145
2024-09-26 18:53:41,186 - INFO - Epoch [3490/5000], Average Loss: 0.7143
2024-09-26 18:53:42,476 - INFO - Epoch [3500/5000], Average Loss: 0.7140
2024-09-26 18:53:43,771 - INFO - Epoch [3510/5000], Average Loss: 0.7138
2024-09-26 18:53:45,068 - INFO - Epoch [3520/5000], Average Loss: 0.7139
2024-09-26 18:53:46,330 - INFO - Epoch [3530/5000], Average Loss: 0.7135
2024-09-26 18:53:47,609 - INFO - Epoch [3540/5000], Average Loss: 0.7132
2024-09-26 18:53:48,904 - INFO - Epoch [3550/5000], Average Loss: 0.7130
2024-09-26 18:53:50,168 - INFO - Epoch [3560/5000], Average Loss: 0.7130
2024-09-26 18:53:51,429 - INFO - Epoch [3570/5000], Average Loss: 0.7126
2024-09-26 18:53:52,721 - INFO - Epoch [3580/5000], Average Loss: 0.7123
2024-09-26 18:53:53,994 - INFO - Epoch [3590/5000], Average Loss: 0.7123
2024-09-26 18:53:55,283 - INFO - Epoch [3600/5000], Average Loss: 0.7121
2024-09-26 18:53:56,578 - INFO - Epoch [3610/5000], Average Loss: 0.7115
2024-09-26 18:53:57,861 - INFO - Epoch [3620/5000], Average Loss: 0.7114
2024-09-26 18:53:59,115 - INFO - Epoch [3630/5000], Average Loss: 0.7115
2024-09-26 18:54:00,409 - INFO - Epoch [3640/5000], Average Loss: 0.7112
2024-09-26 18:54:01,587 - INFO - Epoch [3650/5000], Average Loss: 0.7108
2024-09-26 18:54:02,666 - INFO - Epoch [3660/5000], Average Loss: 0.7107
2024-09-26 18:54:03,923 - INFO - Epoch [3670/5000], Average Loss: 0.7106
2024-09-26 18:54:05,191 - INFO - Epoch [3680/5000], Average Loss: 0.7103
2024-09-26 18:54:06,450 - INFO - Epoch [3690/5000], Average Loss: 0.7099
2024-09-26 18:54:07,664 - INFO - Epoch [3700/5000], Average Loss: 0.7102
2024-09-26 18:54:08,862 - INFO - Epoch [3710/5000], Average Loss: 0.7097
2024-09-26 18:54:10,150 - INFO - Epoch [3720/5000], Average Loss: 0.7095
2024-09-26 18:54:11,433 - INFO - Epoch [3730/5000], Average Loss: 0.7092
2024-09-26 18:54:12,583 - INFO - Epoch [3740/5000], Average Loss: 0.7090
2024-09-26 18:54:13,870 - INFO - Epoch [3750/5000], Average Loss: 0.7086
2024-09-26 18:54:15,164 - INFO - Epoch [3760/5000], Average Loss: 0.7085
2024-09-26 18:54:16,455 - INFO - Epoch [3770/5000], Average Loss: 0.7084
2024-09-26 18:54:17,730 - INFO - Epoch [3780/5000], Average Loss: 0.7081
2024-09-26 18:54:19,021 - INFO - Epoch [3790/5000], Average Loss: 0.7079
2024-09-26 18:54:20,306 - INFO - Epoch [3800/5000], Average Loss: 0.7077
2024-09-26 18:54:21,539 - INFO - Epoch [3810/5000], Average Loss: 0.7078
2024-09-26 18:54:22,745 - INFO - Epoch [3820/5000], Average Loss: 0.7073
2024-09-26 18:54:23,989 - INFO - Epoch [3830/5000], Average Loss: 0.7070
2024-09-26 18:54:25,166 - INFO - Epoch [3840/5000], Average Loss: 0.7068
2024-09-26 18:54:26,321 - INFO - Epoch [3850/5000], Average Loss: 0.7065
2024-09-26 18:54:27,486 - INFO - Epoch [3860/5000], Average Loss: 0.7065
2024-09-26 18:54:28,654 - INFO - Epoch [3870/5000], Average Loss: 0.7063
2024-09-26 18:54:29,820 - INFO - Epoch [3880/5000], Average Loss: 0.7063
2024-09-26 18:54:30,992 - INFO - Epoch [3890/5000], Average Loss: 0.7061
2024-09-26 18:54:32,204 - INFO - Epoch [3900/5000], Average Loss: 0.7058
2024-09-26 18:54:33,414 - INFO - Epoch [3910/5000], Average Loss: 0.7054
2024-09-26 18:54:34,704 - INFO - Epoch [3920/5000], Average Loss: 0.7052
2024-09-26 18:54:35,996 - INFO - Epoch [3930/5000], Average Loss: 0.7048
2024-09-26 18:54:37,294 - INFO - Epoch [3940/5000], Average Loss: 0.7046
2024-09-26 18:54:38,480 - INFO - Epoch [3950/5000], Average Loss: 0.7046
2024-09-26 18:54:39,653 - INFO - Epoch [3960/5000], Average Loss: 0.7044
2024-09-26 18:54:40,845 - INFO - Epoch [3970/5000], Average Loss: 0.7042
2024-09-26 18:54:42,127 - INFO - Epoch [3980/5000], Average Loss: 0.7039
2024-09-26 18:54:43,395 - INFO - Epoch [3990/5000], Average Loss: 0.7037
2024-09-26 18:54:44,683 - INFO - Epoch [4000/5000], Average Loss: 0.7039
2024-09-26 18:54:45,946 - INFO - Epoch [4010/5000], Average Loss: 0.7040
2024-09-26 18:54:47,235 - INFO - Epoch [4020/5000], Average Loss: 0.7035
2024-09-26 18:54:48,432 - INFO - Epoch [4030/5000], Average Loss: 0.7030
2024-09-26 18:54:49,697 - INFO - Epoch [4040/5000], Average Loss: 0.7028
2024-09-26 18:54:50,871 - INFO - Epoch [4050/5000], Average Loss: 0.7029
2024-09-26 18:54:52,043 - INFO - Epoch [4060/5000], Average Loss: 0.7029
2024-09-26 18:54:53,217 - INFO - Epoch [4070/5000], Average Loss: 0.7023
2024-09-26 18:54:54,338 - INFO - Epoch [4080/5000], Average Loss: 0.7024
2024-09-26 18:54:55,566 - INFO - Epoch [4090/5000], Average Loss: 0.7019
2024-09-26 18:54:56,863 - INFO - Epoch [4100/5000], Average Loss: 0.7016
2024-09-26 18:54:58,157 - INFO - Epoch [4110/5000], Average Loss: 0.7018
2024-09-26 18:54:59,454 - INFO - Epoch [4120/5000], Average Loss: 0.7012
2024-09-26 18:55:00,700 - INFO - Epoch [4130/5000], Average Loss: 0.7013
2024-09-26 18:55:01,885 - INFO - Epoch [4140/5000], Average Loss: 0.7010
2024-09-26 18:55:03,058 - INFO - Epoch [4150/5000], Average Loss: 0.7006
2024-09-26 18:55:04,235 - INFO - Epoch [4160/5000], Average Loss: 0.7005
2024-09-26 18:55:05,492 - INFO - Epoch [4170/5000], Average Loss: 0.7004
2024-09-26 18:55:06,665 - INFO - Epoch [4180/5000], Average Loss: 0.7001
2024-09-26 18:55:07,837 - INFO - Epoch [4190/5000], Average Loss: 0.7000
2024-09-26 18:55:09,027 - INFO - Epoch [4200/5000], Average Loss: 0.6998
2024-09-26 18:55:10,227 - INFO - Epoch [4210/5000], Average Loss: 0.6994
2024-09-26 18:55:11,525 - INFO - Epoch [4220/5000], Average Loss: 0.6994
2024-09-26 18:55:12,693 - INFO - Epoch [4230/5000], Average Loss: 0.6992
2024-09-26 18:55:13,988 - INFO - Epoch [4240/5000], Average Loss: 0.6991
2024-09-26 18:55:15,284 - INFO - Epoch [4250/5000], Average Loss: 0.6986
2024-09-26 18:55:16,578 - INFO - Epoch [4260/5000], Average Loss: 0.6985
2024-09-26 18:55:17,869 - INFO - Epoch [4270/5000], Average Loss: 0.6983
2024-09-26 18:55:19,043 - INFO - Epoch [4280/5000], Average Loss: 0.6983
2024-09-26 18:55:20,216 - INFO - Epoch [4290/5000], Average Loss: 0.6980
2024-09-26 18:55:21,417 - INFO - Epoch [4300/5000], Average Loss: 0.6977
2024-09-26 18:55:22,515 - INFO - Epoch [4310/5000], Average Loss: 0.6975
2024-09-26 18:55:23,747 - INFO - Epoch [4320/5000], Average Loss: 0.6972
2024-09-26 18:55:25,043 - INFO - Epoch [4330/5000], Average Loss: 0.6971
2024-09-26 18:55:26,338 - INFO - Epoch [4340/5000], Average Loss: 0.6971
2024-09-26 18:55:27,623 - INFO - Epoch [4350/5000], Average Loss: 0.6967
2024-09-26 18:55:28,918 - INFO - Epoch [4360/5000], Average Loss: 0.6964
2024-09-26 18:55:30,198 - INFO - Epoch [4370/5000], Average Loss: 0.6964
2024-09-26 18:55:31,378 - INFO - Epoch [4380/5000], Average Loss: 0.6960
2024-09-26 18:55:32,557 - INFO - Epoch [4390/5000], Average Loss: 0.6960
2024-09-26 18:55:33,744 - INFO - Epoch [4400/5000], Average Loss: 0.6957
2024-09-26 18:55:34,897 - INFO - Epoch [4410/5000], Average Loss: 0.6958
2024-09-26 18:55:35,985 - INFO - Epoch [4420/5000], Average Loss: 0.6956
2024-09-26 18:55:37,019 - INFO - Epoch [4430/5000], Average Loss: 0.6954
2024-09-26 18:55:38,293 - INFO - Epoch [4440/5000], Average Loss: 0.6953
2024-09-26 18:55:39,589 - INFO - Epoch [4450/5000], Average Loss: 0.6949
2024-09-26 18:55:40,822 - INFO - Epoch [4460/5000], Average Loss: 0.6951
2024-09-26 18:55:41,994 - INFO - Epoch [4470/5000], Average Loss: 0.6948
2024-09-26 18:55:43,232 - INFO - Epoch [4480/5000], Average Loss: 0.6948
2024-09-26 18:55:44,398 - INFO - Epoch [4490/5000], Average Loss: 0.6943
2024-09-26 18:55:45,614 - INFO - Epoch [4500/5000], Average Loss: 0.6943
2024-09-26 18:55:46,826 - INFO - Epoch [4510/5000], Average Loss: 0.6939
2024-09-26 18:55:47,993 - INFO - Epoch [4520/5000], Average Loss: 0.6941
2024-09-26 18:55:49,156 - INFO - Epoch [4530/5000], Average Loss: 0.6934
2024-09-26 18:55:50,339 - INFO - Epoch [4540/5000], Average Loss: 0.6936
2024-09-26 18:55:51,507 - INFO - Epoch [4550/5000], Average Loss: 0.6936
2024-09-26 18:55:52,674 - INFO - Epoch [4560/5000], Average Loss: 0.6931
2024-09-26 18:55:53,875 - INFO - Epoch [4570/5000], Average Loss: 0.6929
2024-09-26 18:55:55,046 - INFO - Epoch [4580/5000], Average Loss: 0.6927
2024-09-26 18:55:56,220 - INFO - Epoch [4590/5000], Average Loss: 0.6924
2024-09-26 18:55:57,388 - INFO - Epoch [4600/5000], Average Loss: 0.6926
2024-09-26 18:55:58,559 - INFO - Epoch [4610/5000], Average Loss: 0.6922
2024-09-26 18:55:59,853 - INFO - Epoch [4620/5000], Average Loss: 0.6919
2024-09-26 18:56:01,088 - INFO - Epoch [4630/5000], Average Loss: 0.6917
2024-09-26 18:56:02,352 - INFO - Epoch [4640/5000], Average Loss: 0.6917
2024-09-26 18:56:03,522 - INFO - Epoch [4650/5000], Average Loss: 0.6915
2024-09-26 18:56:04,695 - INFO - Epoch [4660/5000], Average Loss: 0.6914
2024-09-26 18:56:05,881 - INFO - Epoch [4670/5000], Average Loss: 0.6915
2024-09-26 18:56:06,993 - INFO - Epoch [4680/5000], Average Loss: 0.6910
2024-09-26 18:56:08,158 - INFO - Epoch [4690/5000], Average Loss: 0.6906
2024-09-26 18:56:09,325 - INFO - Epoch [4700/5000], Average Loss: 0.6906
2024-09-26 18:56:10,489 - INFO - Epoch [4710/5000], Average Loss: 0.6906
2024-09-26 18:56:11,658 - INFO - Epoch [4720/5000], Average Loss: 0.6905
2024-09-26 18:56:12,808 - INFO - Epoch [4730/5000], Average Loss: 0.6902
2024-09-26 18:56:14,009 - INFO - Epoch [4740/5000], Average Loss: 0.6896
2024-09-26 18:56:15,208 - INFO - Epoch [4750/5000], Average Loss: 0.6898
2024-09-26 18:56:16,410 - INFO - Epoch [4760/5000], Average Loss: 0.6896
2024-09-26 18:56:17,706 - INFO - Epoch [4770/5000], Average Loss: 0.6895
2024-09-26 18:56:18,955 - INFO - Epoch [4780/5000], Average Loss: 0.6893
2024-09-26 18:56:20,117 - INFO - Epoch [4790/5000], Average Loss: 0.6888
2024-09-26 18:56:21,310 - INFO - Epoch [4800/5000], Average Loss: 0.6888
2024-09-26 18:56:22,578 - INFO - Epoch [4810/5000], Average Loss: 0.6887
2024-09-26 18:56:23,740 - INFO - Epoch [4820/5000], Average Loss: 0.6887
2024-09-26 18:56:24,969 - INFO - Epoch [4830/5000], Average Loss: 0.6884
2024-09-26 18:56:26,140 - INFO - Epoch [4840/5000], Average Loss: 0.6883
2024-09-26 18:56:27,305 - INFO - Epoch [4850/5000], Average Loss: 0.6882
2024-09-26 18:56:28,469 - INFO - Epoch [4860/5000], Average Loss: 0.6876
2024-09-26 18:56:29,697 - INFO - Epoch [4870/5000], Average Loss: 0.6880
2024-09-26 18:56:30,989 - INFO - Epoch [4880/5000], Average Loss: 0.6874
2024-09-26 18:56:32,266 - INFO - Epoch [4890/5000], Average Loss: 0.6873
2024-09-26 18:56:33,520 - INFO - Epoch [4900/5000], Average Loss: 0.6874
2024-09-26 18:56:34,810 - INFO - Epoch [4910/5000], Average Loss: 0.6871
2024-09-26 18:56:36,109 - INFO - Epoch [4920/5000], Average Loss: 0.6868
2024-09-26 18:56:37,386 - INFO - Epoch [4930/5000], Average Loss: 0.6867
2024-09-26 18:56:38,581 - INFO - Epoch [4940/5000], Average Loss: 0.6867
2024-09-26 18:56:39,780 - INFO - Epoch [4950/5000], Average Loss: 0.6864
2024-09-26 18:56:40,957 - INFO - Epoch [4960/5000], Average Loss: 0.6865
2024-09-26 18:56:42,137 - INFO - Epoch [4970/5000], Average Loss: 0.6862
2024-09-26 18:56:43,333 - INFO - Epoch [4980/5000], Average Loss: 0.6859
2024-09-26 18:56:44,624 - INFO - Epoch [4990/5000], Average Loss: 0.6856
2024-09-26 18:56:45,845 - INFO - Epoch [5000/5000], Average Loss: 0.6856
2024-09-26 18:56:45,846 - INFO - Evaluating MLP on Barlow Twins embeddings:
2024-09-26 18:56:45,855 - INFO - Confusion Matrix:
2024-09-26 18:56:45,856 - INFO - 
[[  0   1   1   0   0]
 [  0  38  71   0   1]
 [  0  27 120   3   0]
 [  0   7  21   1   0]
 [  0   1   2   0   0]]
2024-09-26 18:56:45,856 - INFO - 
Classification Report:
2024-09-26 18:56:45,856 - INFO - 
              precision    recall  f1-score   support

           0       0.00      0.00      0.00         2
           1       0.51      0.35      0.41       110
           2       0.56      0.80      0.66       150
           3       0.25      0.03      0.06        29
           4       0.00      0.00      0.00         3

    accuracy                           0.54       294
   macro avg       0.26      0.24      0.23       294
weighted avg       0.50      0.54      0.50       294

2024-09-26 18:56:45,856 - INFO - All stages completed.
